#
# There is insufficient memory for the Java Runtime Environment to continue.
# Native memory allocation (malloc) failed to allocate 1506576 bytes. Error detail: Chunk::new
# Possible reasons:
#   The system is out of physical RAM or swap space
#   This process is running with CompressedOops enabled, and the Java Heap may be blocking the growth of the native heap
# Possible solutions:
#   Reduce memory load on the system
#   Increase physical memory or swap space
#   Check if swap backing store is full
#   Decrease Java heap size (-Xmx/-Xms)
#   Decrease number of Java threads
#   Decrease Java thread stack sizes (-Xss)
#   Set larger code cache with -XX:ReservedCodeCacheSize=
#   JVM is running with Unscaled Compressed Oops mode in which the Java heap is
#     placed in the first 4GB address space. The Java Heap base address is the
#     maximum limit for the native heap growth. Please use -XX:HeapBaseMinAddress
#     to set the Java Heap base and to place the Java Heap above 4GB virtual address.
# This output file may be truncated or incomplete.
#
#  Out of Memory Error (arena.cpp:168), pid=9368, tid=7552
#
# JRE version: OpenJDK Runtime Environment Microsoft-11369940 (21.0.7+6) (build 21.0.7+6-LTS)
# Java VM: OpenJDK 64-Bit Server VM Microsoft-11369940 (21.0.7+6-LTS, mixed mode, sharing, tiered, compressed oops, compressed class ptrs, g1 gc, windows-amd64)
# No core dump will be written. Minidumps are not enabled by default on client versions of Windows
#

---------------  S U M M A R Y ------------

Command Line: --add-opens=java.base/java.lang=ALL-UNNAMED --add-opens=java.base/java.lang.invoke=ALL-UNNAMED --add-opens=java.base/java.util=ALL-UNNAMED --add-opens=java.prefs/java.util.prefs=ALL-UNNAMED --add-exports=jdk.compiler/com.sun.tools.javac.api=ALL-UNNAMED --add-exports=jdk.compiler/com.sun.tools.javac.util=ALL-UNNAMED --add-opens=java.base/java.util=ALL-UNNAMED --add-opens=java.prefs/java.util.prefs=ALL-UNNAMED --add-opens=java.base/java.nio.charset=ALL-UNNAMED --add-opens=java.base/java.net=ALL-UNNAMED --add-opens=java.base/java.util.concurrent.atomic=ALL-UNNAMED --add-opens=java.xml/javax.xml.namespace=ALL-UNNAMED -Xmx2048m -Dfile.encoding=UTF-8 -Duser.country=US -Duser.language=en -Duser.variant -javaagent:D:\.jdks\corretto-21.0.4\wrapper\dists\gradle-8.13-bin\5xuhj0ry160q40clulazy9h7d\gradle-8.13\lib\agents\gradle-instrumentation-agent-8.13.jar org.gradle.launcher.daemon.bootstrap.GradleDaemon 8.13

Host: Intel(R) Core(TM) i7-8650U CPU @ 1.90GHz, 8 cores, 15G,  Windows 10 , 64 bit Build 19041 (10.0.19041.4597)
Time: Sun Aug 10 19:46:43 2025 SE Asia Standard Time elapsed time: 18.901333 seconds (0d 0h 0m 18s)

---------------  T H R E A D  ---------------

Current thread (0x0000024d643f6520):  JavaThread "C2 CompilerThread1" daemon [_thread_in_native, id=7552, stack(0x000000b987900000,0x000000b987a00000) (1024K)]


Current CompileTask:
C2:18901 13165       4       org.gradle.internal.operations.DefaultBuildOperationRunner::execute (23 bytes)

Stack: [0x000000b987900000,0x000000b987a00000]
Native frames: (J=compiled Java code, j=interpreted, Vv=VM code, C=native code)
V  [jvm.dll+0x6d4bb9]
V  [jvm.dll+0x8afa11]
V  [jvm.dll+0x8b1f3e]
V  [jvm.dll+0x8b2623]
V  [jvm.dll+0x280816]
V  [jvm.dll+0xc52bd]
V  [jvm.dll+0xc57f3]
V  [jvm.dll+0x3bbd5c]
V  [jvm.dll+0x1e0435]
V  [jvm.dll+0x248573]
V  [jvm.dll+0x2479df]
V  [jvm.dll+0x1c7aaf]
V  [jvm.dll+0x257819]
V  [jvm.dll+0x255bca]
V  [jvm.dll+0x3f5af6]
V  [jvm.dll+0x85916b]
V  [jvm.dll+0x6d327d]
C  [ucrtbase.dll+0x21bb2]
C  [KERNEL32.DLL+0x17374]
C  [ntdll.dll+0x4cc91]


---------------  P R O C E S S  ---------------

Threads class SMR info:
_java_thread_list=0x0000024d6566d1b0, length=113, elements={
0x0000024d7be80d20, 0x0000024d19644b50, 0x0000024d19645c10, 0x0000024d1964b9e0,
0x0000024d1964c860, 0x0000024d1964da50, 0x0000024d1964e800, 0x0000024d19650470,
0x0000024d196620d0, 0x0000024d7f4fda60, 0x0000024d198be310, 0x0000024d60864560,
0x0000024d61733a30, 0x0000024d5fcf2d30, 0x0000024d60e517f0, 0x0000024d5fc4cbb0,
0x0000024d5fcecbf0, 0x0000024d60856d60, 0x0000024d5f319690, 0x0000024d5f31a3b0,
0x0000024d603ab900, 0x0000024d603abf90, 0x0000024d603a9830, 0x0000024d603ac620,
0x0000024d603a9ec0, 0x0000024d603ad9d0, 0x0000024d603a7df0, 0x0000024d603a7760,
0x0000024d603ae6f0, 0x0000024d603aa550, 0x0000024d603ab270, 0x0000024d5fc2d540,
0x0000024d5fc2ceb0, 0x0000024d5fc2dbd0, 0x0000024d5fc2bb00, 0x0000024d5fc2ef80,
0x0000024d5fc2fca0, 0x0000024d5fc2b470, 0x0000024d5fc2c190, 0x0000024d5fc2f610,
0x0000024d5fc293a0, 0x0000024d5fc2ade0, 0x0000024d5fc309c0, 0x0000024d5fc29a30,
0x0000024d5fc2a0c0, 0x0000024d5f319000, 0x0000024d62b9f590, 0x0000024d62b9c7a0,
0x0000024d62b9ce30, 0x0000024d62ba30a0, 0x0000024d62ba3730, 0x0000024d62b9db50,
0x0000024d62ba3dc0, 0x0000024d62b9d4c0, 0x0000024d62ba0940, 0x0000024d62ba2a10,
0x0000024d643f6520, 0x0000024d643f5780, 0x0000024d665b5240, 0x0000024d665b79a0,
0x0000024d665ba100, 0x0000024d665b8d50, 0x0000024d665bbb40, 0x0000024d665b8030,
0x0000024d665b58d0, 0x0000024d665b5f60, 0x0000024d665bae20, 0x0000024d665b93e0,
0x0000024d665bb4b0, 0x0000024d665b6c80, 0x0000024d665b86c0, 0x0000024d665b9a70,
0x0000024d665bc1d0, 0x0000024d665ba790, 0x0000024d603aabe0, 0x0000024d665bc860,
0x0000024d63b46200, 0x0000024d63b49680, 0x0000024d63b42d80, 0x0000024d63b43aa0,
0x0000024d63b475b0, 0x0000024d63b4a3a0, 0x0000024d63b43410, 0x0000024d63b447c0,
0x0000024d63b44130, 0x0000024d63b46890, 0x0000024d63b482d0, 0x0000024d63b48960,
0x0000024d63b44e50, 0x0000024d63b49d10, 0x0000024d63b454e0, 0x0000024d63b45b70,
0x0000024d63b46f20, 0x0000024d63b47c40, 0x0000024d63b48ff0, 0x0000024d6565e220,
0x0000024d6565c7e0, 0x0000024d656599f0, 0x0000024d65658cd0, 0x0000024d6565ce70,
0x0000024d6565ada0, 0x0000024d65657920, 0x0000024d6565d500, 0x0000024d6565c150,
0x0000024d6565e8b0, 0x0000024d6565b430, 0x0000024d65659360, 0x0000024d65658640,
0x0000024d65657fb0, 0x0000024d6565bac0, 0x0000024d6565db90, 0x0000024d6565a710,
0x0000024d6b728bd0
}

Java Threads: ( => current thread )
  0x0000024d7be80d20 JavaThread "main"                              [_thread_blocked, id=10404, stack(0x000000b984e00000,0x000000b984f00000) (1024K)]
  0x0000024d19644b50 JavaThread "Reference Handler"          daemon [_thread_blocked, id=9932, stack(0x000000b985600000,0x000000b985700000) (1024K)]
  0x0000024d19645c10 JavaThread "Finalizer"                  daemon [_thread_blocked, id=12460, stack(0x000000b985700000,0x000000b985800000) (1024K)]
  0x0000024d1964b9e0 JavaThread "Signal Dispatcher"          daemon [_thread_blocked, id=15368, stack(0x000000b985800000,0x000000b985900000) (1024K)]
  0x0000024d1964c860 JavaThread "Attach Listener"            daemon [_thread_blocked, id=13252, stack(0x000000b985900000,0x000000b985a00000) (1024K)]
  0x0000024d1964da50 JavaThread "Service Thread"             daemon [_thread_blocked, id=1364, stack(0x000000b985a00000,0x000000b985b00000) (1024K)]
  0x0000024d1964e800 JavaThread "Monitor Deflation Thread"   daemon [_thread_blocked, id=11924, stack(0x000000b985b00000,0x000000b985c00000) (1024K)]
  0x0000024d19650470 JavaThread "C2 CompilerThread0"         daemon [_thread_in_native, id=11904, stack(0x000000b985c00000,0x000000b985d00000) (1024K)]
  0x0000024d196620d0 JavaThread "C1 CompilerThread0"         daemon [_thread_blocked, id=6044, stack(0x000000b985d00000,0x000000b985e00000) (1024K)]
  0x0000024d7f4fda60 JavaThread "Common-Cleaner"             daemon [_thread_blocked, id=10100, stack(0x000000b985e00000,0x000000b985f00000) (1024K)]
  0x0000024d198be310 JavaThread "Notification Thread"        daemon [_thread_blocked, id=15700, stack(0x000000b985f00000,0x000000b986000000) (1024K)]
  0x0000024d60864560 JavaThread "Daemon health stats"               [_thread_blocked, id=11840, stack(0x000000b986700000,0x000000b986800000) (1024K)]
  0x0000024d61733a30 JavaThread "Incoming local TCP Connector on port 61106"        [_thread_in_native, id=13532, stack(0x000000b986a00000,0x000000b986b00000) (1024K)]
  0x0000024d5fcf2d30 JavaThread "Daemon periodic checks"            [_thread_blocked, id=7548, stack(0x000000b986b00000,0x000000b986c00000) (1024K)]
  0x0000024d60e517f0 JavaThread "Daemon"                            [_thread_blocked, id=14732, stack(0x000000b986c00000,0x000000b986d00000) (1024K)]
  0x0000024d5fc4cbb0 JavaThread "Handler for socket connection from /127.0.0.1:61106 to /127.0.0.1:61107"        [_thread_in_native, id=16164, stack(0x000000b986d00000,0x000000b986e00000) (1024K)]
  0x0000024d5fcecbf0 JavaThread "Cancel handler"                    [_thread_blocked, id=5716, stack(0x000000b986e00000,0x000000b986f00000) (1024K)]
  0x0000024d60856d60 JavaThread "Daemon worker"                     [_thread_blocked, id=14100, stack(0x000000b986f00000,0x000000b987000000) (1024K)]
  0x0000024d5f319690 JavaThread "Asynchronous log dispatcher for DefaultDaemonConnection: socket connection from /127.0.0.1:61106 to /127.0.0.1:61107"        [_thread_blocked, id=280, stack(0x000000b987000000,0x000000b987100000) (1024K)]
  0x0000024d5f31a3b0 JavaThread "Stdin handler"                     [_thread_blocked, id=6892, stack(0x000000b987100000,0x000000b987200000) (1024K)]
  0x0000024d603ab900 JavaThread "Daemon client event forwarder"        [_thread_blocked, id=8336, stack(0x000000b987200000,0x000000b987300000) (1024K)]
  0x0000024d603abf90 JavaThread "Cache worker for journal cache (D:\.jdks\corretto-21.0.4\caches\journal-1)"        [_thread_blocked, id=2604, stack(0x000000b987300000,0x000000b987400000) (1024K)]
  0x0000024d603a9830 JavaThread "File lock request listener"        [_thread_in_native, id=15436, stack(0x000000b987400000,0x000000b987500000) (1024K)]
  0x0000024d603ac620 JavaThread "Cache worker for file hash cache (D:\.jdks\corretto-21.0.4\caches\8.13\fileHashes)"        [_thread_in_Java, id=8388, stack(0x000000b987500000,0x000000b987600000) (1024K)]
  0x0000024d603a9ec0 JavaThread "Cache worker for file hash cache (D:\Workspace\HaDV\DoVietHa_BT\.gradle\8.13\fileHashes)"        [_thread_blocked, id=10156, stack(0x000000b987700000,0x000000b987800000) (1024K)]
  0x0000024d603ad9d0 JavaThread "Cache worker for Build Output Cleanup Cache (D:\Workspace\HaDV\DoVietHa_BT\.gradle\buildOutputCleanup)"        [_thread_blocked, id=6832, stack(0x000000b987800000,0x000000b987900000) (1024K)]
  0x0000024d603a7df0 JavaThread "File watcher server"        daemon [_thread_in_native, id=12256, stack(0x000000b986000000,0x000000b986100000) (1024K)]
  0x0000024d603a7760 JavaThread "File watcher consumer"      daemon [_thread_blocked, id=7976, stack(0x000000b986100000,0x000000b986200000) (1024K)]
  0x0000024d603ae6f0 JavaThread "Cache worker for checksums cache (D:\Workspace\HaDV\DoVietHa_BT\.gradle\8.13\checksums)"        [_thread_blocked, id=2660, stack(0x000000b987b00000,0x000000b987c00000) (1024K)]
  0x0000024d603aa550 JavaThread "Cache worker for file content cache (D:\.jdks\corretto-21.0.4\caches\8.13\fileContent)"        [_thread_blocked, id=5488, stack(0x000000b987c00000,0x000000b987d00000) (1024K)]
  0x0000024d603ab270 JavaThread "Cache worker for cache directory md-supplier (D:\.jdks\corretto-21.0.4\caches\8.13\md-supplier)"        [_thread_blocked, id=1324, stack(0x000000b987d00000,0x000000b987e00000) (1024K)]
  0x0000024d5fc2d540 JavaThread "Cache worker for cache directory md-rule (D:\.jdks\corretto-21.0.4\caches\8.13\md-rule)"        [_thread_blocked, id=11820, stack(0x000000b987e00000,0x000000b987f00000) (1024K)]
  0x0000024d5fc2ceb0 JavaThread "Unconstrained build operations"        [_thread_blocked, id=3444, stack(0x000000b987f00000,0x000000b988000000) (1024K)]
  0x0000024d5fc2dbd0 JavaThread "Unconstrained build operations Thread 2"        [_thread_blocked, id=1624, stack(0x000000b988000000,0x000000b988100000) (1024K)]
  0x0000024d5fc2bb00 JavaThread "Unconstrained build operations Thread 3"        [_thread_blocked, id=13320, stack(0x000000b988100000,0x000000b988200000) (1024K)]
  0x0000024d5fc2ef80 JavaThread "Unconstrained build operations Thread 4"        [_thread_blocked, id=5524, stack(0x000000b988200000,0x000000b988300000) (1024K)]
  0x0000024d5fc2fca0 JavaThread "Unconstrained build operations Thread 5"        [_thread_blocked, id=14272, stack(0x000000b988300000,0x000000b988400000) (1024K)]
  0x0000024d5fc2b470 JavaThread "Unconstrained build operations Thread 6"        [_thread_blocked, id=15012, stack(0x000000b988400000,0x000000b988500000) (1024K)]
  0x0000024d5fc2c190 JavaThread "Unconstrained build operations Thread 7"        [_thread_blocked, id=5384, stack(0x000000b988500000,0x000000b988600000) (1024K)]
  0x0000024d5fc2f610 JavaThread "Unconstrained build operations Thread 8"        [_thread_blocked, id=15800, stack(0x000000b988600000,0x000000b988700000) (1024K)]
  0x0000024d5fc293a0 JavaThread "Unconstrained build operations Thread 9"        [_thread_blocked, id=2948, stack(0x000000b988700000,0x000000b988800000) (1024K)]
  0x0000024d5fc2ade0 JavaThread "Unconstrained build operations Thread 10"        [_thread_blocked, id=2612, stack(0x000000b988800000,0x000000b988900000) (1024K)]
  0x0000024d5fc309c0 JavaThread "Unconstrained build operations Thread 11"        [_thread_blocked, id=1440, stack(0x000000b988900000,0x000000b988a00000) (1024K)]
  0x0000024d5fc29a30 JavaThread "Unconstrained build operations Thread 12"        [_thread_blocked, id=16028, stack(0x000000b988a00000,0x000000b988b00000) (1024K)]
  0x0000024d5fc2a0c0 JavaThread "Unconstrained build operations Thread 13"        [_thread_blocked, id=7608, stack(0x000000b988b00000,0x000000b988c00000) (1024K)]
  0x0000024d5f319000 JavaThread "Unconstrained build operations Thread 14"        [_thread_blocked, id=10568, stack(0x000000b988c00000,0x000000b988d00000) (1024K)]
  0x0000024d62b9f590 JavaThread "Unconstrained build operations Thread 15"        [_thread_blocked, id=12420, stack(0x000000b988d00000,0x000000b988e00000) (1024K)]
  0x0000024d62b9c7a0 JavaThread "Unconstrained build operations Thread 16"        [_thread_blocked, id=1272, stack(0x000000b988e00000,0x000000b988f00000) (1024K)]
  0x0000024d62b9ce30 JavaThread "Unconstrained build operations Thread 17"        [_thread_blocked, id=9716, stack(0x000000b988f00000,0x000000b989000000) (1024K)]
  0x0000024d62ba30a0 JavaThread "Unconstrained build operations Thread 18"        [_thread_blocked, id=9924, stack(0x000000b989000000,0x000000b989100000) (1024K)]
  0x0000024d62ba3730 JavaThread "Unconstrained build operations Thread 19"        [_thread_blocked, id=10556, stack(0x000000b989100000,0x000000b989200000) (1024K)]
  0x0000024d62b9db50 JavaThread "Unconstrained build operations Thread 20"        [_thread_blocked, id=5048, stack(0x000000b989200000,0x000000b989300000) (1024K)]
  0x0000024d62ba3dc0 JavaThread "Unconstrained build operations Thread 21"        [_thread_blocked, id=12996, stack(0x000000b989300000,0x000000b989400000) (1024K)]
  0x0000024d62b9d4c0 JavaThread "build event listener"              [_thread_blocked, id=13520, stack(0x000000b987a00000,0x000000b987b00000) (1024K)]
  0x0000024d62ba0940 JavaThread "Memory manager"                    [_thread_blocked, id=8576, stack(0x000000b989400000,0x000000b989500000) (1024K)]
  0x0000024d62ba2a10 JavaThread "build event listener"              [_thread_blocked, id=5880, stack(0x000000b989500000,0x000000b989600000) (1024K)]
=>0x0000024d643f6520 JavaThread "C2 CompilerThread1"         daemon [_thread_in_native, id=7552, stack(0x000000b987900000,0x000000b987a00000) (1024K)]
  0x0000024d643f5780 JavaThread "C2 CompilerThread2"         daemon [_thread_in_native, id=11232, stack(0x000000b989600000,0x000000b989700000) (1024K)]
  0x0000024d665b5240 JavaThread "included builds"                   [_thread_blocked, id=11424, stack(0x000000b989700000,0x000000b989800000) (1024K)]
  0x0000024d665b79a0 JavaThread "Execution worker"                  [_thread_blocked, id=14980, stack(0x000000b989800000,0x000000b989900000) (1024K)]
  0x0000024d665ba100 JavaThread "Execution worker Thread 2"         [_thread_blocked, id=2864, stack(0x000000b989900000,0x000000b989a00000) (1024K)]
  0x0000024d665b8d50 JavaThread "Execution worker Thread 3"         [_thread_blocked, id=14996, stack(0x000000b989a00000,0x000000b989b00000) (1024K)]
  0x0000024d665bbb40 JavaThread "Execution worker Thread 4"         [_thread_blocked, id=16256, stack(0x000000b989b00000,0x000000b989c00000) (1024K)]
  0x0000024d665b8030 JavaThread "Execution worker Thread 5"         [_thread_blocked, id=896, stack(0x000000b989c00000,0x000000b989d00000) (1024K)]
  0x0000024d665b58d0 JavaThread "Execution worker Thread 6"         [_thread_blocked, id=2412, stack(0x000000b989d00000,0x000000b989e00000) (1024K)]
  0x0000024d665b5f60 JavaThread "Execution worker Thread 7"         [_thread_in_Java, id=3380, stack(0x000000b989e00000,0x000000b989f00000) (1024K)]
  0x0000024d665bae20 JavaThread "Cache worker for execution history cache (D:\Workspace\HaDV\DoVietHa_BT\.gradle\8.13\executionHistory)"        [_thread_blocked, id=6712, stack(0x000000b989f00000,0x000000b98a000000) (1024K)]
  0x0000024d665b93e0 JavaThread "Unconstrained build operations Thread 22"        [_thread_blocked, id=9024, stack(0x000000b98a000000,0x000000b98a100000) (1024K)]
  0x0000024d665bb4b0 JavaThread "Unconstrained build operations Thread 23"        [_thread_blocked, id=4128, stack(0x000000b98a100000,0x000000b98a200000) (1024K)]
  0x0000024d665b6c80 JavaThread "Unconstrained build operations Thread 24"        [_thread_blocked, id=14016, stack(0x000000b98a200000,0x000000b98a300000) (1024K)]
  0x0000024d665b86c0 JavaThread "Unconstrained build operations Thread 25"        [_thread_blocked, id=10216, stack(0x000000b98a300000,0x000000b98a400000) (1024K)]
  0x0000024d665b9a70 JavaThread "Unconstrained build operations Thread 26"        [_thread_blocked, id=15520, stack(0x000000b98a400000,0x000000b98a500000) (1024K)]
  0x0000024d665bc1d0 JavaThread "Unconstrained build operations Thread 27"        [_thread_blocked, id=2344, stack(0x000000b98a500000,0x000000b98a600000) (1024K)]
  0x0000024d665ba790 JavaThread "Unconstrained build operations Thread 28"        [_thread_blocked, id=13572, stack(0x000000b98a600000,0x000000b98a700000) (1024K)]
  0x0000024d603aabe0 JavaThread "Unconstrained build operations Thread 29"        [_thread_blocked, id=5152, stack(0x000000b98a700000,0x000000b98a800000) (1024K)]
  0x0000024d665bc860 JavaThread "Unconstrained build operations Thread 30"        [_thread_blocked, id=14224, stack(0x000000b98a800000,0x000000b98a900000) (1024K)]
  0x0000024d63b46200 JavaThread "Unconstrained build operations Thread 31"        [_thread_blocked, id=13932, stack(0x000000b98a900000,0x000000b98aa00000) (1024K)]
  0x0000024d63b49680 JavaThread "Unconstrained build operations Thread 32"        [_thread_blocked, id=12896, stack(0x000000b98aa00000,0x000000b98ab00000) (1024K)]
  0x0000024d63b42d80 JavaThread "Unconstrained build operations Thread 33"        [_thread_blocked, id=3336, stack(0x000000b98ab00000,0x000000b98ac00000) (1024K)]
  0x0000024d63b43aa0 JavaThread "Unconstrained build operations Thread 34"        [_thread_blocked, id=15696, stack(0x000000b98ac00000,0x000000b98ad00000) (1024K)]
  0x0000024d63b475b0 JavaThread "Unconstrained build operations Thread 35"        [_thread_blocked, id=12968, stack(0x000000b98ad00000,0x000000b98ae00000) (1024K)]
  0x0000024d63b4a3a0 JavaThread "Unconstrained build operations Thread 36"        [_thread_blocked, id=15756, stack(0x000000b98ae00000,0x000000b98af00000) (1024K)]
  0x0000024d63b43410 JavaThread "Unconstrained build operations Thread 37"        [_thread_blocked, id=11764, stack(0x000000b98af00000,0x000000b98b000000) (1024K)]
  0x0000024d63b447c0 JavaThread "Unconstrained build operations Thread 38"        [_thread_blocked, id=12128, stack(0x000000b98b000000,0x000000b98b100000) (1024K)]
  0x0000024d63b44130 JavaThread "Unconstrained build operations Thread 39"        [_thread_blocked, id=14812, stack(0x000000b98b100000,0x000000b98b200000) (1024K)]
  0x0000024d63b46890 JavaThread "Unconstrained build operations Thread 40"        [_thread_blocked, id=12572, stack(0x000000b98b200000,0x000000b98b300000) (1024K)]
  0x0000024d63b482d0 JavaThread "Unconstrained build operations Thread 41"        [_thread_blocked, id=11780, stack(0x000000b98b300000,0x000000b98b400000) (1024K)]
  0x0000024d63b48960 JavaThread "Unconstrained build operations Thread 42"        [_thread_blocked, id=2736, stack(0x000000b98b400000,0x000000b98b500000) (1024K)]
  0x0000024d63b44e50 JavaThread "Unconstrained build operations Thread 43"        [_thread_blocked, id=5984, stack(0x000000b98b500000,0x000000b98b600000) (1024K)]
  0x0000024d63b49d10 JavaThread "Unconstrained build operations Thread 44"        [_thread_blocked, id=7028, stack(0x000000b98b600000,0x000000b98b700000) (1024K)]
  0x0000024d63b454e0 JavaThread "Unconstrained build operations Thread 45"        [_thread_blocked, id=3632, stack(0x000000b98b700000,0x000000b98b800000) (1024K)]
  0x0000024d63b45b70 JavaThread "Unconstrained build operations Thread 46"        [_thread_blocked, id=480, stack(0x000000b98b800000,0x000000b98b900000) (1024K)]
  0x0000024d63b46f20 JavaThread "Unconstrained build operations Thread 47"        [_thread_blocked, id=11308, stack(0x000000b98b900000,0x000000b98ba00000) (1024K)]
  0x0000024d63b47c40 JavaThread "Unconstrained build operations Thread 48"        [_thread_blocked, id=9568, stack(0x000000b98ba00000,0x000000b98bb00000) (1024K)]
  0x0000024d63b48ff0 JavaThread "Unconstrained build operations Thread 49"        [_thread_blocked, id=6220, stack(0x000000b98bb00000,0x000000b98bc00000) (1024K)]
  0x0000024d6565e220 JavaThread "Unconstrained build operations Thread 50"        [_thread_blocked, id=7864, stack(0x000000b98bc00000,0x000000b98bd00000) (1024K)]
  0x0000024d6565c7e0 JavaThread "Unconstrained build operations Thread 51"        [_thread_blocked, id=15392, stack(0x000000b98bd00000,0x000000b98be00000) (1024K)]
  0x0000024d656599f0 JavaThread "Unconstrained build operations Thread 52"        [_thread_blocked, id=15240, stack(0x000000b98be00000,0x000000b98bf00000) (1024K)]
  0x0000024d65658cd0 JavaThread "Unconstrained build operations Thread 53"        [_thread_blocked, id=16148, stack(0x000000b98bf00000,0x000000b98c000000) (1024K)]
  0x0000024d6565ce70 JavaThread "Unconstrained build operations Thread 54"        [_thread_blocked, id=9172, stack(0x000000b98c000000,0x000000b98c100000) (1024K)]
  0x0000024d6565ada0 JavaThread "Unconstrained build operations Thread 55"        [_thread_blocked, id=13672, stack(0x000000b98c100000,0x000000b98c200000) (1024K)]
  0x0000024d65657920 JavaThread "Unconstrained build operations Thread 56"        [_thread_blocked, id=5860, stack(0x000000b98c200000,0x000000b98c300000) (1024K)]
  0x0000024d6565d500 JavaThread "Unconstrained build operations Thread 57"        [_thread_blocked, id=8480, stack(0x000000b98c300000,0x000000b98c400000) (1024K)]
  0x0000024d6565c150 JavaThread "Unconstrained build operations Thread 58"        [_thread_blocked, id=7636, stack(0x000000b98c400000,0x000000b98c500000) (1024K)]
  0x0000024d6565e8b0 JavaThread "Unconstrained build operations Thread 59"        [_thread_blocked, id=4328, stack(0x000000b98c500000,0x000000b98c600000) (1024K)]
  0x0000024d6565b430 JavaThread "Unconstrained build operations Thread 60"        [_thread_blocked, id=4736, stack(0x000000b98c600000,0x000000b98c700000) (1024K)]
  0x0000024d65659360 JavaThread "Unconstrained build operations Thread 61"        [_thread_blocked, id=2600, stack(0x000000b98c700000,0x000000b98c800000) (1024K)]
  0x0000024d65658640 JavaThread "Unconstrained build operations Thread 62"        [_thread_blocked, id=10416, stack(0x000000b98c800000,0x000000b98c900000) (1024K)]
  0x0000024d65657fb0 JavaThread "Unconstrained build operations Thread 63"        [_thread_blocked, id=16336, stack(0x000000b98c900000,0x000000b98ca00000) (1024K)]
  0x0000024d6565bac0 JavaThread "Unconstrained build operations Thread 64"        [_thread_blocked, id=12600, stack(0x000000b98ca00000,0x000000b98cb00000) (1024K)]
  0x0000024d6565db90 JavaThread "Unconstrained build operations Thread 65"        [_thread_in_native, id=10196, stack(0x000000b98cb00000,0x000000b98cc00000) (1024K)]
  0x0000024d6565a710 JavaThread "Unconstrained build operations Thread 66"        [_thread_blocked, id=11860, stack(0x000000b98cc00000,0x000000b98cd00000) (1024K)]
  0x0000024d6b728bd0 JavaThread "Unconstrained build operations Thread 67"        [_thread_in_Java, id=11364, stack(0x000000b98cd00000,0x000000b98ce00000) (1024K)]
Total: 113

Other Threads:
  0x0000024d7f50b3f0 VMThread "VM Thread"                           [id=10536, stack(0x000000b985500000,0x000000b985600000) (1024K)]
  0x0000024d7f4fc760 WatcherThread "VM Periodic Task Thread"        [id=13588, stack(0x000000b985400000,0x000000b985500000) (1024K)]
  0x0000024d7bed6b90 WorkerThread "GC Thread#0"                     [id=10192, stack(0x000000b984f00000,0x000000b985000000) (1024K)]
  0x0000024d5f4f0a60 WorkerThread "GC Thread#1"                     [id=5936, stack(0x000000b986200000,0x000000b986300000) (1024K)]
  0x0000024d5f30e360 WorkerThread "GC Thread#2"                     [id=12800, stack(0x000000b986300000,0x000000b986400000) (1024K)]
  0x0000024d5f30e700 WorkerThread "GC Thread#3"                     [id=10808, stack(0x000000b986400000,0x000000b986500000) (1024K)]
  0x0000024d5f30eaa0 WorkerThread "GC Thread#4"                     [id=2860, stack(0x000000b986500000,0x000000b986600000) (1024K)]
  0x0000024d5f404680 WorkerThread "GC Thread#5"                     [id=16144, stack(0x000000b986600000,0x000000b986700000) (1024K)]
  0x0000024d5fcf8fa0 WorkerThread "GC Thread#6"                     [id=12432, stack(0x000000b986800000,0x000000b986900000) (1024K)]
  0x0000024d5fe61e30 WorkerThread "GC Thread#7"                     [id=8, stack(0x000000b986900000,0x000000b986a00000) (1024K)]
  0x0000024d7bee8c40 ConcurrentGCThread "G1 Main Marker"            [id=4108, stack(0x000000b985000000,0x000000b985100000) (1024K)]
  0x0000024d7bee9df0 WorkerThread "G1 Conc#0"                       [id=9648, stack(0x000000b985100000,0x000000b985200000) (1024K)]
  0x0000024d60270c90 WorkerThread "G1 Conc#1"                       [id=6612, stack(0x000000b987600000,0x000000b987700000) (1024K)]
  0x0000024d7f3cba40 ConcurrentGCThread "G1 Refine#0"               [id=3720, stack(0x000000b985200000,0x000000b985300000) (1024K)]
  0x0000024d7f3cd4d0 ConcurrentGCThread "G1 Service"                [id=16280, stack(0x000000b985300000,0x000000b985400000) (1024K)]
Total: 15

Threads with active compile tasks:
C2 CompilerThread0  18951 13237   !   4       java.nio.file.FileTreeWalker::visit (204 bytes)
C2 CompilerThread1  18952 13165       4       org.gradle.internal.operations.DefaultBuildOperationRunner::execute (23 bytes)
C2 CompilerThread2  18952 13164       4       org.gradle.internal.operations.DefaultBuildOperationRunner::execute (147 bytes)
Total: 3

VM state: not at safepoint (normal execution)

VM Mutex/Monitor currently owned by a thread: None

Heap address: 0x0000000080000000, size: 2048 MB, Compressed Oops mode: 32-bit

CDS archive(s) mapped at: [0x0000024d1a000000-0x0000024d1ac80000-0x0000024d1ac80000), size 13107200, SharedBaseAddress: 0x0000024d1a000000, ArchiveRelocationMode: 1.
Compressed class space mapped at: 0x0000024d1b000000-0x0000024d5b000000, reserved size: 1073741824
Narrow klass base: 0x0000024d1a000000, Narrow klass shift: 0, Narrow klass range: 0x100000000

GC Precious Log:
 CardTable entry size: 512
 Card Set container configuration: InlinePtr #cards 5 size 8 Array Of Cards #cards 12 size 40 Howl #buckets 4 coarsen threshold 1843 Howl Bitmap #cards 512 size 80 coarsen threshold 460 Card regions per heap region 1 cards per card region 2048
 CPUs: 8 total, 8 available
 Memory: 16242M
 Large Page Support: Disabled
 NUMA Support: Disabled
 Compressed Oops: Enabled (32-bit)
 Heap Region Size: 1M
 Heap Min Capacity: 8M
 Heap Initial Capacity: 254M
 Heap Max Capacity: 2G
 Pre-touch: Disabled
 Parallel Workers: 8
 Concurrent Workers: 2
 Concurrent Refinement Workers: 8
 Periodic GC: Disabled

Heap:
 garbage-first heap   total 179200K, used 150535K [0x0000000080000000, 0x0000000100000000)
  region size 1024K, 50 young (51200K), 7 survivors (7168K)
 Metaspace       used 99906K, committed 102208K, reserved 1179648K
  class space    used 13993K, committed 15168K, reserved 1048576K

Heap Regions: E=young(eden), S=young(survivor), O=old, HS=humongous(starts), HC=humongous(continues), CS=collection set, F=free, TAMS=top-at-mark-start, PB=parsable bottom
|   0|0x0000000080000000, 0x0000000080100000, 0x0000000080100000|100%|HS|  |TAMS 0x0000000080000000| PB 0x0000000080000000| Complete 
|   1|0x0000000080100000, 0x0000000080200000, 0x0000000080200000|100%|HC|  |TAMS 0x0000000080100000| PB 0x0000000080100000| Complete 
|   2|0x0000000080200000, 0x0000000080300000, 0x0000000080300000|100%|HC|  |TAMS 0x0000000080200000| PB 0x0000000080200000| Complete 
|   3|0x0000000080300000, 0x0000000080400000, 0x0000000080400000|100%| O|  |TAMS 0x0000000080300000| PB 0x0000000080300000| Untracked 
|   4|0x0000000080400000, 0x0000000080500000, 0x0000000080500000|100%| O|  |TAMS 0x0000000080400000| PB 0x0000000080400000| Untracked 
|   5|0x0000000080500000, 0x0000000080600000, 0x0000000080600000|100%| O|  |TAMS 0x0000000080500000| PB 0x0000000080500000| Untracked 
|   6|0x0000000080600000, 0x0000000080700000, 0x0000000080700000|100%|HS|  |TAMS 0x0000000080600000| PB 0x0000000080600000| Complete 
|   7|0x0000000080700000, 0x0000000080800000, 0x0000000080800000|100%| O|  |TAMS 0x0000000080700000| PB 0x0000000080700000| Untracked 
|   8|0x0000000080800000, 0x0000000080900000, 0x0000000080900000|100%| O|  |TAMS 0x0000000080800000| PB 0x0000000080800000| Untracked 
|   9|0x0000000080900000, 0x0000000080a00000, 0x0000000080a00000|100%| O|  |TAMS 0x0000000080900000| PB 0x0000000080900000| Untracked 
|  10|0x0000000080a00000, 0x0000000080b00000, 0x0000000080b00000|100%| O|  |TAMS 0x0000000080a00000| PB 0x0000000080a00000| Untracked 
|  11|0x0000000080b00000, 0x0000000080c00000, 0x0000000080c00000|100%| O|  |TAMS 0x0000000080b00000| PB 0x0000000080b00000| Untracked 
|  12|0x0000000080c00000, 0x0000000080d00000, 0x0000000080d00000|100%| O|  |TAMS 0x0000000080c00000| PB 0x0000000080c00000| Untracked 
|  13|0x0000000080d00000, 0x0000000080e00000, 0x0000000080e00000|100%| O|  |TAMS 0x0000000080d00000| PB 0x0000000080d00000| Untracked 
|  14|0x0000000080e00000, 0x0000000080f00000, 0x0000000080f00000|100%| O|  |TAMS 0x0000000080e00000| PB 0x0000000080e00000| Untracked 
|  15|0x0000000080f00000, 0x0000000081000000, 0x0000000081000000|100%| O|  |TAMS 0x0000000080f00000| PB 0x0000000080f00000| Untracked 
|  16|0x0000000081000000, 0x0000000081100000, 0x0000000081100000|100%| O|  |TAMS 0x0000000081000000| PB 0x0000000081000000| Untracked 
|  17|0x0000000081100000, 0x0000000081200000, 0x0000000081200000|100%| O|  |TAMS 0x0000000081100000| PB 0x0000000081100000| Untracked 
|  18|0x0000000081200000, 0x0000000081300000, 0x0000000081300000|100%| O|  |TAMS 0x0000000081200000| PB 0x0000000081200000| Untracked 
|  19|0x0000000081300000, 0x0000000081400000, 0x0000000081400000|100%| O|  |TAMS 0x0000000081300000| PB 0x0000000081300000| Untracked 
|  20|0x0000000081400000, 0x0000000081500000, 0x0000000081500000|100%| O|  |TAMS 0x0000000081400000| PB 0x0000000081400000| Untracked 
|  21|0x0000000081500000, 0x0000000081600000, 0x0000000081600000|100%| O|  |TAMS 0x0000000081500000| PB 0x0000000081500000| Untracked 
|  22|0x0000000081600000, 0x0000000081700000, 0x0000000081700000|100%| O|  |TAMS 0x0000000081600000| PB 0x0000000081600000| Untracked 
|  23|0x0000000081700000, 0x0000000081800000, 0x0000000081800000|100%| O|  |TAMS 0x0000000081700000| PB 0x0000000081700000| Untracked 
|  24|0x0000000081800000, 0x0000000081900000, 0x0000000081900000|100%| O|  |TAMS 0x0000000081800000| PB 0x0000000081800000| Untracked 
|  25|0x0000000081900000, 0x0000000081a00000, 0x0000000081a00000|100%| O|  |TAMS 0x0000000081900000| PB 0x0000000081900000| Untracked 
|  26|0x0000000081a00000, 0x0000000081b00000, 0x0000000081b00000|100%| O|  |TAMS 0x0000000081a00000| PB 0x0000000081a00000| Untracked 
|  27|0x0000000081b00000, 0x0000000081c00000, 0x0000000081c00000|100%| O|  |TAMS 0x0000000081b00000| PB 0x0000000081b00000| Untracked 
|  28|0x0000000081c00000, 0x0000000081d00000, 0x0000000081d00000|100%| O|  |TAMS 0x0000000081c00000| PB 0x0000000081c00000| Untracked 
|  29|0x0000000081d00000, 0x0000000081e00000, 0x0000000081e00000|100%| O|  |TAMS 0x0000000081d00000| PB 0x0000000081d00000| Untracked 
|  30|0x0000000081e00000, 0x0000000081f00000, 0x0000000081f00000|100%| O|  |TAMS 0x0000000081e00000| PB 0x0000000081e00000| Untracked 
|  31|0x0000000081f00000, 0x0000000082000000, 0x0000000082000000|100%| O|  |TAMS 0x0000000081f00000| PB 0x0000000081f00000| Untracked 
|  32|0x0000000082000000, 0x0000000082100000, 0x0000000082100000|100%| O|  |TAMS 0x0000000082000000| PB 0x0000000082000000| Untracked 
|  33|0x0000000082100000, 0x0000000082200000, 0x0000000082200000|100%|HS|  |TAMS 0x0000000082100000| PB 0x0000000082100000| Complete 
|  34|0x0000000082200000, 0x0000000082300000, 0x0000000082300000|100%| O|  |TAMS 0x0000000082200000| PB 0x0000000082200000| Untracked 
|  35|0x0000000082300000, 0x0000000082400000, 0x0000000082400000|100%| O|  |TAMS 0x0000000082300000| PB 0x0000000082300000| Untracked 
|  36|0x0000000082400000, 0x0000000082500000, 0x0000000082500000|100%| O|  |TAMS 0x0000000082400000| PB 0x0000000082400000| Untracked 
|  37|0x0000000082500000, 0x0000000082600000, 0x0000000082600000|100%| O|  |TAMS 0x0000000082500000| PB 0x0000000082500000| Untracked 
|  38|0x0000000082600000, 0x0000000082700000, 0x0000000082700000|100%| O|  |TAMS 0x0000000082600000| PB 0x0000000082600000| Untracked 
|  39|0x0000000082700000, 0x0000000082800000, 0x0000000082800000|100%| O|  |TAMS 0x0000000082700000| PB 0x0000000082700000| Untracked 
|  40|0x0000000082800000, 0x0000000082900000, 0x0000000082900000|100%| O|  |TAMS 0x0000000082800000| PB 0x0000000082800000| Untracked 
|  41|0x0000000082900000, 0x0000000082a00000, 0x0000000082a00000|100%| O|  |TAMS 0x0000000082900000| PB 0x0000000082900000| Untracked 
|  42|0x0000000082a00000, 0x0000000082b00000, 0x0000000082b00000|100%| O|  |TAMS 0x0000000082a00000| PB 0x0000000082a00000| Untracked 
|  43|0x0000000082b00000, 0x0000000082b00000, 0x0000000082c00000|  0%| F|  |TAMS 0x0000000082b00000| PB 0x0000000082b00000| Untracked 
|  44|0x0000000082c00000, 0x0000000082d00000, 0x0000000082d00000|100%|HS|  |TAMS 0x0000000082c00000| PB 0x0000000082c00000| Complete 
|  45|0x0000000082d00000, 0x0000000082e00000, 0x0000000082e00000|100%| O|  |TAMS 0x0000000082d00000| PB 0x0000000082d00000| Untracked 
|  46|0x0000000082e00000, 0x0000000082f00000, 0x0000000082f00000|100%| O|  |TAMS 0x0000000082e00000| PB 0x0000000082e00000| Untracked 
|  47|0x0000000082f00000, 0x0000000083000000, 0x0000000083000000|100%| O|  |TAMS 0x0000000082f00000| PB 0x0000000082f00000| Untracked 
|  48|0x0000000083000000, 0x0000000083100000, 0x0000000083100000|100%| O|  |TAMS 0x0000000083000000| PB 0x0000000083000000| Untracked 
|  49|0x0000000083100000, 0x0000000083200000, 0x0000000083200000|100%| O|  |TAMS 0x0000000083100000| PB 0x0000000083100000| Untracked 
|  50|0x0000000083200000, 0x0000000083300000, 0x0000000083300000|100%|HS|  |TAMS 0x0000000083200000| PB 0x0000000083200000| Complete 
|  51|0x0000000083300000, 0x0000000083400000, 0x0000000083400000|100%|HC|  |TAMS 0x0000000083300000| PB 0x0000000083300000| Complete 
|  52|0x0000000083400000, 0x0000000083500000, 0x0000000083500000|100%|HS|  |TAMS 0x0000000083400000| PB 0x0000000083400000| Complete 
|  53|0x0000000083500000, 0x0000000083600000, 0x0000000083600000|100%|HC|  |TAMS 0x0000000083500000| PB 0x0000000083500000| Complete 
|  54|0x0000000083600000, 0x0000000083700000, 0x0000000083700000|100%|HS|  |TAMS 0x0000000083600000| PB 0x0000000083600000| Complete 
|  55|0x0000000083700000, 0x0000000083800000, 0x0000000083800000|100%|HS|  |TAMS 0x0000000083700000| PB 0x0000000083700000| Complete 
|  56|0x0000000083800000, 0x0000000083900000, 0x0000000083900000|100%| O|  |TAMS 0x0000000083800000| PB 0x0000000083800000| Untracked 
|  57|0x0000000083900000, 0x0000000083a00000, 0x0000000083a00000|100%|HS|  |TAMS 0x0000000083900000| PB 0x0000000083900000| Complete 
|  58|0x0000000083a00000, 0x0000000083b00000, 0x0000000083b00000|100%|HS|  |TAMS 0x0000000083a00000| PB 0x0000000083a00000| Complete 
|  59|0x0000000083b00000, 0x0000000083c00000, 0x0000000083c00000|100%| O|  |TAMS 0x0000000083b00000| PB 0x0000000083b00000| Untracked 
|  60|0x0000000083c00000, 0x0000000083d00000, 0x0000000083d00000|100%| O|  |TAMS 0x0000000083c00000| PB 0x0000000083c00000| Untracked 
|  61|0x0000000083d00000, 0x0000000083e00000, 0x0000000083e00000|100%| O|  |TAMS 0x0000000083d00000| PB 0x0000000083d00000| Untracked 
|  62|0x0000000083e00000, 0x0000000083f00000, 0x0000000083f00000|100%| O|  |TAMS 0x0000000083e00000| PB 0x0000000083e00000| Untracked 
|  63|0x0000000083f00000, 0x0000000084000000, 0x0000000084000000|100%| O|  |TAMS 0x0000000083f00000| PB 0x0000000083f00000| Untracked 
|  64|0x0000000084000000, 0x0000000084100000, 0x0000000084100000|100%| O|  |TAMS 0x0000000084000000| PB 0x0000000084000000| Untracked 
|  65|0x0000000084100000, 0x0000000084200000, 0x0000000084200000|100%| O|  |TAMS 0x0000000084100000| PB 0x0000000084100000| Untracked 
|  66|0x0000000084200000, 0x0000000084300000, 0x0000000084300000|100%| O|  |TAMS 0x0000000084200000| PB 0x0000000084200000| Untracked 
|  67|0x0000000084300000, 0x0000000084400000, 0x0000000084400000|100%|HS|  |TAMS 0x0000000084300000| PB 0x0000000084300000| Complete 
|  68|0x0000000084400000, 0x0000000084500000, 0x0000000084500000|100%| O|  |TAMS 0x0000000084400000| PB 0x0000000084400000| Untracked 
|  69|0x0000000084500000, 0x0000000084600000, 0x0000000084600000|100%| O|  |TAMS 0x0000000084500000| PB 0x0000000084500000| Untracked 
|  70|0x0000000084600000, 0x0000000084700000, 0x0000000084700000|100%| O|  |TAMS 0x0000000084600000| PB 0x0000000084600000| Untracked 
|  71|0x0000000084700000, 0x0000000084800000, 0x0000000084800000|100%| O|  |TAMS 0x0000000084700000| PB 0x0000000084700000| Untracked 
|  72|0x0000000084800000, 0x0000000084900000, 0x0000000084900000|100%| O|  |TAMS 0x0000000084800000| PB 0x0000000084800000| Untracked 
|  73|0x0000000084900000, 0x0000000084a00000, 0x0000000084a00000|100%| O|  |TAMS 0x0000000084900000| PB 0x0000000084900000| Untracked 
|  74|0x0000000084a00000, 0x0000000084b00000, 0x0000000084b00000|100%| O|  |TAMS 0x0000000084a00000| PB 0x0000000084a00000| Untracked 
|  75|0x0000000084b00000, 0x0000000084c00000, 0x0000000084c00000|100%| O|  |TAMS 0x0000000084b00000| PB 0x0000000084b00000| Untracked 
|  76|0x0000000084c00000, 0x0000000084d00000, 0x0000000084d00000|100%| O|  |TAMS 0x0000000084c00000| PB 0x0000000084c00000| Untracked 
|  77|0x0000000084d00000, 0x0000000084d00000, 0x0000000084e00000|  0%| F|  |TAMS 0x0000000084d00000| PB 0x0000000084d00000| Untracked 
|  78|0x0000000084e00000, 0x0000000084e00000, 0x0000000084f00000|  0%| F|  |TAMS 0x0000000084e00000| PB 0x0000000084e00000| Untracked 
|  79|0x0000000084f00000, 0x0000000084f00000, 0x0000000085000000|  0%| F|  |TAMS 0x0000000084f00000| PB 0x0000000084f00000| Untracked 
|  80|0x0000000085000000, 0x0000000085100000, 0x0000000085100000|100%| O|  |TAMS 0x0000000085000000| PB 0x0000000085000000| Untracked 
|  81|0x0000000085100000, 0x0000000085200000, 0x0000000085200000|100%| O|  |TAMS 0x0000000085100000| PB 0x0000000085100000| Untracked 
|  82|0x0000000085200000, 0x0000000085300000, 0x0000000085300000|100%| O|  |TAMS 0x0000000085200000| PB 0x0000000085200000| Untracked 
|  83|0x0000000085300000, 0x0000000085400000, 0x0000000085400000|100%| O|  |TAMS 0x0000000085300000| PB 0x0000000085300000| Untracked 
|  84|0x0000000085400000, 0x0000000085500000, 0x0000000085500000|100%| O|  |TAMS 0x0000000085400000| PB 0x0000000085400000| Untracked 
|  85|0x0000000085500000, 0x0000000085600000, 0x0000000085600000|100%| O|  |TAMS 0x0000000085500000| PB 0x0000000085500000| Untracked 
|  86|0x0000000085600000, 0x0000000085700000, 0x0000000085700000|100%| O|  |TAMS 0x0000000085600000| PB 0x0000000085600000| Untracked 
|  87|0x0000000085700000, 0x0000000085800000, 0x0000000085800000|100%| O|  |TAMS 0x0000000085700000| PB 0x0000000085700000| Untracked 
|  88|0x0000000085800000, 0x0000000085900000, 0x0000000085900000|100%| O|  |TAMS 0x0000000085800000| PB 0x0000000085800000| Untracked 
|  89|0x0000000085900000, 0x0000000085a00000, 0x0000000085a00000|100%| O|  |TAMS 0x0000000085900000| PB 0x0000000085900000| Untracked 
|  90|0x0000000085a00000, 0x0000000085b00000, 0x0000000085b00000|100%| O|  |TAMS 0x0000000085a00000| PB 0x0000000085a00000| Untracked 
|  91|0x0000000085b00000, 0x0000000085c00000, 0x0000000085c00000|100%| O|  |TAMS 0x0000000085b00000| PB 0x0000000085b00000| Untracked 
|  92|0x0000000085c00000, 0x0000000085d00000, 0x0000000085d00000|100%| O|  |TAMS 0x0000000085c00000| PB 0x0000000085c00000| Untracked 
|  93|0x0000000085d00000, 0x0000000085e00000, 0x0000000085e00000|100%| O|  |TAMS 0x0000000085d00000| PB 0x0000000085d00000| Untracked 
|  94|0x0000000085e00000, 0x0000000085f00000, 0x0000000085f00000|100%| O|  |TAMS 0x0000000085e00000| PB 0x0000000085e00000| Untracked 
|  95|0x0000000085f00000, 0x0000000086000000, 0x0000000086000000|100%| O|  |TAMS 0x0000000085f00000| PB 0x0000000085f00000| Untracked 
|  96|0x0000000086000000, 0x0000000086100000, 0x0000000086100000|100%| O|  |TAMS 0x0000000086000000| PB 0x0000000086000000| Untracked 
|  97|0x0000000086100000, 0x0000000086200000, 0x0000000086200000|100%| O|  |TAMS 0x0000000086100000| PB 0x0000000086100000| Untracked 
|  98|0x0000000086200000, 0x0000000086300000, 0x0000000086300000|100%| O|  |TAMS 0x0000000086200000| PB 0x0000000086200000| Untracked 
|  99|0x0000000086300000, 0x00000000863b4510, 0x0000000086400000| 70%| O|  |TAMS 0x0000000086300000| PB 0x0000000086300000| Untracked 
| 100|0x0000000086400000, 0x0000000086400000, 0x0000000086500000|  0%| F|  |TAMS 0x0000000086400000| PB 0x0000000086400000| Untracked 
| 101|0x0000000086500000, 0x0000000086500000, 0x0000000086600000|  0%| F|  |TAMS 0x0000000086500000| PB 0x0000000086500000| Untracked 
| 102|0x0000000086600000, 0x0000000086600000, 0x0000000086700000|  0%| F|  |TAMS 0x0000000086600000| PB 0x0000000086600000| Untracked 
| 103|0x0000000086700000, 0x0000000086700000, 0x0000000086800000|  0%| F|  |TAMS 0x0000000086700000| PB 0x0000000086700000| Untracked 
| 104|0x0000000086800000, 0x0000000086800000, 0x0000000086900000|  0%| F|  |TAMS 0x0000000086800000| PB 0x0000000086800000| Untracked 
| 105|0x0000000086900000, 0x0000000086900000, 0x0000000086a00000|  0%| F|  |TAMS 0x0000000086900000| PB 0x0000000086900000| Untracked 
| 106|0x0000000086a00000, 0x0000000086a00000, 0x0000000086b00000|  0%| F|  |TAMS 0x0000000086a00000| PB 0x0000000086a00000| Untracked 
| 107|0x0000000086b00000, 0x0000000086b4d718, 0x0000000086c00000| 30%| S|CS|TAMS 0x0000000086b00000| PB 0x0000000086b00000| Complete 
| 108|0x0000000086c00000, 0x0000000086d00000, 0x0000000086d00000|100%| S|CS|TAMS 0x0000000086c00000| PB 0x0000000086c00000| Complete 
| 109|0x0000000086d00000, 0x0000000086e00000, 0x0000000086e00000|100%| S|CS|TAMS 0x0000000086d00000| PB 0x0000000086d00000| Complete 
| 110|0x0000000086e00000, 0x0000000086f00000, 0x0000000086f00000|100%| S|CS|TAMS 0x0000000086e00000| PB 0x0000000086e00000| Complete 
| 111|0x0000000086f00000, 0x0000000087000000, 0x0000000087000000|100%| S|CS|TAMS 0x0000000086f00000| PB 0x0000000086f00000| Complete 
| 112|0x0000000087000000, 0x0000000087100000, 0x0000000087100000|100%| S|CS|TAMS 0x0000000087000000| PB 0x0000000087000000| Complete 
| 113|0x0000000087100000, 0x0000000087200000, 0x0000000087200000|100%| S|CS|TAMS 0x0000000087100000| PB 0x0000000087100000| Complete 
| 114|0x0000000087200000, 0x0000000087200000, 0x0000000087300000|  0%| F|  |TAMS 0x0000000087200000| PB 0x0000000087200000| Untracked 
| 115|0x0000000087300000, 0x0000000087300000, 0x0000000087400000|  0%| F|  |TAMS 0x0000000087300000| PB 0x0000000087300000| Untracked 
| 116|0x0000000087400000, 0x0000000087400000, 0x0000000087500000|  0%| F|  |TAMS 0x0000000087400000| PB 0x0000000087400000| Untracked 
| 117|0x0000000087500000, 0x0000000087500000, 0x0000000087600000|  0%| F|  |TAMS 0x0000000087500000| PB 0x0000000087500000| Untracked 
| 118|0x0000000087600000, 0x0000000087600000, 0x0000000087700000|  0%| F|  |TAMS 0x0000000087600000| PB 0x0000000087600000| Untracked 
| 119|0x0000000087700000, 0x0000000087700000, 0x0000000087800000|  0%| F|  |TAMS 0x0000000087700000| PB 0x0000000087700000| Untracked 
| 120|0x0000000087800000, 0x0000000087800000, 0x0000000087900000|  0%| F|  |TAMS 0x0000000087800000| PB 0x0000000087800000| Untracked 
| 121|0x0000000087900000, 0x0000000087900000, 0x0000000087a00000|  0%| F|  |TAMS 0x0000000087900000| PB 0x0000000087900000| Untracked 
| 122|0x0000000087a00000, 0x0000000087a00000, 0x0000000087b00000|  0%| F|  |TAMS 0x0000000087a00000| PB 0x0000000087a00000| Untracked 
| 123|0x0000000087b00000, 0x0000000087b00000, 0x0000000087c00000|  0%| F|  |TAMS 0x0000000087b00000| PB 0x0000000087b00000| Untracked 
| 124|0x0000000087c00000, 0x0000000087c00000, 0x0000000087d00000|  0%| F|  |TAMS 0x0000000087c00000| PB 0x0000000087c00000| Untracked 
| 125|0x0000000087d00000, 0x0000000087d00000, 0x0000000087e00000|  0%| F|  |TAMS 0x0000000087d00000| PB 0x0000000087d00000| Untracked 
| 126|0x0000000087e00000, 0x0000000087eefe30, 0x0000000087f00000| 93%| E|  |TAMS 0x0000000087e00000| PB 0x0000000087e00000| Complete 
| 127|0x0000000087f00000, 0x0000000088000000, 0x0000000088000000|100%| E|CS|TAMS 0x0000000087f00000| PB 0x0000000087f00000| Complete 
| 128|0x0000000088000000, 0x0000000088100000, 0x0000000088100000|100%| E|CS|TAMS 0x0000000088000000| PB 0x0000000088000000| Complete 
| 129|0x0000000088100000, 0x0000000088200000, 0x0000000088200000|100%| E|CS|TAMS 0x0000000088100000| PB 0x0000000088100000| Complete 
| 130|0x0000000088200000, 0x0000000088300000, 0x0000000088300000|100%| E|CS|TAMS 0x0000000088200000| PB 0x0000000088200000| Complete 
| 131|0x0000000088300000, 0x0000000088400000, 0x0000000088400000|100%| E|CS|TAMS 0x0000000088300000| PB 0x0000000088300000| Complete 
| 132|0x0000000088400000, 0x0000000088500000, 0x0000000088500000|100%| E|CS|TAMS 0x0000000088400000| PB 0x0000000088400000| Complete 
| 133|0x0000000088500000, 0x0000000088600000, 0x0000000088600000|100%| E|CS|TAMS 0x0000000088500000| PB 0x0000000088500000| Complete 
| 134|0x0000000088600000, 0x0000000088700000, 0x0000000088700000|100%| E|CS|TAMS 0x0000000088600000| PB 0x0000000088600000| Complete 
| 135|0x0000000088700000, 0x0000000088800000, 0x0000000088800000|100%| E|CS|TAMS 0x0000000088700000| PB 0x0000000088700000| Complete 
| 136|0x0000000088800000, 0x0000000088900000, 0x0000000088900000|100%| E|CS|TAMS 0x0000000088800000| PB 0x0000000088800000| Complete 
| 137|0x0000000088900000, 0x0000000088a00000, 0x0000000088a00000|100%| E|CS|TAMS 0x0000000088900000| PB 0x0000000088900000| Complete 
| 138|0x0000000088a00000, 0x0000000088b00000, 0x0000000088b00000|100%| E|CS|TAMS 0x0000000088a00000| PB 0x0000000088a00000| Complete 
| 139|0x0000000088b00000, 0x0000000088c00000, 0x0000000088c00000|100%| E|CS|TAMS 0x0000000088b00000| PB 0x0000000088b00000| Complete 
| 140|0x0000000088c00000, 0x0000000088d00000, 0x0000000088d00000|100%| E|CS|TAMS 0x0000000088c00000| PB 0x0000000088c00000| Complete 
| 141|0x0000000088d00000, 0x0000000088e00000, 0x0000000088e00000|100%| E|CS|TAMS 0x0000000088d00000| PB 0x0000000088d00000| Complete 
| 142|0x0000000088e00000, 0x0000000088f00000, 0x0000000088f00000|100%| E|CS|TAMS 0x0000000088e00000| PB 0x0000000088e00000| Complete 
| 143|0x0000000088f00000, 0x0000000089000000, 0x0000000089000000|100%| E|CS|TAMS 0x0000000088f00000| PB 0x0000000088f00000| Complete 
| 144|0x0000000089000000, 0x0000000089100000, 0x0000000089100000|100%| E|CS|TAMS 0x0000000089000000| PB 0x0000000089000000| Complete 
| 145|0x0000000089100000, 0x0000000089200000, 0x0000000089200000|100%| E|  |TAMS 0x0000000089100000| PB 0x0000000089100000| Complete 
| 146|0x0000000089200000, 0x0000000089300000, 0x0000000089300000|100%| E|CS|TAMS 0x0000000089200000| PB 0x0000000089200000| Complete 
| 147|0x0000000089300000, 0x0000000089400000, 0x0000000089400000|100%| E|CS|TAMS 0x0000000089300000| PB 0x0000000089300000| Complete 
| 148|0x0000000089400000, 0x0000000089500000, 0x0000000089500000|100%| E|CS|TAMS 0x0000000089400000| PB 0x0000000089400000| Complete 
| 149|0x0000000089500000, 0x0000000089600000, 0x0000000089600000|100%| E|CS|TAMS 0x0000000089500000| PB 0x0000000089500000| Complete 
| 150|0x0000000089600000, 0x0000000089700000, 0x0000000089700000|100%| E|CS|TAMS 0x0000000089600000| PB 0x0000000089600000| Complete 
| 151|0x0000000089700000, 0x0000000089800000, 0x0000000089800000|100%| E|CS|TAMS 0x0000000089700000| PB 0x0000000089700000| Complete 
| 152|0x0000000089800000, 0x0000000089900000, 0x0000000089900000|100%| E|CS|TAMS 0x0000000089800000| PB 0x0000000089800000| Complete 
| 153|0x0000000089900000, 0x0000000089a00000, 0x0000000089a00000|100%| E|CS|TAMS 0x0000000089900000| PB 0x0000000089900000| Complete 
| 154|0x0000000089a00000, 0x0000000089b00000, 0x0000000089b00000|100%| E|CS|TAMS 0x0000000089a00000| PB 0x0000000089a00000| Complete 
| 155|0x0000000089b00000, 0x0000000089c00000, 0x0000000089c00000|100%| E|CS|TAMS 0x0000000089b00000| PB 0x0000000089b00000| Complete 
| 156|0x0000000089c00000, 0x0000000089d00000, 0x0000000089d00000|100%| E|CS|TAMS 0x0000000089c00000| PB 0x0000000089c00000| Complete 
| 157|0x0000000089d00000, 0x0000000089e00000, 0x0000000089e00000|100%| E|CS|TAMS 0x0000000089d00000| PB 0x0000000089d00000| Complete 
| 158|0x0000000089e00000, 0x0000000089f00000, 0x0000000089f00000|100%| E|CS|TAMS 0x0000000089e00000| PB 0x0000000089e00000| Complete 
| 159|0x0000000089f00000, 0x000000008a000000, 0x000000008a000000|100%| E|CS|TAMS 0x0000000089f00000| PB 0x0000000089f00000| Complete 
| 160|0x000000008a000000, 0x000000008a100000, 0x000000008a100000|100%| E|CS|TAMS 0x000000008a000000| PB 0x000000008a000000| Complete 
| 161|0x000000008a100000, 0x000000008a200000, 0x000000008a200000|100%| E|CS|TAMS 0x000000008a100000| PB 0x000000008a100000| Complete 
| 162|0x000000008a200000, 0x000000008a300000, 0x000000008a300000|100%| E|CS|TAMS 0x000000008a200000| PB 0x000000008a200000| Complete 
| 163|0x000000008a300000, 0x000000008a400000, 0x000000008a400000|100%| E|CS|TAMS 0x000000008a300000| PB 0x000000008a300000| Complete 
| 164|0x000000008a400000, 0x000000008a500000, 0x000000008a500000|100%| E|CS|TAMS 0x000000008a400000| PB 0x000000008a400000| Complete 
| 165|0x000000008a500000, 0x000000008a600000, 0x000000008a600000|100%| E|CS|TAMS 0x000000008a500000| PB 0x000000008a500000| Complete 
| 166|0x000000008a600000, 0x000000008a700000, 0x000000008a700000|100%| E|CS|TAMS 0x000000008a600000| PB 0x000000008a600000| Complete 
| 167|0x000000008a700000, 0x000000008a800000, 0x000000008a800000|100%| E|CS|TAMS 0x000000008a700000| PB 0x000000008a700000| Complete 
| 253|0x000000008fd00000, 0x000000008fe00000, 0x000000008fe00000|100%| E|CS|TAMS 0x000000008fd00000| PB 0x000000008fd00000| Complete 
|2042|0x00000000ffa00000, 0x00000000ffb00000, 0x00000000ffb00000|100%| O|  |TAMS 0x00000000ffa00000| PB 0x00000000ffa00000| Untracked 
|2043|0x00000000ffb00000, 0x00000000ffc00000, 0x00000000ffc00000|100%| E|CS|TAMS 0x00000000ffb00000| PB 0x00000000ffb00000| Complete 
|2044|0x00000000ffc00000, 0x00000000ffd00000, 0x00000000ffd00000|100%| E|CS|TAMS 0x00000000ffc00000| PB 0x00000000ffc00000| Complete 
|2045|0x00000000ffd00000, 0x00000000ffe00000, 0x00000000ffe00000|100%| O|  |TAMS 0x00000000ffd00000| PB 0x00000000ffd00000| Untracked 
|2046|0x00000000ffe00000, 0x00000000fff00000, 0x00000000fff00000|100%| O|  |TAMS 0x00000000ffe00000| PB 0x00000000ffe00000| Untracked 
|2047|0x00000000fff00000, 0x0000000100000000, 0x0000000100000000|100%| O|  |TAMS 0x00000000fff00000| PB 0x00000000fff00000| Untracked 

Card table byte_map: [0x0000024d7c690000,0x0000024d7ca90000] _byte_map_base: 0x0000024d7c290000

Marking Bits: (CMBitMap*) 0x0000024d7bed71a0
 Bits: [0x0000024d7ca90000, 0x0000024d7ea90000)

Polling page: 0x0000024d79e70000

Metaspace:

Usage:
  Non-class:     83.90 MB used.
      Class:     13.67 MB used.
       Both:     97.56 MB used.

Virtual space:
  Non-class space:      128.00 MB reserved,      85.00 MB ( 66%) committed,  2 nodes.
      Class space:        1.00 GB reserved,      14.81 MB (  1%) committed,  1 nodes.
             Both:        1.12 GB reserved,      99.81 MB (  9%) committed. 

Chunk freelists:
   Non-Class:  10.75 MB
       Class:  1.21 MB
        Both:  11.96 MB

MaxMetaspaceSize: unlimited
CompressedClassSpaceSize: 1.00 GB
Initial GC threshold: 21.00 MB
Current GC threshold: 165.31 MB
CDS: on
 - commit_granule_bytes: 65536.
 - commit_granule_words: 8192.
 - virtual_space_node_default_size: 8388608.
 - enlarge_chunks_in_place: 1.
 - use_allocation_guard: 0.


Internal statistics:

num_allocs_failed_limit: 6.
num_arena_births: 4324.
num_arena_deaths: 0.
num_vsnodes_births: 3.
num_vsnodes_deaths: 0.
num_space_committed: 1597.
num_space_uncommitted: 0.
num_chunks_returned_to_freelist: 6.
num_chunks_taken_from_freelist: 8976.
num_chunk_merges: 6.
num_chunk_splits: 5833.
num_chunks_enlarged: 3646.
num_inconsistent_stats: 0.

CodeHeap 'non-profiled nmethods': size=120000Kb used=7389Kb max_used=7389Kb free=112610Kb
 bounds [0x0000024d10100000, 0x0000024d10840000, 0x0000024d17630000]
CodeHeap 'profiled nmethods': size=120000Kb used=20776Kb max_used=21339Kb free=99224Kb
 bounds [0x0000024d08630000, 0x0000024d09b10000, 0x0000024d0fb60000]
CodeHeap 'non-nmethods': size=5760Kb used=2155Kb max_used=2266Kb free=3604Kb
 bounds [0x0000024d0fb60000, 0x0000024d0fdd0000, 0x0000024d10100000]
 total_blobs=12146 nmethods=11273 adapters=777
 compilation: enabled
              stopped_count=0, restarted_count=0
 full_count=0

Compilation events (20 events):
Event: 18.873 Thread 0x0000024d196620d0 13244       1       org.gradle.api.internal.file.collections.DefaultConfigurableFileCollection::access$1400 (5 bytes)
Event: 18.873 Thread 0x0000024d196620d0 nmethod 13244 0x0000024d10828610 code [0x0000024d108287a0, 0x0000024d10828850]
Event: 18.874 Thread 0x0000024d196620d0 13245       3       org.gradle.api.internal.file.collections.DefaultConfigurableFileCollection$2::visitCollection (50 bytes)
Event: 18.875 Thread 0x0000024d196620d0 nmethod 13245 0x0000024d0956fb10 code [0x0000024d0956fd80, 0x0000024d09570870]
Event: 18.875 Thread 0x0000024d196620d0 13246       3       com.google.common.collect.ImmutableSet::copyOf (27 bytes)
Event: 18.875 Thread 0x0000024d196620d0 nmethod 13246 0x0000024d094e3310 code [0x0000024d094e3500, 0x0000024d094e39a0]
Event: 18.875 Thread 0x0000024d196620d0 13247       3       org.gradle.internal.snapshot.DirectorySnapshot::accept (108 bytes)
Event: 18.877 Thread 0x0000024d196620d0 nmethod 13247 0x0000024d08679010 code [0x0000024d086792e0, 0x0000024d0867a170]
Event: 18.877 Thread 0x0000024d196620d0 13248       3       org.gradle.api.internal.file.collections.DefaultConfigurableFileCollection$UnresolvedItemsCollector::visitContents (58 bytes)
Event: 18.878 Thread 0x0000024d196620d0 nmethod 13248 0x0000024d08bde190 code [0x0000024d08bde3a0, 0x0000024d08bde8b0]
Event: 18.881 Thread 0x0000024d196620d0 13249       3       org.gradle.api.internal.artifacts.transform.ConsumerProvidedVariantFinder$ChainState::<init> (20 bytes)
Event: 18.881 Thread 0x0000024d196620d0 nmethod 13249 0x0000024d0956f490 code [0x0000024d0956f640, 0x0000024d0956f8c0]
Event: 18.881 Thread 0x0000024d196620d0 13250       3       org.gradle.api.internal.artifacts.transform.ConsumerProvidedVariantFinder$$Lambda/0x0000024d1b88ceb8::<init> (15 bytes)
Event: 18.881 Thread 0x0000024d196620d0 nmethod 13250 0x0000024d08bddd10 code [0x0000024d08bddec0, 0x0000024d08bde0e0]
Event: 18.881 Thread 0x0000024d196620d0 13251   !   3       java.util.Collections$SynchronizedMap::get (25 bytes)
Event: 18.881 Thread 0x0000024d196620d0 nmethod 13251 0x0000024d08bdd710 code [0x0000024d08bdd8c0, 0x0000024d08bddb88]
Event: 18.882 Thread 0x0000024d196620d0 13252       3       org.gradle.internal.classloader.VisitableURLClassLoader$Spec::<init> (15 bytes)
Event: 18.882 Thread 0x0000024d196620d0 nmethod 13252 0x0000024d08bdd210 code [0x0000024d08bdd3c0, 0x0000024d08bdd640]
Event: 18.882 Thread 0x0000024d196620d0 13253       3       org.gradle.internal.classloader.VisitableURLClassLoader::visit (38 bytes)
Event: 18.884 Thread 0x0000024d196620d0 nmethod 13253 0x0000024d086e5e90 code [0x0000024d086e6120, 0x0000024d086e7130]

GC Heap History (20 events):
Event: 12.614 GC heap before
{Heap before GC invocations=33 (full 0):
 garbage-first heap   total 137216K, used 122823K [0x0000000080000000, 0x0000000100000000)
  region size 1024K, 45 young (46080K), 4 survivors (4096K)
 Metaspace       used 77901K, committed 79936K, reserved 1179648K
  class space    used 10752K, committed 11776K, reserved 1048576K
}
Event: 12.620 GC heap after
{Heap after GC invocations=34 (full 0):
 garbage-first heap   total 137216K, used 85383K [0x0000000080000000, 0x0000000100000000)
  region size 1024K, 6 young (6144K), 6 survivors (6144K)
 Metaspace       used 77901K, committed 79936K, reserved 1179648K
  class space    used 10752K, committed 11776K, reserved 1048576K
}
Event: 12.941 GC heap before
{Heap before GC invocations=34 (full 0):
 garbage-first heap   total 137216K, used 122247K [0x0000000080000000, 0x0000000100000000)
  region size 1024K, 42 young (43008K), 6 survivors (6144K)
 Metaspace       used 79192K, committed 81216K, reserved 1179648K
  class space    used 10908K, committed 11968K, reserved 1048576K
}
Event: 12.949 GC heap after
{Heap after GC invocations=35 (full 0):
 garbage-first heap   total 164864K, used 88159K [0x0000000080000000, 0x0000000100000000)
  region size 1024K, 5 young (5120K), 5 survivors (5120K)
 Metaspace       used 79192K, committed 81216K, reserved 1179648K
  class space    used 10908K, committed 11968K, reserved 1048576K
}
Event: 13.635 GC heap before
{Heap before GC invocations=35 (full 0):
 garbage-first heap   total 164864K, used 143455K [0x0000000080000000, 0x0000000100000000)
  region size 1024K, 58 young (59392K), 5 survivors (5120K)
 Metaspace       used 83193K, committed 85312K, reserved 1179648K
  class space    used 11535K, committed 12608K, reserved 1048576K
}
Event: 13.639 GC heap after
{Heap after GC invocations=36 (full 0):
 garbage-first heap   total 164864K, used 89738K [0x0000000080000000, 0x0000000100000000)
  region size 1024K, 6 young (6144K), 6 survivors (6144K)
 Metaspace       used 83193K, committed 85312K, reserved 1179648K
  class space    used 11535K, committed 12608K, reserved 1048576K
}
Event: 14.387 GC heap before
{Heap before GC invocations=36 (full 0):
 garbage-first heap   total 164864K, used 146058K [0x0000000080000000, 0x0000000100000000)
  region size 1024K, 61 young (62464K), 6 survivors (6144K)
 Metaspace       used 87186K, committed 89408K, reserved 1179648K
  class space    used 12152K, committed 13248K, reserved 1048576K
}
Event: 14.392 GC heap after
{Heap after GC invocations=37 (full 0):
 garbage-first heap   total 164864K, used 92473K [0x0000000080000000, 0x0000000100000000)
  region size 1024K, 5 young (5120K), 5 survivors (5120K)
 Metaspace       used 87186K, committed 89408K, reserved 1179648K
  class space    used 12152K, committed 13248K, reserved 1048576K
}
Event: 15.055 GC heap before
{Heap before GC invocations=37 (full 0):
 garbage-first heap   total 164864K, used 147769K [0x0000000080000000, 0x0000000100000000)
  region size 1024K, 59 young (60416K), 5 survivors (5120K)
 Metaspace       used 90994K, committed 93248K, reserved 1179648K
  class space    used 12701K, committed 13824K, reserved 1048576K
}
Event: 15.063 GC heap after
{Heap after GC invocations=38 (full 0):
 garbage-first heap   total 164864K, used 95730K [0x0000000080000000, 0x0000000100000000)
  region size 1024K, 7 young (7168K), 7 survivors (7168K)
 Metaspace       used 90994K, committed 93248K, reserved 1179648K
  class space    used 12701K, committed 13824K, reserved 1048576K
}
Event: 15.849 GC heap before
{Heap before GC invocations=39 (full 0):
 garbage-first heap   total 164864K, used 146930K [0x0000000080000000, 0x0000000100000000)
  region size 1024K, 57 young (58368K), 7 survivors (7168K)
 Metaspace       used 95357K, committed 97600K, reserved 1179648K
  class space    used 13335K, committed 14464K, reserved 1048576K
}
Event: 15.858 GC heap after
{Heap after GC invocations=40 (full 0):
 garbage-first heap   total 164864K, used 98019K [0x0000000080000000, 0x0000000100000000)
  region size 1024K, 6 young (6144K), 6 survivors (6144K)
 Metaspace       used 95357K, committed 97600K, reserved 1179648K
  class space    used 13335K, committed 14464K, reserved 1048576K
}
Event: 16.741 GC heap before
{Heap before GC invocations=40 (full 0):
 garbage-first heap   total 164864K, used 148195K [0x0000000080000000, 0x0000000100000000)
  region size 1024K, 55 young (56320K), 6 survivors (6144K)
 Metaspace       used 98656K, committed 100992K, reserved 1179648K
  class space    used 13849K, committed 15040K, reserved 1048576K
}
Event: 16.749 GC heap after
{Heap after GC invocations=41 (full 0):
 garbage-first heap   total 164864K, used 99876K [0x0000000080000000, 0x0000000100000000)
  region size 1024K, 7 young (7168K), 7 survivors (7168K)
 Metaspace       used 98656K, committed 100992K, reserved 1179648K
  class space    used 13849K, committed 15040K, reserved 1048576K
}
Event: 17.208 GC heap before
{Heap before GC invocations=41 (full 0):
 garbage-first heap   total 164864K, used 146980K [0x0000000080000000, 0x0000000100000000)
  region size 1024K, 54 young (55296K), 7 survivors (7168K)
 Metaspace       used 99278K, committed 101568K, reserved 1179648K
  class space    used 13886K, committed 15040K, reserved 1048576K
}
Event: 17.219 GC heap after
{Heap after GC invocations=42 (full 0):
 garbage-first heap   total 164864K, used 106960K [0x0000000080000000, 0x0000000100000000)
  region size 1024K, 7 young (7168K), 7 survivors (7168K)
 Metaspace       used 99278K, committed 101568K, reserved 1179648K
  class space    used 13886K, committed 15040K, reserved 1048576K
}
Event: 17.481 GC heap before
{Heap before GC invocations=43 (full 0):
 garbage-first heap   total 179200K, used 146896K [0x0000000080000000, 0x0000000100000000)
  region size 1024K, 46 young (47104K), 7 survivors (7168K)
 Metaspace       used 99286K, committed 101568K, reserved 1179648K
  class space    used 13886K, committed 15040K, reserved 1048576K
}
Event: 17.489 GC heap after
{Heap after GC invocations=44 (full 0):
 garbage-first heap   total 179200K, used 108332K [0x0000000080000000, 0x0000000100000000)
  region size 1024K, 4 young (4096K), 4 survivors (4096K)
 Metaspace       used 99286K, committed 101568K, reserved 1179648K
  class space    used 13886K, committed 15040K, reserved 1048576K
}
Event: 18.372 GC heap before
{Heap before GC invocations=44 (full 0):
 garbage-first heap   total 179200K, used 161580K [0x0000000080000000, 0x0000000100000000)
  region size 1024K, 57 young (58368K), 4 survivors (4096K)
 Metaspace       used 99808K, committed 102144K, reserved 1179648K
  class space    used 13982K, committed 15168K, reserved 1048576K
}
Event: 18.384 GC heap after
{Heap after GC invocations=45 (full 0):
 garbage-first heap   total 179200K, used 108551K [0x0000000080000000, 0x0000000100000000)
  region size 1024K, 7 young (7168K), 7 survivors (7168K)
 Metaspace       used 99808K, committed 102144K, reserved 1179648K
  class space    used 13982K, committed 15168K, reserved 1048576K
}

Dll operation events (15 events):
Event: 0.007 Loaded shared library C:\Users\Admin\.jdks\ms-21.0.7\bin\java.dll
Event: 0.033 Loaded shared library C:\Users\Admin\.jdks\ms-21.0.7\bin\jsvml.dll
Event: 0.067 Loaded shared library C:\Users\Admin\.jdks\ms-21.0.7\bin\zip.dll
Event: 0.071 Loaded shared library C:\Users\Admin\.jdks\ms-21.0.7\bin\instrument.dll
Event: 0.074 Loaded shared library C:\Users\Admin\.jdks\ms-21.0.7\bin\net.dll
Event: 0.076 Loaded shared library C:\Users\Admin\.jdks\ms-21.0.7\bin\nio.dll
Event: 0.078 Loaded shared library C:\Users\Admin\.jdks\ms-21.0.7\bin\zip.dll
Event: 0.238 Loaded shared library C:\Users\Admin\.jdks\ms-21.0.7\bin\jimage.dll
Event: 0.335 Loaded shared library C:\Users\Admin\.jdks\ms-21.0.7\bin\verify.dll
Event: 0.417 Loaded shared library D:\.jdks\corretto-21.0.4\native\1def1411415f61bf3af743bc5b6707747c0891f09f0c88961ee8f79bc544acac\windows-amd64\native-platform.dll
Event: 0.431 Loaded shared library D:\.jdks\corretto-21.0.4\native\0.2.7\x86_64-windows-gnu\gradle-fileevents.dll
Event: 1.057 Loaded shared library C:\Users\Admin\.jdks\ms-21.0.7\bin\management.dll
Event: 1.059 Loaded shared library C:\Users\Admin\.jdks\ms-21.0.7\bin\management_ext.dll
Event: 1.222 Loaded shared library C:\Users\Admin\.jdks\ms-21.0.7\bin\extnet.dll
Event: 1.454 Loaded shared library C:\Users\Admin\.jdks\ms-21.0.7\bin\sunmscapi.dll

Deoptimization events (20 events):
Event: 18.089 Thread 0x0000024d665b5f60 DEOPT PACKING pc=0x0000024d08e06bb4 sp=0x000000b989efb040
Event: 18.089 Thread 0x0000024d665b5f60 DEOPT UNPACKING pc=0x0000024d0fbb4e42 sp=0x000000b989efa548 mode 0
Event: 18.089 Thread 0x0000024d665b5f60 DEOPT PACKING pc=0x0000024d08e06bb4 sp=0x000000b989efb400
Event: 18.089 Thread 0x0000024d665b5f60 DEOPT UNPACKING pc=0x0000024d0fbb4e42 sp=0x000000b989efa908 mode 0
Event: 18.318 Thread 0x0000024d665b5f60 Uncommon trap: trap_request=0xffffffd6 fr.pc=0x0000024d107fe190 relative=0x0000000000001350
Event: 18.318 Thread 0x0000024d665b5f60 Uncommon trap: reason=array_check action=maybe_recompile pc=0x0000024d107fe190 method=java.util.TimSort.reverseRange([Ljava/lang/Object;II)V @ 27 c2
Event: 18.318 Thread 0x0000024d665b5f60 DEOPT PACKING pc=0x0000024d107fe190 sp=0x000000b989efa7e0
Event: 18.318 Thread 0x0000024d665b5f60 DEOPT UNPACKING pc=0x0000024d0fbb46a2 sp=0x000000b989efa610 mode 2
Event: 18.319 Thread 0x0000024d665b5f60 Uncommon trap: trap_request=0xffffffd6 fr.pc=0x0000024d107fe190 relative=0x0000000000001350
Event: 18.319 Thread 0x0000024d665b5f60 Uncommon trap: reason=array_check action=maybe_recompile pc=0x0000024d107fe190 method=java.util.TimSort.reverseRange([Ljava/lang/Object;II)V @ 27 c2
Event: 18.319 Thread 0x0000024d665b5f60 DEOPT PACKING pc=0x0000024d107fe190 sp=0x000000b989efa590
Event: 18.319 Thread 0x0000024d665b5f60 DEOPT UNPACKING pc=0x0000024d0fbb46a2 sp=0x000000b989efa3c0 mode 2
Event: 18.320 Thread 0x0000024d665b5f60 Uncommon trap: trap_request=0xffffffd6 fr.pc=0x0000024d107e9e8c relative=0x00000000000008ac
Event: 18.320 Thread 0x0000024d665b5f60 Uncommon trap: reason=array_check action=maybe_recompile pc=0x0000024d107e9e8c method=java.util.TimSort.reverseRange([Ljava/lang/Object;II)V @ 27 c2
Event: 18.320 Thread 0x0000024d665b5f60 DEOPT PACKING pc=0x0000024d107e9e8c sp=0x000000b989efa6a0
Event: 18.320 Thread 0x0000024d665b5f60 DEOPT UNPACKING pc=0x0000024d0fbb46a2 sp=0x000000b989efa5d0 mode 2
Event: 18.574 Thread 0x0000024d665b5f60 Uncommon trap: trap_request=0xffffff45 fr.pc=0x0000024d10806404 relative=0x0000000000000dc4
Event: 18.574 Thread 0x0000024d665b5f60 Uncommon trap: reason=unstable_if action=reinterpret pc=0x0000024d10806404 method=org.gradle.internal.snapshot.impl.AbstractValueProcessor.processValue(Ljava/lang/Object;Lorg/gradle/internal/snapshot/impl/AbstractValueProcessor$ValueVisitor;)Ljava/lang/Ob
Event: 18.574 Thread 0x0000024d665b5f60 DEOPT PACKING pc=0x0000024d10806404 sp=0x000000b989efce40
Event: 18.574 Thread 0x0000024d665b5f60 DEOPT UNPACKING pc=0x0000024d0fbb46a2 sp=0x000000b989efce00 mode 2

Classes loaded (20 events):
Event: 16.886 Loading class java/io/CharArrayWriter
Event: 16.886 Loading class java/io/CharArrayWriter done
Event: 16.893 Loading class java/io/SequenceInputStream
Event: 16.893 Loading class java/io/SequenceInputStream done
Event: 16.904 Loading class java/util/function/IntUnaryOperator
Event: 16.904 Loading class java/util/function/IntUnaryOperator done
Event: 17.711 Loading class java/util/stream/ReferencePipeline$4
Event: 17.711 Loading class java/util/stream/IntPipeline$StatelessOp
Event: 17.711 Loading class java/util/stream/IntPipeline$StatelessOp done
Event: 17.711 Loading class java/util/stream/ReferencePipeline$4 done
Event: 17.712 Loading class java/util/stream/ReduceOps$6
Event: 17.712 Loading class java/util/stream/ReduceOps$6 done
Event: 17.712 Loading class java/util/stream/ReduceOps$5ReducingSink
Event: 17.712 Loading class java/util/stream/ReduceOps$5ReducingSink done
Event: 17.712 Loading class java/util/stream/ReferencePipeline$4$1
Event: 17.712 Loading class java/util/stream/ReferencePipeline$4$1 done
Event: 18.636 Loading class java/util/concurrent/ConcurrentSkipListMap$KeySet
Event: 18.637 Loading class java/util/concurrent/ConcurrentSkipListMap$KeySet done
Event: 18.637 Loading class java/util/concurrent/ConcurrentSkipListMap$KeyIterator
Event: 18.637 Loading class java/util/concurrent/ConcurrentSkipListMap$KeyIterator done

Classes unloaded (0 events):
No events

Classes redefined (0 events):
No events

Internal exceptions (20 events):
Event: 16.601 Thread 0x0000024d603ab900 Exception <a 'java/lang/NoSuchMethodError'{0x0000000087168938}: static Lorg/gradle/internal/build/event/types/AbstractTaskResult;.<clinit>()V> (0x0000000087168938) 
thrown [s\src\hotspot\share\prims\jni.cpp, line 1111]
Event: 16.620 Thread 0x0000024d62b9d4c0 Exception <a 'java/lang/NoSuchMethodError'{0x0000000087086d40}: static Lcom/android/buildanalyzer/common/AndroidGradlePluginAttributionData$BuildInfo;.<clinit>()V> (0x0000000087086d40) 
thrown [s\src\hotspot\share\prims\jni.cpp, line 1111]
Event: 16.622 Thread 0x0000024d62b9d4c0 Exception <a 'java/lang/NoSuchMethodError'{0x00000000870a9590}: static Lcom/android/buildanalyzer/common/AndroidGradlePluginAttributionData$JavaInfo;.<clinit>()V> (0x00000000870a9590) 
thrown [s\src\hotspot\share\prims\jni.cpp, line 1111]
Event: 16.627 Thread 0x0000024d62b9d4c0 Exception <a 'java/lang/NoSuchMethodError'{0x0000000086f0f330}: static [Ljava/lang/String;.<clinit>()V> (0x0000000086f0f330) 
thrown [s\src\hotspot\share\prims\jni.cpp, line 1111]
Event: 16.628 Thread 0x0000024d62b9d4c0 Exception <a 'java/lang/NoSuchMethodError'{0x0000000086f1b4d8}: static Lcom/android/buildanalyzer/common/AndroidGradlePluginAttributionData$TaskInfo;.<clinit>()V> (0x0000000086f1b4d8) 
thrown [s\src\hotspot\share\prims\jni.cpp, line 1111]
Event: 16.630 Thread 0x0000024d62b9d4c0 Exception <a 'java/lang/NoSuchMethodError'{0x0000000086f287e8}: static Lcom/android/buildanalyzer/common/AndroidGradlePluginAttributionData$TaskCategoryInfo;.<clinit>()V> (0x0000000086f287e8) 
thrown [s\src\hotspot\share\prims\jni.cpp, line 1111]
Event: 16.637 Thread 0x0000024d665b8d50 Exception <a 'sun/nio/fs/WindowsException'{0x0000000086f92cd8}> (0x0000000086f92cd8) 
thrown [s\src\hotspot\share\prims\jni.cpp, line 520]
Event: 16.660 Thread 0x0000024d603ab900 Exception <a 'java/lang/NoSuchMethodError'{0x0000000086d33cc8}: static Lorg/gradle/internal/build/event/types/DefaultTaskSkippedResult;.<clinit>()V> (0x0000000086d33cc8) 
thrown [s\src\hotspot\share\prims\jni.cpp, line 1111]
Event: 16.688 Thread 0x0000024d665b8d50 Exception <a 'java/lang/IncompatibleClassChangeError'{0x0000000086db1008}: Found class java.lang.Object, but interface was expected> (0x0000000086db1008) 
thrown [s\src\hotspot\share\interpreter\linkResolver.cpp, line 840]
Event: 16.904 Thread 0x0000024d665b8d50 Exception <a 'java/lang/NoSuchMethodError'{0x0000000089b9f5f0}: 'int java.lang.invoke.DirectMethodHandle$Holder.invokeSpecial(java.lang.Object, java.lang.Object, int)'> (0x0000000089b9f5f0) 
thrown [s\src\hotspot\share\interpreter\linkResolver.cpp, line 773]
Event: 17.099 Thread 0x0000024d665b8d50 Implicit null exception at 0x0000024d1074d644 to 0x0000024d1074d720
Event: 17.118 Thread 0x0000024d665b93e0 Implicit null exception at 0x0000024d105c186f to 0x0000024d105c1920
Event: 17.157 Thread 0x0000024d665bb4b0 Implicit null exception at 0x0000024d10335fed to 0x0000024d103361f8
Event: 17.558 Thread 0x0000024d665b8d50 Exception <a 'java/lang/NoSuchMethodError'{0x000000008a0466d0}: 'int java.lang.invoke.DirectMethodHandle$Holder.invokeStaticInit(java.lang.Object, java.lang.Object, java.lang.Object, java.lang.Object, java.lang.Object)'> (0x000000008a0466d0) 
thrown [s\src\hotspot\share\interpreter\linkResolver.cpp, line 773]
Event: 18.642 Thread 0x0000024d665b5f60 Exception <a 'java/lang/NoSuchMethodError'{0x000000008a0beb28}: static Lcom/android/build/gradle/internal/scope/InternalArtifactType;.<clinit>()V> (0x000000008a0beb28) 
thrown [s\src\hotspot\share\prims\jni.cpp, line 1111]
Event: 18.642 Thread 0x0000024d665b5f60 Exception <a 'java/lang/NoSuchMethodError'{0x000000008a0c0158}: static Lcom/android/build/gradle/internal/scope/InternalArtifactType;.<clinit>()V> (0x000000008a0c0158) 
thrown [s\src\hotspot\share\prims\jni.cpp, line 1111]
Event: 18.642 Thread 0x0000024d665b5f60 Exception <a 'java/lang/NoSuchMethodError'{0x000000008a0c3950}: static Lcom/android/build/api/artifact/Artifact$Single;.<clinit>()V> (0x000000008a0c3950) 
thrown [s\src\hotspot\share\prims\jni.cpp, line 1111]
Event: 18.642 Thread 0x0000024d665b5f60 Exception <a 'java/lang/NoSuchMethodError'{0x000000008a0c5dc0}: static Ljava/lang/Object;.<clinit>()V> (0x000000008a0c5dc0) 
thrown [s\src\hotspot\share\prims\jni.cpp, line 1111]
Event: 18.647 Thread 0x0000024d665b5f60 Exception <a 'java/lang/NoSuchMethodError'{0x000000008a0df078}: static Lcom/android/build/api/artifact/ArtifactKind;.<clinit>()V> (0x000000008a0df078) 
thrown [s\src\hotspot\share\prims\jni.cpp, line 1111]
Event: 18.647 Thread 0x0000024d665b5f60 Exception <a 'java/lang/NoSuchMethodError'{0x000000008a0e04c8}: static Lcom/android/build/api/artifact/ArtifactKind;.<clinit>()V> (0x000000008a0e04c8) 
thrown [s\src\hotspot\share\prims\jni.cpp, line 1111]

ZGC Phase Switch (0 events):
No events

VM Operations (20 events):
Event: 17.433 Executing VM operation: G1PauseCleanup
Event: 17.433 Executing VM operation: G1PauseCleanup done
Event: 17.480 Executing VM operation: G1CollectForAllocation (G1 Evacuation Pause)
Event: 17.489 Executing VM operation: G1CollectForAllocation (G1 Evacuation Pause) done
Event: 17.572 Executing VM operation: HandshakeAllThreads (Deoptimize)
Event: 17.572 Executing VM operation: HandshakeAllThreads (Deoptimize) done
Event: 17.690 Executing VM operation: HandshakeAllThreads (Deoptimize)
Event: 17.690 Executing VM operation: HandshakeAllThreads (Deoptimize) done
Event: 17.716 Executing VM operation: ICBufferFull
Event: 17.716 Executing VM operation: ICBufferFull done
Event: 18.019 Executing VM operation: HandshakeAllThreads (Deoptimize)
Event: 18.019 Executing VM operation: HandshakeAllThreads (Deoptimize) done
Event: 18.086 Executing VM operation: HandshakeAllThreads (Deoptimize)
Event: 18.086 Executing VM operation: HandshakeAllThreads (Deoptimize) done
Event: 18.089 Executing VM operation: HandshakeAllThreads (Deoptimize)
Event: 18.089 Executing VM operation: HandshakeAllThreads (Deoptimize) done
Event: 18.319 Executing VM operation: ICBufferFull
Event: 18.319 Executing VM operation: ICBufferFull done
Event: 18.372 Executing VM operation: G1CollectForAllocation (G1 Evacuation Pause)
Event: 18.384 Executing VM operation: G1CollectForAllocation (G1 Evacuation Pause) done

Memory protections (0 events):
No events

Nmethod flushes (20 events):
Event: 17.368 Thread 0x0000024d7f50b3f0 flushing  nmethod 0x0000024d08f65e90
Event: 17.368 Thread 0x0000024d7f50b3f0 flushing  nmethod 0x0000024d08f68f10
Event: 17.368 Thread 0x0000024d7f50b3f0 flushing  nmethod 0x0000024d08f88710
Event: 17.368 Thread 0x0000024d7f50b3f0 flushing  nmethod 0x0000024d08f90590
Event: 17.368 Thread 0x0000024d7f50b3f0 flushing  nmethod 0x0000024d08ff0b90
Event: 17.368 Thread 0x0000024d7f50b3f0 flushing  nmethod 0x0000024d08ff4310
Event: 17.368 Thread 0x0000024d7f50b3f0 flushing  nmethod 0x0000024d08ff5710
Event: 17.368 Thread 0x0000024d7f50b3f0 flushing  nmethod 0x0000024d08ff6a10
Event: 17.368 Thread 0x0000024d7f50b3f0 flushing  nmethod 0x0000024d0905c590
Event: 17.368 Thread 0x0000024d7f50b3f0 flushing  nmethod 0x0000024d0905cf90
Event: 17.368 Thread 0x0000024d7f50b3f0 flushing  nmethod 0x0000024d09060590
Event: 17.368 Thread 0x0000024d7f50b3f0 flushing  nmethod 0x0000024d09185790
Event: 17.368 Thread 0x0000024d7f50b3f0 flushing  nmethod 0x0000024d09278c90
Event: 17.368 Thread 0x0000024d7f50b3f0 flushing  nmethod 0x0000024d092b6790
Event: 17.368 Thread 0x0000024d7f50b3f0 flushing  nmethod 0x0000024d093c8a90
Event: 17.368 Thread 0x0000024d7f50b3f0 flushing  nmethod 0x0000024d093cc910
Event: 17.368 Thread 0x0000024d7f50b3f0 flushing  nmethod 0x0000024d0968d110
Event: 17.368 Thread 0x0000024d7f50b3f0 flushing  nmethod 0x0000024d0974b090
Event: 17.368 Thread 0x0000024d7f50b3f0 flushing  nmethod 0x0000024d0974bb90
Event: 17.368 Thread 0x0000024d7f50b3f0 flushing  nmethod 0x0000024d09781910

Events (20 events):
Event: 18.321 Thread 0x0000024d665b5f60 Thread added: 0x0000024d63b47c40
Event: 18.322 Thread 0x0000024d665b5f60 Thread added: 0x0000024d63b48ff0
Event: 18.322 Thread 0x0000024d665b5f60 Thread added: 0x0000024d6565e220
Event: 18.322 Thread 0x0000024d665b5f60 Thread added: 0x0000024d6565c7e0
Event: 18.323 Thread 0x0000024d665b5f60 Thread added: 0x0000024d656599f0
Event: 18.663 Thread 0x0000024d665b5f60 Thread added: 0x0000024d65658cd0
Event: 18.677 Thread 0x0000024d665b5f60 Thread added: 0x0000024d6565ce70
Event: 18.678 Thread 0x0000024d665b5f60 Thread added: 0x0000024d6565ada0
Event: 18.679 Thread 0x0000024d665b5f60 Thread added: 0x0000024d65657920
Event: 18.679 Thread 0x0000024d665b5f60 Thread added: 0x0000024d6565d500
Event: 18.680 Thread 0x0000024d665b5f60 Thread added: 0x0000024d6565c150
Event: 18.680 Thread 0x0000024d665b5f60 Thread added: 0x0000024d6565e8b0
Event: 18.680 Thread 0x0000024d665b5f60 Thread added: 0x0000024d6565b430
Event: 18.882 Thread 0x0000024d665b5f60 Thread added: 0x0000024d65659360
Event: 18.883 Thread 0x0000024d665b5f60 Thread added: 0x0000024d65658640
Event: 18.885 Thread 0x0000024d665b5f60 Thread added: 0x0000024d65657fb0
Event: 18.886 Thread 0x0000024d665b5f60 Thread added: 0x0000024d6565bac0
Event: 18.886 Thread 0x0000024d665b5f60 Thread added: 0x0000024d6565db90
Event: 18.887 Thread 0x0000024d665b5f60 Thread added: 0x0000024d6565a710
Event: 18.887 Thread 0x0000024d665b5f60 Thread added: 0x0000024d6b728bd0


Dynamic libraries:
0x00007ff70faa0000 - 0x00007ff70faae000 	C:\Users\Admin\.jdks\ms-21.0.7\bin\java.exe
0x00007ffedffd0000 - 0x00007ffee01c8000 	C:\WINDOWS\SYSTEM32\ntdll.dll
0x00007ffedf140000 - 0x00007ffedf201000 	C:\WINDOWS\System32\KERNEL32.DLL
0x00007ffedd6f0000 - 0x00007ffedd9e6000 	C:\WINDOWS\System32\KERNELBASE.dll
0x00007ffeddb20000 - 0x00007ffeddc20000 	C:\WINDOWS\System32\ucrtbase.dll
0x00007ffec1d10000 - 0x00007ffec1d28000 	C:\Users\Admin\.jdks\ms-21.0.7\bin\jli.dll
0x00007ffec1a40000 - 0x00007ffec1a5d000 	C:\Users\Admin\.jdks\ms-21.0.7\bin\VCRUNTIME140.dll
0x00007ffedfc30000 - 0x00007ffedfdcf000 	C:\WINDOWS\System32\USER32.dll
0x00007ffeddaf0000 - 0x00007ffeddb12000 	C:\WINDOWS\System32\win32u.dll
0x00007ffec4600000 - 0x00007ffec489a000 	C:\WINDOWS\WinSxS\amd64_microsoft.windows.common-controls_6595b64144ccf1df_6.0.19041.4355_none_60b8b9eb71f62e16\COMCTL32.dll
0x00007ffedee50000 - 0x00007ffedee7b000 	C:\WINDOWS\System32\GDI32.dll
0x00007ffeddee0000 - 0x00007ffeddff7000 	C:\WINDOWS\System32\gdi32full.dll
0x00007ffedfdd0000 - 0x00007ffedfe6e000 	C:\WINDOWS\System32\msvcrt.dll
0x00007ffedddb0000 - 0x00007ffedde4d000 	C:\WINDOWS\System32\msvcp_win.dll
0x00007ffede6b0000 - 0x00007ffede6df000 	C:\WINDOWS\System32\IMM32.DLL
0x00007ffec4bd0000 - 0x00007ffec4bdc000 	C:\Users\Admin\.jdks\ms-21.0.7\bin\vcruntime140_1.dll
0x00007ffe99690000 - 0x00007ffe9971d000 	C:\Users\Admin\.jdks\ms-21.0.7\bin\msvcp140.dll
0x00007ffe66940000 - 0x00007ffe676d8000 	C:\Users\Admin\.jdks\ms-21.0.7\bin\server\jvm.dll
0x00007ffedf210000 - 0x00007ffedf2c0000 	C:\WINDOWS\System32\ADVAPI32.dll
0x00007ffedf820000 - 0x00007ffedf8c0000 	C:\WINDOWS\System32\sechost.dll
0x00007ffedef60000 - 0x00007ffedf083000 	C:\WINDOWS\System32\RPCRT4.dll
0x00007ffeddd80000 - 0x00007ffeddda7000 	C:\WINDOWS\System32\bcrypt.dll
0x00007ffedf2c0000 - 0x00007ffedf32b000 	C:\WINDOWS\System32\WS2_32.dll
0x00007ffedcba0000 - 0x00007ffedcbeb000 	C:\WINDOWS\SYSTEM32\POWRPROF.dll
0x00007ffecc1a0000 - 0x00007ffecc1c7000 	C:\WINDOWS\SYSTEM32\WINMM.dll
0x00007ffed0940000 - 0x00007ffed094a000 	C:\WINDOWS\SYSTEM32\VERSION.dll
0x00007ffedca70000 - 0x00007ffedca82000 	C:\WINDOWS\SYSTEM32\UMPDC.dll
0x00007ffedbe80000 - 0x00007ffedbe92000 	C:\WINDOWS\SYSTEM32\kernel.appcore.dll
0x00007ffec45a0000 - 0x00007ffec45aa000 	C:\Users\Admin\.jdks\ms-21.0.7\bin\jimage.dll
0x00007ffedbb90000 - 0x00007ffedbd74000 	C:\WINDOWS\SYSTEM32\DBGHELP.DLL
0x00007ffec2eb0000 - 0x00007ffec2ee4000 	C:\WINDOWS\SYSTEM32\dbgcore.DLL
0x00007ffedde50000 - 0x00007ffedded2000 	C:\WINDOWS\System32\bcryptPrimitives.dll
0x00007ffed1e70000 - 0x00007ffed1e7f000 	C:\Users\Admin\.jdks\ms-21.0.7\bin\instrument.dll
0x00007ffebbd90000 - 0x00007ffebbdb0000 	C:\Users\Admin\.jdks\ms-21.0.7\bin\java.dll
0x00007ffede6e0000 - 0x00007ffedee4c000 	C:\WINDOWS\System32\SHELL32.dll
0x00007ffedb330000 - 0x00007ffedbace000 	C:\WINDOWS\SYSTEM32\windows.storage.dll
0x00007ffede1e0000 - 0x00007ffede533000 	C:\WINDOWS\System32\combase.dll
0x00007ffedd0a0000 - 0x00007ffedd0ce000 	C:\WINDOWS\SYSTEM32\Wldp.dll
0x00007ffede550000 - 0x00007ffede61d000 	C:\WINDOWS\System32\OLEAUT32.dll
0x00007ffedf090000 - 0x00007ffedf13d000 	C:\WINDOWS\System32\SHCORE.dll
0x00007ffedfa90000 - 0x00007ffedfae5000 	C:\WINDOWS\System32\shlwapi.dll
0x00007ffedd5b0000 - 0x00007ffedd5d4000 	C:\WINDOWS\SYSTEM32\profapi.dll
0x00007ffe995b0000 - 0x00007ffe99686000 	C:\Users\Admin\.jdks\ms-21.0.7\bin\jsvml.dll
0x00007ffeb2730000 - 0x00007ffeb2748000 	C:\Users\Admin\.jdks\ms-21.0.7\bin\zip.dll
0x00007ffebc050000 - 0x00007ffebc060000 	C:\Users\Admin\.jdks\ms-21.0.7\bin\net.dll
0x00007ffed1460000 - 0x00007ffed156a000 	C:\WINDOWS\SYSTEM32\WINHTTP.dll
0x00007ffedce00000 - 0x00007ffedce6a000 	C:\WINDOWS\system32\mswsock.dll
0x00007ffeaea60000 - 0x00007ffeaea76000 	C:\Users\Admin\.jdks\ms-21.0.7\bin\nio.dll
0x00007ffec2ff0000 - 0x00007ffec3000000 	C:\Users\Admin\.jdks\ms-21.0.7\bin\verify.dll
0x00007ffec3fe0000 - 0x00007ffec4007000 	D:\.jdks\corretto-21.0.4\native\1def1411415f61bf3af743bc5b6707747c0891f09f0c88961ee8f79bc544acac\windows-amd64\native-platform.dll
0x00007ffe99530000 - 0x00007ffe995a8000 	D:\.jdks\corretto-21.0.4\native\0.2.7\x86_64-windows-gnu\gradle-fileevents.dll
0x00007ffeba3a0000 - 0x00007ffeba3aa000 	C:\Users\Admin\.jdks\ms-21.0.7\bin\management.dll
0x00007ffeb8be0000 - 0x00007ffeb8beb000 	C:\Users\Admin\.jdks\ms-21.0.7\bin\management_ext.dll
0x00007ffede540000 - 0x00007ffede548000 	C:\WINDOWS\System32\PSAPI.DLL
0x00007ffedca90000 - 0x00007ffedcacb000 	C:\WINDOWS\SYSTEM32\IPHLPAPI.DLL
0x00007ffedfaf0000 - 0x00007ffedfaf8000 	C:\WINDOWS\System32\NSI.dll
0x00007ffed5a70000 - 0x00007ffed5a79000 	C:\Users\Admin\.jdks\ms-21.0.7\bin\extnet.dll
0x00007ffedcff0000 - 0x00007ffedd008000 	C:\WINDOWS\SYSTEM32\CRYPTSP.dll
0x00007ffedc6b0000 - 0x00007ffedc6e4000 	C:\WINDOWS\system32\rsaenh.dll
0x00007ffedd520000 - 0x00007ffedd54e000 	C:\WINDOWS\SYSTEM32\USERENV.dll
0x00007ffedd010000 - 0x00007ffedd01c000 	C:\WINDOWS\SYSTEM32\CRYPTBASE.dll
0x00007ffec0930000 - 0x00007ffec093e000 	C:\Users\Admin\.jdks\ms-21.0.7\bin\sunmscapi.dll
0x00007ffeddc20000 - 0x00007ffeddd7e000 	C:\WINDOWS\System32\CRYPT32.dll
0x00007ffedd110000 - 0x00007ffedd139000 	C:\WINDOWS\SYSTEM32\ncrypt.dll
0x00007ffedd0d0000 - 0x00007ffedd10b000 	C:\WINDOWS\SYSTEM32\NTASN1.dll
0x00007ffed5d50000 - 0x00007ffed5d57000 	C:\WINDOWS\system32\wshunix.dll

dbghelp: loaded successfully - version: 4.0.5 - missing functions: none
symbol engine: initialized successfully - sym options: 0x614 - pdb path: .;C:\Users\Admin\.jdks\ms-21.0.7\bin;C:\WINDOWS\SYSTEM32;C:\WINDOWS\WinSxS\amd64_microsoft.windows.common-controls_6595b64144ccf1df_6.0.19041.4355_none_60b8b9eb71f62e16;C:\Users\Admin\.jdks\ms-21.0.7\bin\server;D:\.jdks\corretto-21.0.4\native\1def1411415f61bf3af743bc5b6707747c0891f09f0c88961ee8f79bc544acac\windows-amd64;D:\.jdks\corretto-21.0.4\native\0.2.7\x86_64-windows-gnu

VM Arguments:
jvm_args: --add-opens=java.base/java.lang=ALL-UNNAMED --add-opens=java.base/java.lang.invoke=ALL-UNNAMED --add-opens=java.base/java.util=ALL-UNNAMED --add-opens=java.prefs/java.util.prefs=ALL-UNNAMED --add-exports=jdk.compiler/com.sun.tools.javac.api=ALL-UNNAMED --add-exports=jdk.compiler/com.sun.tools.javac.util=ALL-UNNAMED --add-opens=java.base/java.util=ALL-UNNAMED --add-opens=java.prefs/java.util.prefs=ALL-UNNAMED --add-opens=java.base/java.nio.charset=ALL-UNNAMED --add-opens=java.base/java.net=ALL-UNNAMED --add-opens=java.base/java.util.concurrent.atomic=ALL-UNNAMED --add-opens=java.xml/javax.xml.namespace=ALL-UNNAMED -Xmx2048m -Dfile.encoding=UTF-8 -Duser.country=US -Duser.language=en -Duser.variant -javaagent:D:\.jdks\corretto-21.0.4\wrapper\dists\gradle-8.13-bin\5xuhj0ry160q40clulazy9h7d\gradle-8.13\lib\agents\gradle-instrumentation-agent-8.13.jar 
java_command: org.gradle.launcher.daemon.bootstrap.GradleDaemon 8.13
java_class_path (initial): D:\.jdks\corretto-21.0.4\wrapper\dists\gradle-8.13-bin\5xuhj0ry160q40clulazy9h7d\gradle-8.13\lib\gradle-daemon-main-8.13.jar
Launcher Type: SUN_STANDARD

[Global flags]
     intx CICompilerCount                          = 4                                         {product} {ergonomic}
     uint ConcGCThreads                            = 2                                         {product} {ergonomic}
     uint G1ConcRefinementThreads                  = 8                                         {product} {ergonomic}
   size_t G1HeapRegionSize                         = 1048576                                   {product} {ergonomic}
    uintx GCDrainStackTargetSize                   = 64                                        {product} {ergonomic}
   size_t InitialHeapSize                          = 266338304                                 {product} {ergonomic}
   size_t MarkStackSize                            = 4194304                                   {product} {ergonomic}
   size_t MaxHeapSize                              = 2147483648                                {product} {command line}
   size_t MaxNewSize                               = 1287651328                                {product} {ergonomic}
   size_t MinHeapDeltaBytes                        = 1048576                                   {product} {ergonomic}
   size_t MinHeapSize                              = 8388608                                   {product} {ergonomic}
    uintx NonNMethodCodeHeapSize                   = 5839372                                {pd product} {ergonomic}
    uintx NonProfiledCodeHeapSize                  = 122909434                              {pd product} {ergonomic}
    uintx ProfiledCodeHeapSize                     = 122909434                              {pd product} {ergonomic}
    uintx ReservedCodeCacheSize                    = 251658240                              {pd product} {ergonomic}
     bool SegmentedCodeCache                       = true                                      {product} {ergonomic}
   size_t SoftMaxHeapSize                          = 2147483648                             {manageable} {ergonomic}
     bool UseCompressedOops                        = true                           {product lp64_product} {ergonomic}
     bool UseG1GC                                  = true                                      {product} {ergonomic}
     bool UseLargePagesIndividualAllocation        = false                                  {pd product} {ergonomic}

Logging:
Log output configuration:
 #0: stdout all=warning uptime,level,tags foldmultilines=false
 #1: stderr all=off uptime,level,tags foldmultilines=false

Environment Variables:
PATH=C:\Program Files\Common Files\Oracle\Java\javapath;C:\Program Files (x86)\Common Files\Oracle\Java\javapath;C:\WINDOWS\system32;C:\WINDOWS;C:\WINDOWS\System32\Wbem;C:\WINDOWS\System32\WindowsPowerShell\v1.0\;C:\WINDOWS\System32\OpenSSH\;C:\Program Files (x86)\Microsoft SQL Server\160\Tools\Binn\;C:\Program Files\Microsoft SQL Server\160\Tools\Binn\;C:\Program Files\Microsoft SQL Server\Client SDK\ODBC\170\Tools\Binn\;C:\Program Files\Microsoft SQL Server\160\DTS\Binn\;C:\Program Files\NVIDIA Corporation\NVIDIA NvDLISR;C:\Program Files (x86)\NVIDIA Corporation\PhysX\Common;C:\Program Files\Microsoft SQL Server\150\Tools\Binn\;D:\Git\cmd;C:\Users\Admin\AppData\Local\Microsoft\WindowsApps;D:\Microsoft VS Code\bin;D:\IntelliJ IDEA Community Edition 2024.3\bin;
USERNAME=Admin
OS=Windows_NT
PROCESSOR_IDENTIFIER=Intel64 Family 6 Model 142 Stepping 10, GenuineIntel
TMP=C:\Users\Admin\AppData\Local\Temp
TEMP=C:\Users\Admin\AppData\Local\Temp




Periodic native trim disabled

---------------  S Y S T E M  ---------------

OS:
 Windows 10 , 64 bit Build 19041 (10.0.19041.4597)
OS uptime: 1 days 4:35 hours

CPU: total 8 (initial active 8) (4 cores per cpu, 2 threads per core) family 6 model 142 stepping 10 microcode 0xf4, cx8, cmov, fxsr, ht, mmx, 3dnowpref, sse, sse2, sse3, ssse3, sse4.1, sse4.2, popcnt, lzcnt, tsc, tscinvbit, avx, avx2, aes, erms, clmul, bmi1, bmi2, rtm, adx, fma, vzeroupper, clflush, clflushopt, rdtscp, f16c
Processor Information for the first 8 processors :
  Max Mhz: 2112, Current Mhz: 1910, Mhz Limit: 1900

Memory: 4k page, system-wide physical 16242M (732M free)
TotalPageFile size 24680M (AvailPageFile size 8M)
current process WorkingSet (physical memory assigned to process): 477M, peak: 479M
current process commit charge ("private bytes"): 521M, peak: 525M

vm_info: OpenJDK 64-Bit Server VM (21.0.7+6-LTS) for windows-amd64 JRE (21.0.7+6-LTS), built on 2025-04-09T22:17:25Z by "MicrosoftCorporation" with unknown MS VC++:1939

END.
