#
# There is insufficient memory for the Java Runtime Environment to continue.
# Native memory allocation (malloc) failed to allocate 1495456 bytes. Error detail: Chunk::new
# Possible reasons:
#   The system is out of physical RAM or swap space
#   This process is running with CompressedOops enabled, and the Java Heap may be blocking the growth of the native heap
# Possible solutions:
#   Reduce memory load on the system
#   Increase physical memory or swap space
#   Check if swap backing store is full
#   Decrease Java heap size (-Xmx/-Xms)
#   Decrease number of Java threads
#   Decrease Java thread stack sizes (-Xss)
#   Set larger code cache with -XX:ReservedCodeCacheSize=
#   JVM is running with Unscaled Compressed Oops mode in which the Java heap is
#     placed in the first 4GB address space. The Java Heap base address is the
#     maximum limit for the native heap growth. Please use -XX:HeapBaseMinAddress
#     to set the Java Heap base and to place the Java Heap above 4GB virtual address.
# This output file may be truncated or incomplete.
#
#  Out of Memory Error (arena.cpp:168), pid=12452, tid=9276
#
# JRE version: OpenJDK Runtime Environment Microsoft-11369940 (21.0.7+6) (build 21.0.7+6-LTS)
# Java VM: OpenJDK 64-Bit Server VM Microsoft-11369940 (21.0.7+6-LTS, mixed mode, sharing, tiered, compressed oops, compressed class ptrs, g1 gc, windows-amd64)
# No core dump will be written. Minidumps are not enabled by default on client versions of Windows
#

---------------  S U M M A R Y ------------

Command Line: --add-opens=java.base/java.lang=ALL-UNNAMED --add-opens=java.base/java.lang.invoke=ALL-UNNAMED --add-opens=java.base/java.util=ALL-UNNAMED --add-opens=java.prefs/java.util.prefs=ALL-UNNAMED --add-exports=jdk.compiler/com.sun.tools.javac.api=ALL-UNNAMED --add-exports=jdk.compiler/com.sun.tools.javac.util=ALL-UNNAMED --add-opens=java.base/java.util=ALL-UNNAMED --add-opens=java.prefs/java.util.prefs=ALL-UNNAMED --add-opens=java.base/java.nio.charset=ALL-UNNAMED --add-opens=java.base/java.net=ALL-UNNAMED --add-opens=java.base/java.util.concurrent.atomic=ALL-UNNAMED --add-opens=java.xml/javax.xml.namespace=ALL-UNNAMED -Xmx2048m -Dfile.encoding=UTF-8 -Duser.country=US -Duser.language=en -Duser.variant -javaagent:D:\.jdks\corretto-21.0.4\wrapper\dists\gradle-8.13-bin\5xuhj0ry160q40clulazy9h7d\gradle-8.13\lib\agents\gradle-instrumentation-agent-8.13.jar org.gradle.launcher.daemon.bootstrap.GradleDaemon 8.13

Host: Intel(R) Core(TM) i7-8650U CPU @ 1.90GHz, 8 cores, 15G,  Windows 10 , 64 bit Build 19041 (10.0.19041.4597)
Time: Sun Aug 10 19:46:13 2025 SE Asia Standard Time elapsed time: 946.356760 seconds (0d 0h 15m 46s)

---------------  T H R E A D  ---------------

Current thread (0x000001c6e7231af0):  JavaThread "C2 CompilerThread0" daemon [_thread_in_native, id=9276, stack(0x0000001f37000000,0x0000001f37100000) (1024K)]


Current CompileTask:
C2:946356 20422       4       org.gradle.api.internal.artifacts.ivyservice.ivyresolve.CachingModuleComponentRepository$LocateInCacheRepositoryAccess::resolveComponentMetaDataFromCache (415 bytes)

Stack: [0x0000001f37000000,0x0000001f37100000]
Native frames: (J=compiled Java code, j=interpreted, Vv=VM code, C=native code)
V  [jvm.dll+0x6d4bb9]
V  [jvm.dll+0x8afa11]
V  [jvm.dll+0x8b1f3e]
V  [jvm.dll+0x8b2623]
V  [jvm.dll+0x280816]
V  [jvm.dll+0xc52bd]
V  [jvm.dll+0xc57f3]
V  [jvm.dll+0x2f614e]
V  [jvm.dll+0x5fd11a]
V  [jvm.dll+0x251a82]
V  [jvm.dll+0x249e5e]
V  [jvm.dll+0x2478d4]
V  [jvm.dll+0x1c7aaf]
V  [jvm.dll+0x257819]
V  [jvm.dll+0x255bca]
V  [jvm.dll+0x3f5af6]
V  [jvm.dll+0x85916b]
V  [jvm.dll+0x6d327d]
C  [ucrtbase.dll+0x21bb2]
C  [KERNEL32.DLL+0x17374]
C  [ntdll.dll+0x4cc91]


---------------  P R O C E S S  ---------------

Threads class SMR info:
_java_thread_list=0x000001c6e7210480, length=104, elements={
0x000001c6ca551840, 0x000001c6e7218cc0, 0x000001c6e7219bd0, 0x000001c6e721e8b0,
0x000001c6e721f580, 0x000001c6e721ffd0, 0x000001c6e7222e30, 0x000001c6e7231af0,
0x000001c6e72331a0, 0x000001c6e72ef130, 0x000001c6e73f4330, 0x000001c6ecf53bf0,
0x000001c6e7628360, 0x000001c6ec2d2b40, 0x000001c6eda1e160, 0x000001c6eda1ee80,
0x000001c6eda1dad0, 0x000001c6eda1f510, 0x000001c6eed2c620, 0x000001c6eed2bf90,
0x000001c6ed691dd0, 0x000001c6f709ed00, 0x000001c6f70a48e0, 0x000001c6f70a00b0,
0x000001c6f70a3bc0, 0x000001c6f709f390, 0x000001c6f9049380, 0x000001c6f9047940,
0x000001c6f90437a0, 0x000001c6f9049a10, 0x000001c6f904adc0, 0x000001c6f904b450,
0x000001c6f9048cf0, 0x000001c6f90451e0, 0x000001c6f904a0a0, 0x000001c6f9045870,
0x000001c6f9045f00, 0x000001c6f9046590, 0x000001c6f2940e80, 0x000001c6f29400e0,
0x000001c6f2905c50, 0x000001c6f2900d90, 0x000001c6f2901ab0, 0x000001c6f29062e0,
0x000001c6f2907000, 0x000001c6f2902140, 0x000001c6f2907690, 0x000001c6f2900700,
0x000001c6f2904210, 0x000001c6f2909760, 0x000001c6f290a480, 0x000001c6f29083b0,
0x000001c6f2908a40, 0x000001c6f29090d0, 0x000001c6f2909df0, 0x000001c6f2904f30,
0x000001c6f290ab10, 0x000001c6f290b830, 0x000001c6f29055c0, 0x000001c6f29048a0,
0x000001c6f290bec0, 0x000001c6f290df90, 0x000001c6f290cbe0, 0x000001c6f290d900,
0x000001c6f290c550, 0x000001c6f290f340, 0x000001c6f290d270, 0x000001c6f290e620,
0x000001c6f290ecb0, 0x000001c6f90444c0, 0x000001c6f904a730, 0x000001c6f9047fd0,
0x000001c6f904bae0, 0x000001c6f9044b50, 0x000001c6f904d520, 0x000001c6f904c170,
0x000001c6f904c800, 0x000001c6f904ce90, 0x000001c6f9048660, 0x000001c6f90472b0,
0x000001c6f904dbb0, 0x000001c6f9046c20, 0x000001c6f904e240, 0x000001c6f90523e0,
0x000001c6f904e8d0, 0x000001c6f9051d50, 0x000001c6f904ef60, 0x000001c6f904f5f0,
0x000001c6f904fc80, 0x000001c6f9050310, 0x000001c6f9052a70, 0x000001c6f90509a0,
0x000001c6f9051030, 0x000001c6f90516c0, 0x000001c6f1c7e450, 0x000001c6f1c80bb0,
0x000001c6f1c81240, 0x000001c6f1c7d730, 0x000001c6f1c7d0a0, 0x000001c6f1c7f800,
0x000001c6f1c7ddc0, 0x000001c6f1c7c380, 0x000001c6f1c7eae0, 0x000001c6f1c7f170
}

Java Threads: ( => current thread )
  0x000001c6ca551840 JavaThread "main"                              [_thread_blocked, id=4580, stack(0x0000001f36200000,0x0000001f36300000) (1024K)]
  0x000001c6e7218cc0 JavaThread "Reference Handler"          daemon [_thread_blocked, id=4736, stack(0x0000001f36a00000,0x0000001f36b00000) (1024K)]
  0x000001c6e7219bd0 JavaThread "Finalizer"                  daemon [_thread_blocked, id=2700, stack(0x0000001f36b00000,0x0000001f36c00000) (1024K)]
  0x000001c6e721e8b0 JavaThread "Signal Dispatcher"          daemon [_thread_blocked, id=2600, stack(0x0000001f36c00000,0x0000001f36d00000) (1024K)]
  0x000001c6e721f580 JavaThread "Attach Listener"            daemon [_thread_blocked, id=10416, stack(0x0000001f36d00000,0x0000001f36e00000) (1024K)]
  0x000001c6e721ffd0 JavaThread "Service Thread"             daemon [_thread_blocked, id=16336, stack(0x0000001f36e00000,0x0000001f36f00000) (1024K)]
  0x000001c6e7222e30 JavaThread "Monitor Deflation Thread"   daemon [_thread_blocked, id=12600, stack(0x0000001f36f00000,0x0000001f37000000) (1024K)]
=>0x000001c6e7231af0 JavaThread "C2 CompilerThread0"         daemon [_thread_in_native, id=9276, stack(0x0000001f37000000,0x0000001f37100000) (1024K)]
  0x000001c6e72331a0 JavaThread "C1 CompilerThread0"         daemon [_thread_in_vm, id=10196, stack(0x0000001f37100000,0x0000001f37200000) (1024K)]
  0x000001c6e72ef130 JavaThread "Common-Cleaner"             daemon [_thread_blocked, id=11860, stack(0x0000001f37200000,0x0000001f37300000) (1024K)]
  0x000001c6e73f4330 JavaThread "Notification Thread"        daemon [_thread_blocked, id=11364, stack(0x0000001f37300000,0x0000001f37400000) (1024K)]
  0x000001c6ecf53bf0 JavaThread "Daemon health stats"               [_thread_blocked, id=1392, stack(0x0000001f37d00000,0x0000001f37e00000) (1024K)]
  0x000001c6e7628360 JavaThread "Incoming local TCP Connector on port 60552"        [_thread_in_native, id=10452, stack(0x0000001f37500000,0x0000001f37600000) (1024K)]
  0x000001c6ec2d2b40 JavaThread "Daemon periodic checks"            [_thread_blocked, id=16380, stack(0x0000001f37e00000,0x0000001f37f00000) (1024K)]
  0x000001c6eda1e160 JavaThread "Cache worker for journal cache (D:\.jdks\corretto-21.0.4\caches\journal-1)"        [_thread_blocked, id=1452, stack(0x0000001f37400000,0x0000001f37500000) (1024K)]
  0x000001c6eda1ee80 JavaThread "File lock request listener"        [_thread_in_native, id=16248, stack(0x0000001f38600000,0x0000001f38700000) (1024K)]
  0x000001c6eda1dad0 JavaThread "Cache worker for file hash cache (D:\.jdks\corretto-21.0.4\caches\8.13\fileHashes)"        [_thread_blocked, id=9068, stack(0x0000001f38800000,0x0000001f38900000) (1024K)]
  0x000001c6eda1f510 JavaThread "File watcher server"        daemon [_thread_in_native, id=7080, stack(0x0000001f38c00000,0x0000001f38d00000) (1024K)]
  0x000001c6eed2c620 JavaThread "File watcher consumer"      daemon [_thread_blocked, id=5484, stack(0x0000001f38d00000,0x0000001f38e00000) (1024K)]
  0x000001c6eed2bf90 JavaThread "Cache worker for file content cache (D:\.jdks\corretto-21.0.4\caches\8.13\fileContent)"        [_thread_blocked, id=12396, stack(0x0000001f39000000,0x0000001f39100000) (1024K)]
  0x000001c6ed691dd0 JavaThread "Memory manager"                    [_thread_blocked, id=13148, stack(0x0000001f3a900000,0x0000001f3aa00000) (1024K)]
  0x000001c6f709ed00 JavaThread "RMI Scheduler(0)"           daemon [_thread_blocked, id=5236, stack(0x0000001f3d300000,0x0000001f3d400000) (1024K)]
  0x000001c6f70a48e0 JavaThread "RMI RenewClean-[127.0.0.1:17482,org.jetbrains.kotlin.daemon.common.LoopbackNetworkInterface$ClientLoopbackSocketFactory@68f4ea13]" daemon [_thread_blocked, id=14652, stack(0x0000001f3d400000,0x0000001f3d500000) (1024K)]
  0x000001c6f70a00b0 JavaThread "RMI GC Daemon"              daemon [_thread_blocked, id=15572, stack(0x0000001f3d500000,0x0000001f3d600000) (1024K)]
  0x000001c6f70a3bc0 JavaThread "RMI TCP Accept-0"           daemon [_thread_in_native, id=14476, stack(0x0000001f3d600000,0x0000001f3d700000) (1024K)]
  0x000001c6f709f390 JavaThread "RMI Reaper"                        [_thread_blocked, id=2284, stack(0x0000001f3d700000,0x0000001f3d800000) (1024K)]
  0x000001c6f9049380 JavaThread "Daemon Thread 3"                   [_thread_blocked, id=15140, stack(0x0000001f35f00000,0x0000001f36000000) (1024K)]
  0x000001c6f9047940 JavaThread "Handler for socket connection from /127.0.0.1:60552 to /127.0.0.1:61089"        [_thread_in_native, id=4208, stack(0x0000001f36000000,0x0000001f36100000) (1024K)]
  0x000001c6f90437a0 JavaThread "Cancel handler"                    [_thread_blocked, id=8028, stack(0x0000001f36100000,0x0000001f36200000) (1024K)]
  0x000001c6f9049a10 JavaThread "Daemon worker Thread 3"            [_thread_blocked, id=6296, stack(0x0000001f37f00000,0x0000001f38000000) (1024K)]
  0x000001c6f904adc0 JavaThread "Asynchronous log dispatcher for DefaultDaemonConnection: socket connection from /127.0.0.1:60552 to /127.0.0.1:61089"        [_thread_blocked, id=12252, stack(0x0000001f38000000,0x0000001f38100000) (1024K)]
  0x000001c6f904b450 JavaThread "Stdin handler"                     [_thread_blocked, id=5292, stack(0x0000001f38100000,0x0000001f38200000) (1024K)]
  0x000001c6f9048cf0 JavaThread "Daemon client event forwarder"        [_thread_blocked, id=11740, stack(0x0000001f38200000,0x0000001f38300000) (1024K)]
  0x000001c6f90451e0 JavaThread "Cache worker for file hash cache (D:\Workspace\HaDV\DoVietHa_BT\.gradle\8.13\fileHashes)"        [_thread_blocked, id=14584, stack(0x0000001f38300000,0x0000001f38400000) (1024K)]
  0x000001c6f904a0a0 JavaThread "Cache worker for Build Output Cleanup Cache (D:\Workspace\HaDV\DoVietHa_BT\.gradle\buildOutputCleanup)"        [_thread_blocked, id=2028, stack(0x0000001f38400000,0x0000001f38500000) (1024K)]
  0x000001c6f9045870 JavaThread "Cache worker for checksums cache (D:\Workspace\HaDV\DoVietHa_BT\.gradle\8.13\checksums)"        [_thread_blocked, id=10512, stack(0x0000001f38500000,0x0000001f38600000) (1024K)]
  0x000001c6f9045f00 JavaThread "Cache worker for cache directory md-supplier (D:\.jdks\corretto-21.0.4\caches\8.13\md-supplier)"        [_thread_blocked, id=9264, stack(0x0000001f38700000,0x0000001f38800000) (1024K)]
  0x000001c6f9046590 JavaThread "Cache worker for cache directory md-rule (D:\.jdks\corretto-21.0.4\caches\8.13\md-rule)"        [_thread_blocked, id=15980, stack(0x0000001f38a00000,0x0000001f38b00000) (1024K)]
  0x000001c6f2940e80 JavaThread "C2 CompilerThread1"         daemon [_thread_blocked, id=12916, stack(0x0000001f38b00000,0x0000001f38c00000) (1024K)]
  0x000001c6f29400e0 JavaThread "C2 CompilerThread2"         daemon [_thread_blocked, id=3356, stack(0x0000001f38e00000,0x0000001f38f00000) (1024K)]
  0x000001c6f2905c50 JavaThread "Unconstrained build operations"        [_thread_blocked, id=14092, stack(0x0000001f38f00000,0x0000001f39000000) (1024K)]
  0x000001c6f2900d90 JavaThread "Unconstrained build operations Thread 2"        [_thread_blocked, id=9664, stack(0x0000001f39100000,0x0000001f39200000) (1024K)]
  0x000001c6f2901ab0 JavaThread "Unconstrained build operations Thread 3"        [_thread_blocked, id=7048, stack(0x0000001f39200000,0x0000001f39300000) (1024K)]
  0x000001c6f29062e0 JavaThread "Unconstrained build operations Thread 4"        [_thread_blocked, id=720, stack(0x0000001f39300000,0x0000001f39400000) (1024K)]
  0x000001c6f2907000 JavaThread "Unconstrained build operations Thread 5"        [_thread_blocked, id=9644, stack(0x0000001f39400000,0x0000001f39500000) (1024K)]
  0x000001c6f2902140 JavaThread "Unconstrained build operations Thread 6"        [_thread_blocked, id=12236, stack(0x0000001f39500000,0x0000001f39600000) (1024K)]
  0x000001c6f2907690 JavaThread "Unconstrained build operations Thread 7"        [_thread_blocked, id=11528, stack(0x0000001f39600000,0x0000001f39700000) (1024K)]
  0x000001c6f2900700 JavaThread "Unconstrained build operations Thread 8"        [_thread_blocked, id=12048, stack(0x0000001f39700000,0x0000001f39800000) (1024K)]
  0x000001c6f2904210 JavaThread "Unconstrained build operations Thread 9"        [_thread_blocked, id=13644, stack(0x0000001f39800000,0x0000001f39900000) (1024K)]
  0x000001c6f2909760 JavaThread "Unconstrained build operations Thread 10"        [_thread_blocked, id=5132, stack(0x0000001f39900000,0x0000001f39a00000) (1024K)]
  0x000001c6f290a480 JavaThread "Unconstrained build operations Thread 11"        [_thread_blocked, id=15176, stack(0x0000001f39a00000,0x0000001f39b00000) (1024K)]
  0x000001c6f29083b0 JavaThread "Unconstrained build operations Thread 12"        [_thread_blocked, id=7532, stack(0x0000001f39b00000,0x0000001f39c00000) (1024K)]
  0x000001c6f2908a40 JavaThread "Unconstrained build operations Thread 13"        [_thread_blocked, id=12868, stack(0x0000001f39c00000,0x0000001f39d00000) (1024K)]
  0x000001c6f29090d0 JavaThread "Unconstrained build operations Thread 14"        [_thread_blocked, id=3948, stack(0x0000001f39d00000,0x0000001f39e00000) (1024K)]
  0x000001c6f2909df0 JavaThread "build event listener"              [_thread_blocked, id=1240, stack(0x0000001f39e00000,0x0000001f39f00000) (1024K)]
  0x000001c6f2904f30 JavaThread "build event listener"              [_thread_blocked, id=12532, stack(0x0000001f39f00000,0x0000001f3a000000) (1024K)]
  0x000001c6f290ab10 JavaThread "included builds"                   [_thread_blocked, id=5748, stack(0x0000001f3a000000,0x0000001f3a100000) (1024K)]
  0x000001c6f290b830 JavaThread "Execution worker"                  [_thread_blocked, id=14784, stack(0x0000001f3a100000,0x0000001f3a200000) (1024K)]
  0x000001c6f29055c0 JavaThread "Execution worker Thread 2"         [_thread_blocked, id=4248, stack(0x0000001f3a200000,0x0000001f3a300000) (1024K)]
  0x000001c6f29048a0 JavaThread "Execution worker Thread 3"         [_thread_blocked, id=9872, stack(0x0000001f3a300000,0x0000001f3a400000) (1024K)]
  0x000001c6f290bec0 JavaThread "Execution worker Thread 4"         [_thread_blocked, id=2824, stack(0x0000001f3a400000,0x0000001f3a500000) (1024K)]
  0x000001c6f290df90 JavaThread "Execution worker Thread 5"         [_thread_blocked, id=12516, stack(0x0000001f3a500000,0x0000001f3a600000) (1024K)]
  0x000001c6f290cbe0 JavaThread "Execution worker Thread 6"         [_thread_blocked, id=1432, stack(0x0000001f3a600000,0x0000001f3a700000) (1024K)]
  0x000001c6f290d900 JavaThread "Execution worker Thread 7"         [_thread_blocked, id=16200, stack(0x0000001f3a700000,0x0000001f3a800000) (1024K)]
  0x000001c6f290c550 JavaThread "Cache worker for execution history cache (D:\Workspace\HaDV\DoVietHa_BT\.gradle\8.13\executionHistory)"        [_thread_blocked, id=7400, stack(0x0000001f3a800000,0x0000001f3a900000) (1024K)]
  0x000001c6f290f340 JavaThread "Unconstrained build operations Thread 15"        [_thread_blocked, id=7656, stack(0x0000001f3ac00000,0x0000001f3ad00000) (1024K)]
  0x000001c6f290d270 JavaThread "Unconstrained build operations Thread 16"        [_thread_blocked, id=10248, stack(0x0000001f3ad00000,0x0000001f3ae00000) (1024K)]
  0x000001c6f290e620 JavaThread "Unconstrained build operations Thread 17"        [_thread_blocked, id=13264, stack(0x0000001f3ae00000,0x0000001f3af00000) (1024K)]
  0x000001c6f290ecb0 JavaThread "Unconstrained build operations Thread 18"        [_thread_blocked, id=8472, stack(0x0000001f3af00000,0x0000001f3b000000) (1024K)]
  0x000001c6f90444c0 JavaThread "Unconstrained build operations Thread 19"        [_thread_blocked, id=15312, stack(0x0000001f3b000000,0x0000001f3b100000) (1024K)]
  0x000001c6f904a730 JavaThread "Unconstrained build operations Thread 20"        [_thread_blocked, id=14292, stack(0x0000001f3b100000,0x0000001f3b200000) (1024K)]
  0x000001c6f9047fd0 JavaThread "Unconstrained build operations Thread 21"        [_thread_blocked, id=3088, stack(0x0000001f3b200000,0x0000001f3b300000) (1024K)]
  0x000001c6f904bae0 JavaThread "Unconstrained build operations Thread 22"        [_thread_blocked, id=2036, stack(0x0000001f3b300000,0x0000001f3b400000) (1024K)]
  0x000001c6f9044b50 JavaThread "Unconstrained build operations Thread 23"        [_thread_blocked, id=14952, stack(0x0000001f3b400000,0x0000001f3b500000) (1024K)]
  0x000001c6f904d520 JavaThread "Unconstrained build operations Thread 24"        [_thread_blocked, id=14604, stack(0x0000001f3b500000,0x0000001f3b600000) (1024K)]
  0x000001c6f904c170 JavaThread "Unconstrained build operations Thread 25"        [_thread_blocked, id=4688, stack(0x0000001f3b600000,0x0000001f3b700000) (1024K)]
  0x000001c6f904c800 JavaThread "Unconstrained build operations Thread 26"        [_thread_blocked, id=1492, stack(0x0000001f3b700000,0x0000001f3b800000) (1024K)]
  0x000001c6f904ce90 JavaThread "Unconstrained build operations Thread 27"        [_thread_blocked, id=12224, stack(0x0000001f3b800000,0x0000001f3b900000) (1024K)]
  0x000001c6f9048660 JavaThread "Unconstrained build operations Thread 28"        [_thread_blocked, id=6204, stack(0x0000001f3b900000,0x0000001f3ba00000) (1024K)]
  0x000001c6f90472b0 JavaThread "Unconstrained build operations Thread 29"        [_thread_blocked, id=12920, stack(0x0000001f3ba00000,0x0000001f3bb00000) (1024K)]
  0x000001c6f904dbb0 JavaThread "Unconstrained build operations Thread 30"        [_thread_blocked, id=1068, stack(0x0000001f3bb00000,0x0000001f3bc00000) (1024K)]
  0x000001c6f9046c20 JavaThread "Unconstrained build operations Thread 31"        [_thread_blocked, id=6556, stack(0x0000001f3bc00000,0x0000001f3bd00000) (1024K)]
  0x000001c6f904e240 JavaThread "Unconstrained build operations Thread 32"        [_thread_blocked, id=9296, stack(0x0000001f3bd00000,0x0000001f3be00000) (1024K)]
  0x000001c6f90523e0 JavaThread "Unconstrained build operations Thread 33"        [_thread_blocked, id=1044, stack(0x0000001f3be00000,0x0000001f3bf00000) (1024K)]
  0x000001c6f904e8d0 JavaThread "Unconstrained build operations Thread 34"        [_thread_blocked, id=6416, stack(0x0000001f3bf00000,0x0000001f3c000000) (1024K)]
  0x000001c6f9051d50 JavaThread "Unconstrained build operations Thread 35"        [_thread_blocked, id=10136, stack(0x0000001f3c000000,0x0000001f3c100000) (1024K)]
  0x000001c6f904ef60 JavaThread "Unconstrained build operations Thread 36"        [_thread_blocked, id=10300, stack(0x0000001f3c100000,0x0000001f3c200000) (1024K)]
  0x000001c6f904f5f0 JavaThread "Unconstrained build operations Thread 37"        [_thread_blocked, id=12244, stack(0x0000001f3c200000,0x0000001f3c300000) (1024K)]
  0x000001c6f904fc80 JavaThread "Unconstrained build operations Thread 38"        [_thread_blocked, id=13064, stack(0x0000001f3c300000,0x0000001f3c400000) (1024K)]
  0x000001c6f9050310 JavaThread "Unconstrained build operations Thread 39"        [_thread_blocked, id=15480, stack(0x0000001f3c400000,0x0000001f3c500000) (1024K)]
  0x000001c6f9052a70 JavaThread "Unconstrained build operations Thread 40"        [_thread_blocked, id=8596, stack(0x0000001f3c500000,0x0000001f3c600000) (1024K)]
  0x000001c6f90509a0 JavaThread "Unconstrained build operations Thread 41"        [_thread_blocked, id=15680, stack(0x0000001f3c600000,0x0000001f3c700000) (1024K)]
  0x000001c6f9051030 JavaThread "Unconstrained build operations Thread 42"        [_thread_blocked, id=11580, stack(0x0000001f3c700000,0x0000001f3c800000) (1024K)]
  0x000001c6f90516c0 JavaThread "Unconstrained build operations Thread 43"        [_thread_blocked, id=5952, stack(0x0000001f3c800000,0x0000001f3c900000) (1024K)]
  0x000001c6f1c7e450 JavaThread "Unconstrained build operations Thread 44"        [_thread_blocked, id=5400, stack(0x0000001f3c900000,0x0000001f3ca00000) (1024K)]
  0x000001c6f1c80bb0 JavaThread "Unconstrained build operations Thread 45"        [_thread_blocked, id=13216, stack(0x0000001f3ca00000,0x0000001f3cb00000) (1024K)]
  0x000001c6f1c81240 JavaThread "WorkerExecutor Queue"              [_thread_blocked, id=11516, stack(0x0000001f3cb00000,0x0000001f3cc00000) (1024K)]
  0x000001c6f1c7d730 JavaThread "Unconstrained build operations Thread 46"        [_thread_blocked, id=5744, stack(0x0000001f3cc00000,0x0000001f3cd00000) (1024K)]
  0x000001c6f1c7d0a0 JavaThread "Unconstrained build operations Thread 47"        [_thread_blocked, id=4176, stack(0x0000001f3cd00000,0x0000001f3ce00000) (1024K)]
  0x000001c6f1c7f800 JavaThread "Unconstrained build operations Thread 48"        [_thread_blocked, id=11368, stack(0x0000001f3ce00000,0x0000001f3cf00000) (1024K)]
  0x000001c6f1c7ddc0 JavaThread "Unconstrained build operations Thread 49"        [_thread_blocked, id=14404, stack(0x0000001f3cf00000,0x0000001f3d000000) (1024K)]
  0x000001c6f1c7c380 JavaThread "Unconstrained build operations Thread 50"        [_thread_blocked, id=11480, stack(0x0000001f3d000000,0x0000001f3d100000) (1024K)]
  0x000001c6f1c7eae0 JavaThread "Unconstrained build operations Thread 51"        [_thread_blocked, id=10056, stack(0x0000001f3d100000,0x0000001f3d200000) (1024K)]
  0x000001c6f1c7f170 JavaThread "Unconstrained build operations Thread 52"        [_thread_blocked, id=1496, stack(0x0000001f3d200000,0x0000001f3d300000) (1024K)]
Total: 104

Other Threads:
  0x000001c6e7202090 VMThread "VM Thread"                           [id=4328, stack(0x0000001f36900000,0x0000001f36a00000) (1024K)]
  0x000001c6e71f0f00 WatcherThread "VM Periodic Task Thread"        [id=7636, stack(0x0000001f36800000,0x0000001f36900000) (1024K)]
  0x000001c6ca5a8590 WorkerThread "GC Thread#0"                     [id=16148, stack(0x0000001f36300000,0x0000001f36400000) (1024K)]
  0x000001c6e7b4f6f0 WorkerThread "GC Thread#1"                     [id=12124, stack(0x0000001f37600000,0x0000001f37700000) (1024K)]
  0x000001c6e7b4fa90 WorkerThread "GC Thread#2"                     [id=14340, stack(0x0000001f37700000,0x0000001f37800000) (1024K)]
  0x000001c6e777e4c0 WorkerThread "GC Thread#3"                     [id=5436, stack(0x0000001f37800000,0x0000001f37900000) (1024K)]
  0x000001c6e777e860 WorkerThread "GC Thread#4"                     [id=3244, stack(0x0000001f37900000,0x0000001f37a00000) (1024K)]
  0x000001c6e777f010 WorkerThread "GC Thread#5"                     [id=16276, stack(0x0000001f37a00000,0x0000001f37b00000) (1024K)]
  0x000001c6ed55d7b0 WorkerThread "GC Thread#6"                     [id=4268, stack(0x0000001f37b00000,0x0000001f37c00000) (1024K)]
  0x000001c6ed55db50 WorkerThread "GC Thread#7"                     [id=11912, stack(0x0000001f37c00000,0x0000001f37d00000) (1024K)]
  0x000001c6ca5ba640 ConcurrentGCThread "G1 Main Marker"            [id=9172, stack(0x0000001f36400000,0x0000001f36500000) (1024K)]
  0x000001c6ca5bb7f0 WorkerThread "G1 Conc#0"                       [id=13672, stack(0x0000001f36500000,0x0000001f36600000) (1024K)]
  0x000001c6edefb9d0 WorkerThread "G1 Conc#1"                       [id=2544, stack(0x0000001f38900000,0x0000001f38a00000) (1024K)]
  0x000001c6e70be660 ConcurrentGCThread "G1 Refine#0"               [id=5860, stack(0x0000001f36600000,0x0000001f36700000) (1024K)]
  0x000001c6e70c00f0 ConcurrentGCThread "G1 Service"                [id=8480, stack(0x0000001f36700000,0x0000001f36800000) (1024K)]
Total: 15

Threads with active compile tasks:
C2 CompilerThread0  946383 20422       4       org.gradle.api.internal.artifacts.ivyservice.ivyresolve.CachingModuleComponentRepository$LocateInCacheRepositoryAccess::resolveComponentMetaDataFromCache (415 bytes)
Total: 1

VM state: not at safepoint (normal execution)

VM Mutex/Monitor currently owned by a thread: None

Heap address: 0x0000000080000000, size: 2048 MB, Compressed Oops mode: 32-bit

CDS archive(s) mapped at: [0x000001c680000000-0x000001c680c80000-0x000001c680c80000), size 13107200, SharedBaseAddress: 0x000001c680000000, ArchiveRelocationMode: 1.
Compressed class space mapped at: 0x000001c681000000-0x000001c6c1000000, reserved size: 1073741824
Narrow klass base: 0x000001c680000000, Narrow klass shift: 0, Narrow klass range: 0x100000000

GC Precious Log:
 CardTable entry size: 512
 Card Set container configuration: InlinePtr #cards 5 size 8 Array Of Cards #cards 12 size 40 Howl #buckets 4 coarsen threshold 1843 Howl Bitmap #cards 512 size 80 coarsen threshold 460 Card regions per heap region 1 cards per card region 2048
 CPUs: 8 total, 8 available
 Memory: 16242M
 Large Page Support: Disabled
 NUMA Support: Disabled
 Compressed Oops: Enabled (32-bit)
 Heap Region Size: 1M
 Heap Min Capacity: 8M
 Heap Initial Capacity: 254M
 Heap Max Capacity: 2G
 Pre-touch: Disabled
 Parallel Workers: 8
 Concurrent Workers: 2
 Concurrent Refinement Workers: 8
 Periodic GC: Disabled

Heap:
 garbage-first heap   total 263168K, used 219136K [0x0000000080000000, 0x0000000100000000)
  region size 1024K, 76 young (77824K), 11 survivors (11264K)
 Metaspace       used 114696K, committed 117184K, reserved 1179648K
  class space    used 15612K, committed 16896K, reserved 1048576K

Heap Regions: E=young(eden), S=young(survivor), O=old, HS=humongous(starts), HC=humongous(continues), CS=collection set, F=free, TAMS=top-at-mark-start, PB=parsable bottom
|   0|0x0000000080000000, 0x0000000080100000, 0x0000000080100000|100%|HS|  |TAMS 0x0000000080000000| PB 0x0000000080000000| Complete 
|   1|0x0000000080100000, 0x0000000080200000, 0x0000000080200000|100%|HC|  |TAMS 0x0000000080100000| PB 0x0000000080100000| Complete 
|   2|0x0000000080200000, 0x0000000080300000, 0x0000000080300000|100%|HC|  |TAMS 0x0000000080200000| PB 0x0000000080200000| Complete 
|   3|0x0000000080300000, 0x0000000080400000, 0x0000000080400000|100%| O|  |TAMS 0x0000000080300000| PB 0x0000000080300000| Untracked 
|   4|0x0000000080400000, 0x0000000080500000, 0x0000000080500000|100%| O|  |TAMS 0x0000000080400000| PB 0x0000000080400000| Untracked 
|   5|0x0000000080500000, 0x0000000080600000, 0x0000000080600000|100%| O|  |TAMS 0x0000000080500000| PB 0x0000000080500000| Untracked 
|   6|0x0000000080600000, 0x0000000080700000, 0x0000000080700000|100%|HS|  |TAMS 0x0000000080600000| PB 0x0000000080600000| Complete 
|   7|0x0000000080700000, 0x0000000080800000, 0x0000000080800000|100%| O|  |TAMS 0x0000000080700000| PB 0x0000000080700000| Untracked 
|   8|0x0000000080800000, 0x0000000080900000, 0x0000000080900000|100%| O|  |TAMS 0x0000000080800000| PB 0x0000000080800000| Untracked 
|   9|0x0000000080900000, 0x0000000080a00000, 0x0000000080a00000|100%| O|  |TAMS 0x0000000080900000| PB 0x0000000080900000| Untracked 
|  10|0x0000000080a00000, 0x0000000080b00000, 0x0000000080b00000|100%| O|  |TAMS 0x0000000080a00000| PB 0x0000000080a00000| Untracked 
|  11|0x0000000080b00000, 0x0000000080c00000, 0x0000000080c00000|100%| O|  |TAMS 0x0000000080b00000| PB 0x0000000080b00000| Untracked 
|  12|0x0000000080c00000, 0x0000000080d00000, 0x0000000080d00000|100%| O|  |TAMS 0x0000000080c00000| PB 0x0000000080c00000| Untracked 
|  13|0x0000000080d00000, 0x0000000080e00000, 0x0000000080e00000|100%| O|  |TAMS 0x0000000080d00000| PB 0x0000000080d00000| Untracked 
|  14|0x0000000080e00000, 0x0000000080f00000, 0x0000000080f00000|100%| O|  |TAMS 0x0000000080e00000| PB 0x0000000080e00000| Untracked 
|  15|0x0000000080f00000, 0x0000000081000000, 0x0000000081000000|100%| O|  |TAMS 0x0000000080f00000| PB 0x0000000080f00000| Untracked 
|  16|0x0000000081000000, 0x0000000081100000, 0x0000000081100000|100%| O|  |TAMS 0x0000000081000000| PB 0x0000000081000000| Untracked 
|  17|0x0000000081100000, 0x0000000081200000, 0x0000000081200000|100%| O|  |TAMS 0x0000000081100000| PB 0x0000000081100000| Untracked 
|  18|0x0000000081200000, 0x0000000081300000, 0x0000000081300000|100%| O|  |TAMS 0x0000000081200000| PB 0x0000000081200000| Untracked 
|  19|0x0000000081300000, 0x0000000081400000, 0x0000000081400000|100%| O|  |TAMS 0x0000000081300000| PB 0x0000000081300000| Untracked 
|  20|0x0000000081400000, 0x0000000081500000, 0x0000000081500000|100%| O|  |TAMS 0x0000000081400000| PB 0x0000000081400000| Untracked 
|  21|0x0000000081500000, 0x0000000081600000, 0x0000000081600000|100%| O|  |TAMS 0x0000000081500000| PB 0x0000000081500000| Untracked 
|  22|0x0000000081600000, 0x0000000081700000, 0x0000000081700000|100%| O|  |TAMS 0x0000000081600000| PB 0x0000000081600000| Untracked 
|  23|0x0000000081700000, 0x0000000081800000, 0x0000000081800000|100%| O|  |TAMS 0x0000000081700000| PB 0x0000000081700000| Untracked 
|  24|0x0000000081800000, 0x0000000081900000, 0x0000000081900000|100%| O|  |TAMS 0x0000000081800000| PB 0x0000000081800000| Untracked 
|  25|0x0000000081900000, 0x0000000081a00000, 0x0000000081a00000|100%| O|  |TAMS 0x0000000081900000| PB 0x0000000081900000| Untracked 
|  26|0x0000000081a00000, 0x0000000081b00000, 0x0000000081b00000|100%| O|  |TAMS 0x0000000081a00000| PB 0x0000000081a00000| Untracked 
|  27|0x0000000081b00000, 0x0000000081c00000, 0x0000000081c00000|100%| O|  |TAMS 0x0000000081b00000| PB 0x0000000081b00000| Untracked 
|  28|0x0000000081c00000, 0x0000000081d00000, 0x0000000081d00000|100%| O|  |TAMS 0x0000000081c00000| PB 0x0000000081c00000| Untracked 
|  29|0x0000000081d00000, 0x0000000081e00000, 0x0000000081e00000|100%| O|  |TAMS 0x0000000081d00000| PB 0x0000000081d00000| Untracked 
|  30|0x0000000081e00000, 0x0000000081f00000, 0x0000000081f00000|100%| O|  |TAMS 0x0000000081e00000| PB 0x0000000081e00000| Untracked 
|  31|0x0000000081f00000, 0x0000000082000000, 0x0000000082000000|100%| O|  |TAMS 0x0000000081f00000| PB 0x0000000081f00000| Untracked 
|  32|0x0000000082000000, 0x0000000082100000, 0x0000000082100000|100%| O|  |TAMS 0x0000000082000000| PB 0x0000000082000000| Untracked 
|  33|0x0000000082100000, 0x0000000082200000, 0x0000000082200000|100%| O|  |TAMS 0x0000000082100000| PB 0x0000000082100000| Untracked 
|  34|0x0000000082200000, 0x0000000082300000, 0x0000000082300000|100%| O|  |TAMS 0x0000000082200000| PB 0x0000000082200000| Untracked 
|  35|0x0000000082300000, 0x0000000082400000, 0x0000000082400000|100%| O|  |TAMS 0x0000000082300000| PB 0x0000000082300000| Untracked 
|  36|0x0000000082400000, 0x0000000082500000, 0x0000000082500000|100%| O|  |TAMS 0x0000000082400000| PB 0x0000000082400000| Untracked 
|  37|0x0000000082500000, 0x0000000082600000, 0x0000000082600000|100%| O|  |TAMS 0x0000000082500000| PB 0x0000000082500000| Untracked 
|  38|0x0000000082600000, 0x0000000082700000, 0x0000000082700000|100%| O|  |TAMS 0x0000000082600000| PB 0x0000000082600000| Untracked 
|  39|0x0000000082700000, 0x0000000082800000, 0x0000000082800000|100%| O|  |TAMS 0x0000000082700000| PB 0x0000000082700000| Untracked 
|  40|0x0000000082800000, 0x0000000082900000, 0x0000000082900000|100%| O|  |TAMS 0x0000000082800000| PB 0x0000000082800000| Untracked 
|  41|0x0000000082900000, 0x0000000082a00000, 0x0000000082a00000|100%| O|  |TAMS 0x0000000082900000| PB 0x0000000082900000| Untracked 
|  42|0x0000000082a00000, 0x0000000082b00000, 0x0000000082b00000|100%| O|  |TAMS 0x0000000082a00000| PB 0x0000000082a00000| Untracked 
|  43|0x0000000082b00000, 0x0000000082c00000, 0x0000000082c00000|100%| O|  |TAMS 0x0000000082b00000| PB 0x0000000082b00000| Untracked 
|  44|0x0000000082c00000, 0x0000000082d00000, 0x0000000082d00000|100%| O|  |TAMS 0x0000000082c00000| PB 0x0000000082c00000| Untracked 
|  45|0x0000000082d00000, 0x0000000082e00000, 0x0000000082e00000|100%| O|  |TAMS 0x0000000082d00000| PB 0x0000000082d00000| Untracked 
|  46|0x0000000082e00000, 0x0000000082f00000, 0x0000000082f00000|100%| O|  |TAMS 0x0000000082e00000| PB 0x0000000082e00000| Untracked 
|  47|0x0000000082f00000, 0x0000000083000000, 0x0000000083000000|100%| O|  |TAMS 0x0000000082f00000| PB 0x0000000082f00000| Untracked 
|  48|0x0000000083000000, 0x0000000083100000, 0x0000000083100000|100%| O|  |TAMS 0x0000000083000000| PB 0x0000000083000000| Untracked 
|  49|0x0000000083100000, 0x0000000083200000, 0x0000000083200000|100%| O|  |TAMS 0x0000000083100000| PB 0x0000000083100000| Untracked 
|  50|0x0000000083200000, 0x0000000083300000, 0x0000000083300000|100%| O|  |TAMS 0x0000000083200000| PB 0x0000000083200000| Untracked 
|  51|0x0000000083300000, 0x0000000083400000, 0x0000000083400000|100%| O|  |TAMS 0x0000000083300000| PB 0x0000000083300000| Untracked 
|  52|0x0000000083400000, 0x0000000083500000, 0x0000000083500000|100%| O|  |TAMS 0x0000000083400000| PB 0x0000000083400000| Untracked 
|  53|0x0000000083500000, 0x0000000083600000, 0x0000000083600000|100%|HS|  |TAMS 0x0000000083500000| PB 0x0000000083500000| Complete 
|  54|0x0000000083600000, 0x0000000083700000, 0x0000000083700000|100%|HS|  |TAMS 0x0000000083600000| PB 0x0000000083600000| Complete 
|  55|0x0000000083700000, 0x0000000083800000, 0x0000000083800000|100%|HS|  |TAMS 0x0000000083700000| PB 0x0000000083700000| Complete 
|  56|0x0000000083800000, 0x0000000083900000, 0x0000000083900000|100%|HC|  |TAMS 0x0000000083800000| PB 0x0000000083800000| Complete 
|  57|0x0000000083900000, 0x0000000083a00000, 0x0000000083a00000|100%|HS|  |TAMS 0x0000000083900000| PB 0x0000000083900000| Complete 
|  58|0x0000000083a00000, 0x0000000083b00000, 0x0000000083b00000|100%|HC|  |TAMS 0x0000000083a00000| PB 0x0000000083a00000| Complete 
|  59|0x0000000083b00000, 0x0000000083c00000, 0x0000000083c00000|100%|HS|  |TAMS 0x0000000083b00000| PB 0x0000000083b00000| Complete 
|  60|0x0000000083c00000, 0x0000000083d00000, 0x0000000083d00000|100%|HS|  |TAMS 0x0000000083c00000| PB 0x0000000083c00000| Complete 
|  61|0x0000000083d00000, 0x0000000083e00000, 0x0000000083e00000|100%| O|  |TAMS 0x0000000083d00000| PB 0x0000000083d00000| Untracked 
|  62|0x0000000083e00000, 0x0000000083f00000, 0x0000000083f00000|100%|HS|  |TAMS 0x0000000083e00000| PB 0x0000000083e00000| Complete 
|  63|0x0000000083f00000, 0x0000000084000000, 0x0000000084000000|100%|HS|  |TAMS 0x0000000083f00000| PB 0x0000000083f00000| Complete 
|  64|0x0000000084000000, 0x0000000084100000, 0x0000000084100000|100%|HS|  |TAMS 0x0000000084000000| PB 0x0000000084000000| Complete 
|  65|0x0000000084100000, 0x0000000084200000, 0x0000000084200000|100%| O|  |TAMS 0x0000000084100000| PB 0x0000000084100000| Untracked 
|  66|0x0000000084200000, 0x0000000084300000, 0x0000000084300000|100%| O|  |TAMS 0x0000000084200000| PB 0x0000000084200000| Untracked 
|  67|0x0000000084300000, 0x0000000084400000, 0x0000000084400000|100%| O|  |TAMS 0x0000000084300000| PB 0x0000000084300000| Untracked 
|  68|0x0000000084400000, 0x0000000084500000, 0x0000000084500000|100%| O|  |TAMS 0x0000000084400000| PB 0x0000000084400000| Untracked 
|  69|0x0000000084500000, 0x0000000084600000, 0x0000000084600000|100%| O|  |TAMS 0x0000000084500000| PB 0x0000000084500000| Untracked 
|  70|0x0000000084600000, 0x0000000084700000, 0x0000000084700000|100%| O|  |TAMS 0x0000000084600000| PB 0x0000000084600000| Untracked 
|  71|0x0000000084700000, 0x0000000084800000, 0x0000000084800000|100%| O|  |TAMS 0x0000000084700000| PB 0x0000000084700000| Untracked 
|  72|0x0000000084800000, 0x0000000084900000, 0x0000000084900000|100%| O|  |TAMS 0x0000000084800000| PB 0x0000000084800000| Untracked 
|  73|0x0000000084900000, 0x0000000084a00000, 0x0000000084a00000|100%| O|  |TAMS 0x0000000084900000| PB 0x0000000084900000| Untracked 
|  74|0x0000000084a00000, 0x0000000084b00000, 0x0000000084b00000|100%| O|  |TAMS 0x0000000084a00000| PB 0x0000000084a00000| Untracked 
|  75|0x0000000084b00000, 0x0000000084c00000, 0x0000000084c00000|100%| O|  |TAMS 0x0000000084b00000| PB 0x0000000084b00000| Untracked 
|  76|0x0000000084c00000, 0x0000000084d00000, 0x0000000084d00000|100%| O|  |TAMS 0x0000000084c00000| PB 0x0000000084c00000| Untracked 
|  77|0x0000000084d00000, 0x0000000084e00000, 0x0000000084e00000|100%| O|  |TAMS 0x0000000084d00000| PB 0x0000000084d00000| Untracked 
|  78|0x0000000084e00000, 0x0000000084f00000, 0x0000000084f00000|100%| O|  |TAMS 0x0000000084e00000| PB 0x0000000084e00000| Untracked 
|  79|0x0000000084f00000, 0x0000000085000000, 0x0000000085000000|100%| O|  |TAMS 0x0000000084f00000| PB 0x0000000084f00000| Untracked 
|  80|0x0000000085000000, 0x0000000085100000, 0x0000000085100000|100%| O|  |TAMS 0x0000000085000000| PB 0x0000000085000000| Untracked 
|  81|0x0000000085100000, 0x0000000085200000, 0x0000000085200000|100%| O|  |TAMS 0x0000000085100000| PB 0x0000000085100000| Untracked 
|  82|0x0000000085200000, 0x0000000085300000, 0x0000000085300000|100%| O|  |TAMS 0x0000000085200000| PB 0x0000000085200000| Untracked 
|  83|0x0000000085300000, 0x0000000085400000, 0x0000000085400000|100%| O|  |TAMS 0x0000000085300000| PB 0x0000000085300000| Untracked 
|  84|0x0000000085400000, 0x0000000085500000, 0x0000000085500000|100%| O|  |TAMS 0x0000000085400000| PB 0x0000000085400000| Untracked 
|  85|0x0000000085500000, 0x0000000085600000, 0x0000000085600000|100%| O|  |TAMS 0x0000000085500000| PB 0x0000000085500000| Untracked 
|  86|0x0000000085600000, 0x0000000085700000, 0x0000000085700000|100%| O|  |TAMS 0x0000000085600000| PB 0x0000000085600000| Untracked 
|  87|0x0000000085700000, 0x0000000085800000, 0x0000000085800000|100%| O|  |TAMS 0x0000000085700000| PB 0x0000000085700000| Untracked 
|  88|0x0000000085800000, 0x0000000085900000, 0x0000000085900000|100%| O|  |TAMS 0x0000000085800000| PB 0x0000000085800000| Untracked 
|  89|0x0000000085900000, 0x0000000085a00000, 0x0000000085a00000|100%| O|  |TAMS 0x0000000085900000| PB 0x0000000085900000| Untracked 
|  90|0x0000000085a00000, 0x0000000085b00000, 0x0000000085b00000|100%| O|  |TAMS 0x0000000085a00000| PB 0x0000000085a00000| Untracked 
|  91|0x0000000085b00000, 0x0000000085c00000, 0x0000000085c00000|100%| O|  |TAMS 0x0000000085b00000| PB 0x0000000085b00000| Untracked 
|  92|0x0000000085c00000, 0x0000000085d00000, 0x0000000085d00000|100%| O|  |TAMS 0x0000000085c00000| PB 0x0000000085c00000| Untracked 
|  93|0x0000000085d00000, 0x0000000085e00000, 0x0000000085e00000|100%| O|  |TAMS 0x0000000085d00000| PB 0x0000000085d00000| Untracked 
|  94|0x0000000085e00000, 0x0000000085f00000, 0x0000000085f00000|100%| O|  |TAMS 0x0000000085e00000| PB 0x0000000085e00000| Untracked 
|  95|0x0000000085f00000, 0x0000000086000000, 0x0000000086000000|100%| O|  |TAMS 0x0000000085f00000| PB 0x0000000085f00000| Untracked 
|  96|0x0000000086000000, 0x0000000086100000, 0x0000000086100000|100%| O|  |TAMS 0x0000000086000000| PB 0x0000000086000000| Untracked 
|  97|0x0000000086100000, 0x0000000086200000, 0x0000000086200000|100%| O|  |TAMS 0x0000000086100000| PB 0x0000000086100000| Untracked 
|  98|0x0000000086200000, 0x0000000086200000, 0x0000000086300000|  0%| F|  |TAMS 0x0000000086200000| PB 0x0000000086200000| Untracked 
|  99|0x0000000086300000, 0x0000000086300000, 0x0000000086400000|  0%| F|  |TAMS 0x0000000086300000| PB 0x0000000086300000| Untracked 
| 100|0x0000000086400000, 0x0000000086500000, 0x0000000086500000|100%| O|  |TAMS 0x0000000086400000| PB 0x0000000086400000| Untracked 
| 101|0x0000000086500000, 0x0000000086500000, 0x0000000086600000|  0%| F|  |TAMS 0x0000000086500000| PB 0x0000000086500000| Untracked 
| 102|0x0000000086600000, 0x0000000086700000, 0x0000000086700000|100%| O|  |TAMS 0x0000000086600000| PB 0x0000000086600000| Untracked 
| 103|0x0000000086700000, 0x0000000086800000, 0x0000000086800000|100%| O|  |TAMS 0x0000000086700000| PB 0x0000000086700000| Untracked 
| 104|0x0000000086800000, 0x0000000086900000, 0x0000000086900000|100%| O|  |TAMS 0x0000000086800000| PB 0x0000000086800000| Untracked 
| 105|0x0000000086900000, 0x0000000086900000, 0x0000000086a00000|  0%| F|  |TAMS 0x0000000086900000| PB 0x0000000086900000| Untracked 
| 106|0x0000000086a00000, 0x0000000086b00000, 0x0000000086b00000|100%| O|  |TAMS 0x0000000086a00000| PB 0x0000000086a00000| Untracked 
| 107|0x0000000086b00000, 0x0000000086c00000, 0x0000000086c00000|100%| O|  |TAMS 0x0000000086b00000| PB 0x0000000086b00000| Untracked 
| 108|0x0000000086c00000, 0x0000000086d00000, 0x0000000086d00000|100%| O|  |TAMS 0x0000000086c00000| PB 0x0000000086c00000| Untracked 
| 109|0x0000000086d00000, 0x0000000086e00000, 0x0000000086e00000|100%| O|  |TAMS 0x0000000086d00000| PB 0x0000000086d00000| Untracked 
| 110|0x0000000086e00000, 0x0000000086f00000, 0x0000000086f00000|100%| O|  |TAMS 0x0000000086e00000| PB 0x0000000086e00000| Untracked 
| 111|0x0000000086f00000, 0x0000000087000000, 0x0000000087000000|100%| O|  |TAMS 0x0000000086f00000| PB 0x0000000086f00000| Untracked 
| 112|0x0000000087000000, 0x0000000087100000, 0x0000000087100000|100%| O|  |TAMS 0x0000000087000000| PB 0x0000000087000000| Untracked 
| 113|0x0000000087100000, 0x0000000087200000, 0x0000000087200000|100%| O|  |TAMS 0x0000000087100000| PB 0x0000000087100000| Untracked 
| 114|0x0000000087200000, 0x0000000087300000, 0x0000000087300000|100%| O|  |TAMS 0x0000000087200000| PB 0x0000000087200000| Untracked 
| 115|0x0000000087300000, 0x0000000087400000, 0x0000000087400000|100%| O|  |TAMS 0x0000000087300000| PB 0x0000000087300000| Untracked 
| 116|0x0000000087400000, 0x0000000087500000, 0x0000000087500000|100%| O|  |TAMS 0x0000000087400000| PB 0x0000000087400000| Untracked 
| 117|0x0000000087500000, 0x0000000087500000, 0x0000000087600000|  0%| F|  |TAMS 0x0000000087500000| PB 0x0000000087500000| Untracked 
| 118|0x0000000087600000, 0x0000000087600000, 0x0000000087700000|  0%| F|  |TAMS 0x0000000087600000| PB 0x0000000087600000| Untracked 
| 119|0x0000000087700000, 0x0000000087800000, 0x0000000087800000|100%| O|  |TAMS 0x0000000087700000| PB 0x0000000087700000| Untracked 
| 120|0x0000000087800000, 0x0000000087900000, 0x0000000087900000|100%| O|  |TAMS 0x0000000087800000| PB 0x0000000087800000| Untracked 
| 121|0x0000000087900000, 0x0000000087900000, 0x0000000087a00000|  0%| F|  |TAMS 0x0000000087900000| PB 0x0000000087900000| Untracked 
| 122|0x0000000087a00000, 0x0000000087a00000, 0x0000000087b00000|  0%| F|  |TAMS 0x0000000087a00000| PB 0x0000000087a00000| Untracked 
| 123|0x0000000087b00000, 0x0000000087b00000, 0x0000000087c00000|  0%| F|  |TAMS 0x0000000087b00000| PB 0x0000000087b00000| Untracked 
| 124|0x0000000087c00000, 0x0000000087c00000, 0x0000000087d00000|  0%| F|  |TAMS 0x0000000087c00000| PB 0x0000000087c00000| Untracked 
| 125|0x0000000087d00000, 0x0000000087d00000, 0x0000000087e00000|  0%| F|  |TAMS 0x0000000087d00000| PB 0x0000000087d00000| Untracked 
| 126|0x0000000087e00000, 0x0000000087e00000, 0x0000000087f00000|  0%| F|  |TAMS 0x0000000087e00000| PB 0x0000000087e00000| Untracked 
| 127|0x0000000087f00000, 0x0000000087f00000, 0x0000000088000000|  0%| F|  |TAMS 0x0000000087f00000| PB 0x0000000087f00000| Untracked 
| 128|0x0000000088000000, 0x0000000088000000, 0x0000000088100000|  0%| F|  |TAMS 0x0000000088000000| PB 0x0000000088000000| Untracked 
| 129|0x0000000088100000, 0x0000000088100000, 0x0000000088200000|  0%| F|  |TAMS 0x0000000088100000| PB 0x0000000088100000| Untracked 
| 130|0x0000000088200000, 0x0000000088200000, 0x0000000088300000|  0%| F|  |TAMS 0x0000000088200000| PB 0x0000000088200000| Untracked 
| 131|0x0000000088300000, 0x0000000088400000, 0x0000000088400000|100%| O|  |TAMS 0x0000000088300000| PB 0x0000000088300000| Untracked 
| 132|0x0000000088400000, 0x0000000088400000, 0x0000000088500000|  0%| F|  |TAMS 0x0000000088400000| PB 0x0000000088400000| Untracked 
| 133|0x0000000088500000, 0x0000000088600000, 0x0000000088600000|100%| O|  |TAMS 0x0000000088500000| PB 0x0000000088500000| Untracked 
| 134|0x0000000088600000, 0x0000000088700000, 0x0000000088700000|100%| O|  |TAMS 0x0000000088600000| PB 0x0000000088600000| Untracked 
| 135|0x0000000088700000, 0x0000000088800000, 0x0000000088800000|100%| O|  |TAMS 0x0000000088700000| PB 0x0000000088700000| Untracked 
| 136|0x0000000088800000, 0x0000000088900000, 0x0000000088900000|100%| O|  |TAMS 0x0000000088800000| PB 0x0000000088800000| Untracked 
| 137|0x0000000088900000, 0x0000000088a00000, 0x0000000088a00000|100%| O|  |TAMS 0x0000000088900000| PB 0x0000000088900000| Untracked 
| 138|0x0000000088a00000, 0x0000000088b00000, 0x0000000088b00000|100%| O|  |TAMS 0x0000000088a00000| PB 0x0000000088a00000| Untracked 
| 139|0x0000000088b00000, 0x0000000088c00000, 0x0000000088c00000|100%| O|  |TAMS 0x0000000088b00000| PB 0x0000000088b00000| Untracked 
| 140|0x0000000088c00000, 0x0000000088d00000, 0x0000000088d00000|100%| O|  |TAMS 0x0000000088c00000| PB 0x0000000088c00000| Untracked 
| 141|0x0000000088d00000, 0x0000000088d00000, 0x0000000088e00000|  0%| F|  |TAMS 0x0000000088d00000| PB 0x0000000088d00000| Untracked 
| 142|0x0000000088e00000, 0x0000000088f00000, 0x0000000088f00000|100%| O|  |TAMS 0x0000000088e00000| PB 0x0000000088e00000| Untracked 
| 143|0x0000000088f00000, 0x0000000089000000, 0x0000000089000000|100%| O|  |TAMS 0x0000000088f00000| PB 0x0000000088f00000| Untracked 
| 144|0x0000000089000000, 0x0000000089100000, 0x0000000089100000|100%| O|  |TAMS 0x0000000089000000| PB 0x0000000089000000| Untracked 
| 145|0x0000000089100000, 0x0000000089200000, 0x0000000089200000|100%| O|  |TAMS 0x0000000089100000| PB 0x0000000089100000| Untracked 
| 146|0x0000000089200000, 0x0000000089300000, 0x0000000089300000|100%| O|  |TAMS 0x0000000089200000| PB 0x0000000089200000| Untracked 
| 147|0x0000000089300000, 0x0000000089400000, 0x0000000089400000|100%| O|  |TAMS 0x0000000089300000| PB 0x0000000089300000| Untracked 
| 148|0x0000000089400000, 0x0000000089500000, 0x0000000089500000|100%| O|  |TAMS 0x0000000089400000| PB 0x0000000089400000| Untracked 
| 149|0x0000000089500000, 0x0000000089600000, 0x0000000089600000|100%| O|  |TAMS 0x0000000089500000| PB 0x0000000089500000| Untracked 
| 150|0x0000000089600000, 0x0000000089700000, 0x0000000089700000|100%| O|  |TAMS 0x0000000089600000| PB 0x0000000089600000| Untracked 
| 151|0x0000000089700000, 0x0000000089700000, 0x0000000089800000|  0%| F|  |TAMS 0x0000000089700000| PB 0x0000000089700000| Untracked 
| 152|0x0000000089800000, 0x0000000089800000, 0x0000000089900000|  0%| F|  |TAMS 0x0000000089800000| PB 0x0000000089800000| Untracked 
| 153|0x0000000089900000, 0x0000000089900000, 0x0000000089a00000|  0%| F|  |TAMS 0x0000000089900000| PB 0x0000000089900000| Untracked 
| 154|0x0000000089a00000, 0x0000000089a00000, 0x0000000089b00000|  0%| F|  |TAMS 0x0000000089a00000| PB 0x0000000089a00000| Untracked 
| 155|0x0000000089b00000, 0x0000000089b00000, 0x0000000089c00000|  0%| F|  |TAMS 0x0000000089b00000| PB 0x0000000089b00000| Untracked 
| 156|0x0000000089c00000, 0x0000000089d00000, 0x0000000089d00000|100%| S|CS|TAMS 0x0000000089c00000| PB 0x0000000089c00000| Complete 
| 157|0x0000000089d00000, 0x0000000089e00000, 0x0000000089e00000|100%| S|CS|TAMS 0x0000000089d00000| PB 0x0000000089d00000| Complete 
| 158|0x0000000089e00000, 0x0000000089f00000, 0x0000000089f00000|100%| S|CS|TAMS 0x0000000089e00000| PB 0x0000000089e00000| Complete 
| 159|0x0000000089f00000, 0x000000008a000000, 0x000000008a000000|100%| S|CS|TAMS 0x0000000089f00000| PB 0x0000000089f00000| Complete 
| 160|0x000000008a000000, 0x000000008a100000, 0x000000008a100000|100%| S|CS|TAMS 0x000000008a000000| PB 0x000000008a000000| Complete 
| 161|0x000000008a100000, 0x000000008a200000, 0x000000008a200000|100%| S|CS|TAMS 0x000000008a100000| PB 0x000000008a100000| Complete 
| 162|0x000000008a200000, 0x000000008a300000, 0x000000008a300000|100%| S|CS|TAMS 0x000000008a200000| PB 0x000000008a200000| Complete 
| 163|0x000000008a300000, 0x000000008a400000, 0x000000008a400000|100%| S|CS|TAMS 0x000000008a300000| PB 0x000000008a300000| Complete 
| 164|0x000000008a400000, 0x000000008a500000, 0x000000008a500000|100%| S|CS|TAMS 0x000000008a400000| PB 0x000000008a400000| Complete 
| 165|0x000000008a500000, 0x000000008a600000, 0x000000008a600000|100%| S|CS|TAMS 0x000000008a500000| PB 0x000000008a500000| Complete 
| 166|0x000000008a600000, 0x000000008a700000, 0x000000008a700000|100%| S|CS|TAMS 0x000000008a600000| PB 0x000000008a600000| Complete 
| 167|0x000000008a700000, 0x000000008a700000, 0x000000008a800000|  0%| F|  |TAMS 0x000000008a700000| PB 0x000000008a700000| Untracked 
| 168|0x000000008a800000, 0x000000008a800000, 0x000000008a900000|  0%| F|  |TAMS 0x000000008a800000| PB 0x000000008a800000| Untracked 
| 169|0x000000008a900000, 0x000000008a900000, 0x000000008aa00000|  0%| F|  |TAMS 0x000000008a900000| PB 0x000000008a900000| Untracked 
| 170|0x000000008aa00000, 0x000000008aa00000, 0x000000008ab00000|  0%| F|  |TAMS 0x000000008aa00000| PB 0x000000008aa00000| Untracked 
| 171|0x000000008ab00000, 0x000000008ab00000, 0x000000008ac00000|  0%| F|  |TAMS 0x000000008ab00000| PB 0x000000008ab00000| Untracked 
| 172|0x000000008ac00000, 0x000000008ac00000, 0x000000008ad00000|  0%| F|  |TAMS 0x000000008ac00000| PB 0x000000008ac00000| Untracked 
| 173|0x000000008ad00000, 0x000000008ad00000, 0x000000008ae00000|  0%| F|  |TAMS 0x000000008ad00000| PB 0x000000008ad00000| Untracked 
| 174|0x000000008ae00000, 0x000000008ae00000, 0x000000008af00000|  0%| F|  |TAMS 0x000000008ae00000| PB 0x000000008ae00000| Untracked 
| 175|0x000000008af00000, 0x000000008af00000, 0x000000008b000000|  0%| F|  |TAMS 0x000000008af00000| PB 0x000000008af00000| Untracked 
| 176|0x000000008b000000, 0x000000008b000000, 0x000000008b100000|  0%| F|  |TAMS 0x000000008b000000| PB 0x000000008b000000| Untracked 
| 177|0x000000008b100000, 0x000000008b100000, 0x000000008b200000|  0%| F|  |TAMS 0x000000008b100000| PB 0x000000008b100000| Untracked 
| 178|0x000000008b200000, 0x000000008b200000, 0x000000008b300000|  0%| F|  |TAMS 0x000000008b200000| PB 0x000000008b200000| Untracked 
| 179|0x000000008b300000, 0x000000008b300000, 0x000000008b400000|  0%| F|  |TAMS 0x000000008b300000| PB 0x000000008b300000| Untracked 
| 180|0x000000008b400000, 0x000000008b400000, 0x000000008b500000|  0%| F|  |TAMS 0x000000008b400000| PB 0x000000008b400000| Untracked 
| 181|0x000000008b500000, 0x000000008b500000, 0x000000008b600000|  0%| F|  |TAMS 0x000000008b500000| PB 0x000000008b500000| Untracked 
| 182|0x000000008b600000, 0x000000008b600000, 0x000000008b700000|  0%| F|  |TAMS 0x000000008b600000| PB 0x000000008b600000| Untracked 
| 183|0x000000008b700000, 0x000000008b700000, 0x000000008b800000|  0%| F|  |TAMS 0x000000008b700000| PB 0x000000008b700000| Untracked 
| 184|0x000000008b800000, 0x000000008b800000, 0x000000008b900000|  0%| F|  |TAMS 0x000000008b800000| PB 0x000000008b800000| Untracked 
| 185|0x000000008b900000, 0x000000008b9a19b0, 0x000000008ba00000| 63%| E|  |TAMS 0x000000008b900000| PB 0x000000008b900000| Complete 
| 186|0x000000008ba00000, 0x000000008bb00000, 0x000000008bb00000|100%| E|CS|TAMS 0x000000008ba00000| PB 0x000000008ba00000| Complete 
| 187|0x000000008bb00000, 0x000000008bc00000, 0x000000008bc00000|100%| E|CS|TAMS 0x000000008bb00000| PB 0x000000008bb00000| Complete 
| 188|0x000000008bc00000, 0x000000008bd00000, 0x000000008bd00000|100%| E|CS|TAMS 0x000000008bc00000| PB 0x000000008bc00000| Complete 
| 189|0x000000008bd00000, 0x000000008be00000, 0x000000008be00000|100%| E|CS|TAMS 0x000000008bd00000| PB 0x000000008bd00000| Complete 
| 190|0x000000008be00000, 0x000000008bf00000, 0x000000008bf00000|100%| E|CS|TAMS 0x000000008be00000| PB 0x000000008be00000| Complete 
| 191|0x000000008bf00000, 0x000000008c000000, 0x000000008c000000|100%| E|CS|TAMS 0x000000008bf00000| PB 0x000000008bf00000| Complete 
| 192|0x000000008c000000, 0x000000008c100000, 0x000000008c100000|100%| E|CS|TAMS 0x000000008c000000| PB 0x000000008c000000| Complete 
| 193|0x000000008c100000, 0x000000008c200000, 0x000000008c200000|100%| E|CS|TAMS 0x000000008c100000| PB 0x000000008c100000| Complete 
| 194|0x000000008c200000, 0x000000008c300000, 0x000000008c300000|100%| E|CS|TAMS 0x000000008c200000| PB 0x000000008c200000| Complete 
| 195|0x000000008c300000, 0x000000008c400000, 0x000000008c400000|100%| E|CS|TAMS 0x000000008c300000| PB 0x000000008c300000| Complete 
| 196|0x000000008c400000, 0x000000008c500000, 0x000000008c500000|100%| E|CS|TAMS 0x000000008c400000| PB 0x000000008c400000| Complete 
| 197|0x000000008c500000, 0x000000008c600000, 0x000000008c600000|100%| E|CS|TAMS 0x000000008c500000| PB 0x000000008c500000| Complete 
| 198|0x000000008c600000, 0x000000008c700000, 0x000000008c700000|100%| E|CS|TAMS 0x000000008c600000| PB 0x000000008c600000| Complete 
| 199|0x000000008c700000, 0x000000008c800000, 0x000000008c800000|100%| E|CS|TAMS 0x000000008c700000| PB 0x000000008c700000| Complete 
| 200|0x000000008c800000, 0x000000008c900000, 0x000000008c900000|100%| E|CS|TAMS 0x000000008c800000| PB 0x000000008c800000| Complete 
| 201|0x000000008c900000, 0x000000008ca00000, 0x000000008ca00000|100%| E|CS|TAMS 0x000000008c900000| PB 0x000000008c900000| Complete 
| 202|0x000000008ca00000, 0x000000008cb00000, 0x000000008cb00000|100%| E|CS|TAMS 0x000000008ca00000| PB 0x000000008ca00000| Complete 
| 203|0x000000008cb00000, 0x000000008cc00000, 0x000000008cc00000|100%| E|CS|TAMS 0x000000008cb00000| PB 0x000000008cb00000| Complete 
| 204|0x000000008cc00000, 0x000000008cd00000, 0x000000008cd00000|100%| E|CS|TAMS 0x000000008cc00000| PB 0x000000008cc00000| Complete 
| 205|0x000000008cd00000, 0x000000008ce00000, 0x000000008ce00000|100%| E|CS|TAMS 0x000000008cd00000| PB 0x000000008cd00000| Complete 
| 206|0x000000008ce00000, 0x000000008cf00000, 0x000000008cf00000|100%| E|CS|TAMS 0x000000008ce00000| PB 0x000000008ce00000| Complete 
| 207|0x000000008cf00000, 0x000000008d000000, 0x000000008d000000|100%| E|CS|TAMS 0x000000008cf00000| PB 0x000000008cf00000| Complete 
| 208|0x000000008d000000, 0x000000008d100000, 0x000000008d100000|100%| E|CS|TAMS 0x000000008d000000| PB 0x000000008d000000| Complete 
| 209|0x000000008d100000, 0x000000008d200000, 0x000000008d200000|100%| E|CS|TAMS 0x000000008d100000| PB 0x000000008d100000| Complete 
| 210|0x000000008d200000, 0x000000008d300000, 0x000000008d300000|100%| E|CS|TAMS 0x000000008d200000| PB 0x000000008d200000| Complete 
| 211|0x000000008d300000, 0x000000008d400000, 0x000000008d400000|100%| E|CS|TAMS 0x000000008d300000| PB 0x000000008d300000| Complete 
| 212|0x000000008d400000, 0x000000008d500000, 0x000000008d500000|100%| E|CS|TAMS 0x000000008d400000| PB 0x000000008d400000| Complete 
| 213|0x000000008d500000, 0x000000008d600000, 0x000000008d600000|100%| E|CS|TAMS 0x000000008d500000| PB 0x000000008d500000| Complete 
| 214|0x000000008d600000, 0x000000008d700000, 0x000000008d700000|100%| E|CS|TAMS 0x000000008d600000| PB 0x000000008d600000| Complete 
| 215|0x000000008d700000, 0x000000008d800000, 0x000000008d800000|100%| E|CS|TAMS 0x000000008d700000| PB 0x000000008d700000| Complete 
| 216|0x000000008d800000, 0x000000008d900000, 0x000000008d900000|100%| E|CS|TAMS 0x000000008d800000| PB 0x000000008d800000| Complete 
| 217|0x000000008d900000, 0x000000008da00000, 0x000000008da00000|100%| E|CS|TAMS 0x000000008d900000| PB 0x000000008d900000| Complete 
| 218|0x000000008da00000, 0x000000008db00000, 0x000000008db00000|100%| E|CS|TAMS 0x000000008da00000| PB 0x000000008da00000| Complete 
| 219|0x000000008db00000, 0x000000008dc00000, 0x000000008dc00000|100%| E|CS|TAMS 0x000000008db00000| PB 0x000000008db00000| Complete 
| 220|0x000000008dc00000, 0x000000008dd00000, 0x000000008dd00000|100%| E|CS|TAMS 0x000000008dc00000| PB 0x000000008dc00000| Complete 
| 221|0x000000008dd00000, 0x000000008de00000, 0x000000008de00000|100%| E|CS|TAMS 0x000000008dd00000| PB 0x000000008dd00000| Complete 
| 222|0x000000008de00000, 0x000000008df00000, 0x000000008df00000|100%| E|CS|TAMS 0x000000008de00000| PB 0x000000008de00000| Complete 
| 223|0x000000008df00000, 0x000000008e000000, 0x000000008e000000|100%| E|CS|TAMS 0x000000008df00000| PB 0x000000008df00000| Complete 
| 224|0x000000008e000000, 0x000000008e100000, 0x000000008e100000|100%| E|CS|TAMS 0x000000008e000000| PB 0x000000008e000000| Complete 
| 225|0x000000008e100000, 0x000000008e200000, 0x000000008e200000|100%| E|CS|TAMS 0x000000008e100000| PB 0x000000008e100000| Complete 
| 226|0x000000008e200000, 0x000000008e300000, 0x000000008e300000|100%| E|CS|TAMS 0x000000008e200000| PB 0x000000008e200000| Complete 
| 227|0x000000008e300000, 0x000000008e400000, 0x000000008e400000|100%| E|CS|TAMS 0x000000008e300000| PB 0x000000008e300000| Complete 
| 228|0x000000008e400000, 0x000000008e500000, 0x000000008e500000|100%| E|  |TAMS 0x000000008e400000| PB 0x000000008e400000| Complete 
| 229|0x000000008e500000, 0x000000008e600000, 0x000000008e600000|100%| E|CS|TAMS 0x000000008e500000| PB 0x000000008e500000| Complete 
| 230|0x000000008e600000, 0x000000008e700000, 0x000000008e700000|100%| E|CS|TAMS 0x000000008e600000| PB 0x000000008e600000| Complete 
| 231|0x000000008e700000, 0x000000008e800000, 0x000000008e800000|100%| E|CS|TAMS 0x000000008e700000| PB 0x000000008e700000| Complete 
| 232|0x000000008e800000, 0x000000008e900000, 0x000000008e900000|100%| E|CS|TAMS 0x000000008e800000| PB 0x000000008e800000| Complete 
| 233|0x000000008e900000, 0x000000008ea00000, 0x000000008ea00000|100%| E|CS|TAMS 0x000000008e900000| PB 0x000000008e900000| Complete 
| 234|0x000000008ea00000, 0x000000008eb00000, 0x000000008eb00000|100%| E|CS|TAMS 0x000000008ea00000| PB 0x000000008ea00000| Complete 
| 235|0x000000008eb00000, 0x000000008ec00000, 0x000000008ec00000|100%| E|CS|TAMS 0x000000008eb00000| PB 0x000000008eb00000| Complete 
| 236|0x000000008ec00000, 0x000000008ed00000, 0x000000008ed00000|100%| E|CS|TAMS 0x000000008ec00000| PB 0x000000008ec00000| Complete 
| 237|0x000000008ed00000, 0x000000008ee00000, 0x000000008ee00000|100%| E|CS|TAMS 0x000000008ed00000| PB 0x000000008ed00000| Complete 
| 238|0x000000008ee00000, 0x000000008ef00000, 0x000000008ef00000|100%| E|CS|TAMS 0x000000008ee00000| PB 0x000000008ee00000| Complete 
| 239|0x000000008ef00000, 0x000000008f000000, 0x000000008f000000|100%| E|CS|TAMS 0x000000008ef00000| PB 0x000000008ef00000| Complete 
| 240|0x000000008f000000, 0x000000008f100000, 0x000000008f100000|100%| E|CS|TAMS 0x000000008f000000| PB 0x000000008f000000| Complete 
| 241|0x000000008f100000, 0x000000008f200000, 0x000000008f200000|100%| E|CS|TAMS 0x000000008f100000| PB 0x000000008f100000| Complete 
| 242|0x000000008f200000, 0x000000008f300000, 0x000000008f300000|100%| E|CS|TAMS 0x000000008f200000| PB 0x000000008f200000| Complete 
| 243|0x000000008f300000, 0x000000008f400000, 0x000000008f400000|100%| E|CS|TAMS 0x000000008f300000| PB 0x000000008f300000| Complete 
| 253|0x000000008fd00000, 0x000000008fe00000, 0x000000008fe00000|100%| E|CS|TAMS 0x000000008fd00000| PB 0x000000008fd00000| Complete 
|2036|0x00000000ff400000, 0x00000000ff500000, 0x00000000ff500000|100%| E|CS|TAMS 0x00000000ff400000| PB 0x00000000ff400000| Complete 
|2037|0x00000000ff500000, 0x00000000ff600000, 0x00000000ff600000|100%| E|CS|TAMS 0x00000000ff500000| PB 0x00000000ff500000| Complete 
|2038|0x00000000ff600000, 0x00000000ff700000, 0x00000000ff700000|100%| O|  |TAMS 0x00000000ff600000| PB 0x00000000ff600000| Untracked 
|2039|0x00000000ff700000, 0x00000000ff800000, 0x00000000ff800000|100%| O|  |TAMS 0x00000000ff700000| PB 0x00000000ff700000| Untracked 
|2040|0x00000000ff800000, 0x00000000ff900000, 0x00000000ff900000|100%| O|  |TAMS 0x00000000ff800000| PB 0x00000000ff800000| Untracked 
|2041|0x00000000ff900000, 0x00000000ffa00000, 0x00000000ffa00000|100%| O|  |TAMS 0x00000000ff900000| PB 0x00000000ff900000| Untracked 
|2042|0x00000000ffa00000, 0x00000000ffb00000, 0x00000000ffb00000|100%| O|  |TAMS 0x00000000ffa00000| PB 0x00000000ffa00000| Untracked 
|2043|0x00000000ffb00000, 0x00000000ffc00000, 0x00000000ffc00000|100%| O|  |TAMS 0x00000000ffb00000| PB 0x00000000ffb00000| Untracked 
|2044|0x00000000ffc00000, 0x00000000ffd00000, 0x00000000ffd00000|100%| E|CS|TAMS 0x00000000ffc00000| PB 0x00000000ffc00000| Complete 
|2045|0x00000000ffd00000, 0x00000000ffe00000, 0x00000000ffe00000|100%| O|  |TAMS 0x00000000ffd00000| PB 0x00000000ffd00000| Untracked 
|2046|0x00000000ffe00000, 0x00000000fff00000, 0x00000000fff00000|100%| E|CS|TAMS 0x00000000ffe00000| PB 0x00000000ffe00000| Complete 
|2047|0x00000000fff00000, 0x0000000100000000, 0x0000000100000000|100%| E|CS|TAMS 0x00000000fff00000| PB 0x00000000fff00000| Complete 

Card table byte_map: [0x000001c6e2380000,0x000001c6e2780000] _byte_map_base: 0x000001c6e1f80000

Marking Bits: (CMBitMap*) 0x000001c6ca5a8ba0
 Bits: [0x000001c6e2780000, 0x000001c6e4780000)

Polling page: 0x000001c6c8540000

Metaspace:

Usage:
  Non-class:     96.76 MB used.
      Class:     15.25 MB used.
       Both:    112.01 MB used.

Virtual space:
  Non-class space:      128.00 MB reserved,      97.94 MB ( 77%) committed,  2 nodes.
      Class space:        1.00 GB reserved,      16.50 MB (  2%) committed,  1 nodes.
             Both:        1.12 GB reserved,     114.44 MB ( 10%) committed. 

Chunk freelists:
   Non-Class:  13.38 MB
       Class:  15.49 MB
        Both:  28.86 MB

MaxMetaspaceSize: unlimited
CompressedClassSpaceSize: 1.00 GB
Initial GC threshold: 21.00 MB
Current GC threshold: 190.00 MB
CDS: on
 - commit_granule_bytes: 65536.
 - commit_granule_words: 8192.
 - virtual_space_node_default_size: 8388608.
 - enlarge_chunks_in_place: 1.
 - use_allocation_guard: 0.


Internal statistics:

num_allocs_failed_limit: 6.
num_arena_births: 4672.
num_arena_deaths: 0.
num_vsnodes_births: 3.
num_vsnodes_deaths: 0.
num_space_committed: 1831.
num_space_uncommitted: 0.
num_chunks_returned_to_freelist: 6.
num_chunks_taken_from_freelist: 10035.
num_chunk_merges: 6.
num_chunk_splits: 6383.
num_chunks_enlarged: 3845.
num_inconsistent_stats: 0.

CodeHeap 'non-profiled nmethods': size=120000Kb used=11612Kb max_used=11612Kb free=108387Kb
 bounds [0x000001c6da720000, 0x000001c6db2b0000, 0x000001c6e1c50000]
CodeHeap 'profiled nmethods': size=120000Kb used=25120Kb max_used=27469Kb free=94879Kb
 bounds [0x000001c6d2c50000, 0x000001c6d4730000, 0x000001c6da180000]
CodeHeap 'non-nmethods': size=5760Kb used=2277Kb max_used=2367Kb free=3482Kb
 bounds [0x000001c6da180000, 0x000001c6da3f0000, 0x000001c6da720000]
 total_blobs=14186 nmethods=13226 adapters=863
 compilation: enabled
              stopped_count=0, restarted_count=0
 full_count=0

Compilation events (20 events):
Event: 946.179 Thread 0x000001c6e72331a0 20468       3       com.google.common.collect.Maps$FilteredEntryMap::createEntrySet (10 bytes)
Event: 946.180 Thread 0x000001c6e72331a0 nmethod 20468 0x000001c6d3f3b910 code [0x000001c6d3f3bae0, 0x000001c6d3f3bee0]
Event: 946.183 Thread 0x000001c6f2940e80 nmethod 20439 0x000001c6db298f10 code [0x000001c6db2992a0, 0x000001c6db29b2a0]
Event: 946.183 Thread 0x000001c6f2940e80 20443       4       org.gradle.internal.snapshot.AbstractFileSystemLocationSnapshot::getSnapshot (7 bytes)
Event: 946.184 Thread 0x000001c6f29400e0 nmethod 20438 0x000001c6db29c590 code [0x000001c6db29c920, 0x000001c6db29e688]
Event: 946.185 Thread 0x000001c6f29400e0 20450       4       org.gradle.internal.Try::successful (9 bytes)
Event: 946.185 Thread 0x000001c6f29400e0 nmethod 20450 0x000001c6dad79890 code [0x000001c6dad79a20, 0x000001c6dad79af0]
Event: 946.185 Thread 0x000001c6f29400e0 20465       4       org.gradle.api.internal.project.taskfactory.TaskIdentity::hashCode (14 bytes)
Event: 946.186 Thread 0x000001c6f29400e0 nmethod 20465 0x000001c6dad79510 code [0x000001c6dad796a0, 0x000001c6dad79738]
Event: 946.186 Thread 0x000001c6f29400e0 20464       4       org.gradle.api.internal.attributes.immutable.ImmutableAttributesSchemaFactory$SchemaPair::equals (57 bytes)
Event: 946.187 Thread 0x000001c6f29400e0 nmethod 20464 0x000001c6dadf8810 code [0x000001c6dadf89a0, 0x000001c6dadf8af0]
Event: 946.187 Thread 0x000001c6f29400e0 20440       4       org.gradle.api.internal.artifacts.transform.DefaultTransformedVariantFactory$$Lambda/0x000001c68191a8c0::create (16 bytes)
Event: 946.188 Thread 0x000001c6f2940e80 nmethod 20443 0x000001c6dadf8010 code [0x000001c6dadf8200, 0x000001c6dadf8520]
Event: 946.188 Thread 0x000001c6f2940e80 20441       4       org.gradle.api.internal.artifacts.transform.DefaultTransformedVariantFactory::doCreateExternal (39 bytes)
Event: 946.247 Thread 0x000001c6e72331a0 20469 %     3       java.io.BufferedReader::implReadLine @ 125 (301 bytes)
Event: 946.249 Thread 0x000001c6e72331a0 nmethod 20469% 0x000001c6d2c7ed90 code [0x000001c6d2c7f0a0, 0x000001c6d2c80228]
Event: 946.322 Thread 0x000001c6f29400e0 nmethod 20440 0x000001c6db29fc90 code [0x000001c6db2a0200, 0x000001c6db2a4830]
Event: 946.323 Thread 0x000001c6f29400e0 20442       4       org.gradle.api.internal.artifacts.transform.TransformedExternalArtifactSet::<init> (16 bytes)
Event: 946.324 Thread 0x000001c6f2940e80 nmethod 20441 0x000001c6db2a7110 code [0x000001c6db2a7660, 0x000001c6db2abda0]
Event: 946.331 Thread 0x000001c6f29400e0 nmethod 20442 0x000001c6dad37c90 code [0x000001c6dad37ec0, 0x000001c6dad387c0]

GC Heap History (20 events):
Event: 822.856 GC heap before
{Heap before GC invocations=62 (full 0):
 garbage-first heap   total 199680K, used 180438K [0x0000000080000000, 0x0000000100000000)
  region size 1024K, 65 young (66560K), 7 survivors (7168K)
 Metaspace       used 107824K, committed 110144K, reserved 1179648K
  class space    used 14885K, committed 16064K, reserved 1048576K
}
Event: 822.863 GC heap after
{Heap after GC invocations=63 (full 0):
 garbage-first heap   total 199680K, used 125899K [0x0000000080000000, 0x0000000100000000)
  region size 1024K, 5 young (5120K), 5 survivors (5120K)
 Metaspace       used 107824K, committed 110144K, reserved 1179648K
  class space    used 14885K, committed 16064K, reserved 1048576K
}
Event: 823.805 GC heap before
{Heap before GC invocations=64 (full 0):
 garbage-first heap   total 211968K, used 182219K [0x0000000080000000, 0x0000000100000000)
  region size 1024K, 60 young (61440K), 5 survivors (5120K)
 Metaspace       used 108198K, committed 110528K, reserved 1179648K
  class space    used 14888K, committed 16064K, reserved 1048576K
}
Event: 823.819 GC heap after
{Heap after GC invocations=65 (full 0):
 garbage-first heap   total 211968K, used 133951K [0x0000000080000000, 0x0000000100000000)
  region size 1024K, 8 young (8192K), 8 survivors (8192K)
 Metaspace       used 108198K, committed 110528K, reserved 1179648K
  class space    used 14888K, committed 16064K, reserved 1048576K
}
Event: 825.158 GC heap before
{Heap before GC invocations=65 (full 0):
 garbage-first heap   total 211968K, used 191295K [0x0000000080000000, 0x0000000100000000)
  region size 1024K, 65 young (66560K), 8 survivors (8192K)
 Metaspace       used 110719K, committed 113152K, reserved 1179648K
  class space    used 15177K, committed 16448K, reserved 1048576K
}
Event: 825.171 GC heap after
{Heap after GC invocations=66 (full 0):
 garbage-first heap   total 211968K, used 138562K [0x0000000080000000, 0x0000000100000000)
  region size 1024K, 5 young (5120K), 5 survivors (5120K)
 Metaspace       used 110719K, committed 113152K, reserved 1179648K
  class space    used 15177K, committed 16448K, reserved 1048576K
}
Event: 847.753 GC heap before
{Heap before GC invocations=66 (full 0):
 garbage-first heap   total 211968K, used 193858K [0x0000000080000000, 0x0000000100000000)
  region size 1024K, 60 young (61440K), 5 survivors (5120K)
 Metaspace       used 113346K, committed 115840K, reserved 1179648K
  class space    used 15578K, committed 16832K, reserved 1048576K
}
Event: 847.761 GC heap after
{Heap after GC invocations=67 (full 0):
 garbage-first heap   total 211968K, used 141186K [0x0000000080000000, 0x0000000100000000)
  region size 1024K, 3 young (3072K), 3 survivors (3072K)
 Metaspace       used 113346K, committed 115840K, reserved 1179648K
  class space    used 15578K, committed 16832K, reserved 1048576K
}
Event: 863.149 GC heap before
{Heap before GC invocations=68 (full 0):
 garbage-first heap   total 237568K, used 193410K [0x0000000080000000, 0x0000000100000000)
  region size 1024K, 55 young (56320K), 3 survivors (3072K)
 Metaspace       used 113475K, committed 115968K, reserved 1179648K
  class space    used 15590K, committed 16832K, reserved 1048576K
}
Event: 863.157 GC heap after
{Heap after GC invocations=69 (full 0):
 garbage-first heap   total 237568K, used 144840K [0x0000000080000000, 0x0000000100000000)
  region size 1024K, 7 young (7168K), 7 survivors (7168K)
 Metaspace       used 113475K, committed 115968K, reserved 1179648K
  class space    used 15590K, committed 16832K, reserved 1048576K
}
Event: 863.885 GC heap before
{Heap before GC invocations=69 (full 0):
 garbage-first heap   total 237568K, used 214472K [0x0000000080000000, 0x0000000100000000)
  region size 1024K, 76 young (77824K), 7 survivors (7168K)
 Metaspace       used 113749K, committed 116288K, reserved 1179648K
  class space    used 15590K, committed 16832K, reserved 1048576K
}
Event: 863.912 GC heap after
{Heap after GC invocations=70 (full 0):
 garbage-first heap   total 245760K, used 143180K [0x0000000080000000, 0x0000000100000000)
  region size 1024K, 10 young (10240K), 10 survivors (10240K)
 Metaspace       used 113749K, committed 116288K, reserved 1179648K
  class space    used 15590K, committed 16832K, reserved 1048576K
}
Event: 876.548 GC heap before
{Heap before GC invocations=70 (full 0):
 garbage-first heap   total 245760K, used 221004K [0x0000000080000000, 0x0000000100000000)
  region size 1024K, 87 young (89088K), 10 survivors (10240K)
 Metaspace       used 113966K, committed 116416K, reserved 1179648K
  class space    used 15599K, committed 16832K, reserved 1048576K
}
Event: 876.558 GC heap after
{Heap after GC invocations=71 (full 0):
 garbage-first heap   total 245760K, used 149024K [0x0000000080000000, 0x0000000100000000)
  region size 1024K, 6 young (6144K), 6 survivors (6144K)
 Metaspace       used 113966K, committed 116416K, reserved 1179648K
  class space    used 15599K, committed 16832K, reserved 1048576K
}
Event: 877.100 GC heap before
{Heap before GC invocations=71 (full 0):
 garbage-first heap   total 245760K, used 222752K [0x0000000080000000, 0x0000000100000000)
  region size 1024K, 79 young (80896K), 6 survivors (6144K)
 Metaspace       used 114215K, committed 116736K, reserved 1179648K
  class space    used 15606K, committed 16896K, reserved 1048576K
}
Event: 877.112 GC heap after
{Heap after GC invocations=72 (full 0):
 garbage-first heap   total 245760K, used 158720K [0x0000000080000000, 0x0000000100000000)
  region size 1024K, 10 young (10240K), 10 survivors (10240K)
 Metaspace       used 114215K, committed 116736K, reserved 1179648K
  class space    used 15606K, committed 16896K, reserved 1048576K
}
Event: 945.081 GC heap before
{Heap before GC invocations=73 (full 0):
 garbage-first heap   total 263168K, used 219136K [0x0000000080000000, 0x0000000100000000)
  region size 1024K, 71 young (72704K), 10 survivors (10240K)
 Metaspace       used 114381K, committed 116928K, reserved 1179648K
  class space    used 15608K, committed 16896K, reserved 1048576K
}
Event: 945.093 GC heap after
{Heap after GC invocations=74 (full 0):
 garbage-first heap   total 263168K, used 161792K [0x0000000080000000, 0x0000000100000000)
  region size 1024K, 4 young (4096K), 4 survivors (4096K)
 Metaspace       used 114381K, committed 116928K, reserved 1179648K
  class space    used 15608K, committed 16896K, reserved 1048576K
}
Event: 945.589 GC heap before
{Heap before GC invocations=74 (full 0):
 garbage-first heap   total 263168K, used 240640K [0x0000000080000000, 0x0000000100000000)
  region size 1024K, 81 young (82944K), 4 survivors (4096K)
 Metaspace       used 114586K, committed 117120K, reserved 1179648K
  class space    used 15612K, committed 16896K, reserved 1048576K
}
Event: 945.603 GC heap after
{Heap after GC invocations=75 (full 0):
 garbage-first heap   total 263168K, used 154624K [0x0000000080000000, 0x0000000100000000)
  region size 1024K, 11 young (11264K), 11 survivors (11264K)
 Metaspace       used 114586K, committed 117120K, reserved 1179648K
  class space    used 15612K, committed 16896K, reserved 1048576K
}

Dll operation events (16 events):
Event: 0.017 Loaded shared library C:\Users\Admin\.jdks\ms-21.0.7\bin\java.dll
Event: 0.063 Loaded shared library C:\Users\Admin\.jdks\ms-21.0.7\bin\jsvml.dll
Event: 0.126 Loaded shared library C:\Users\Admin\.jdks\ms-21.0.7\bin\zip.dll
Event: 0.132 Loaded shared library C:\Users\Admin\.jdks\ms-21.0.7\bin\instrument.dll
Event: 0.139 Loaded shared library C:\Users\Admin\.jdks\ms-21.0.7\bin\net.dll
Event: 0.142 Loaded shared library C:\Users\Admin\.jdks\ms-21.0.7\bin\nio.dll
Event: 0.146 Loaded shared library C:\Users\Admin\.jdks\ms-21.0.7\bin\zip.dll
Event: 0.403 Loaded shared library C:\Users\Admin\.jdks\ms-21.0.7\bin\jimage.dll
Event: 0.597 Loaded shared library C:\Users\Admin\.jdks\ms-21.0.7\bin\verify.dll
Event: 0.806 Loaded shared library D:\.jdks\corretto-21.0.4\native\1def1411415f61bf3af743bc5b6707747c0891f09f0c88961ee8f79bc544acac\windows-amd64\native-platform.dll
Event: 0.892 Loaded shared library D:\.jdks\corretto-21.0.4\native\0.2.7\x86_64-windows-gnu\gradle-fileevents.dll
Event: 2.221 Loaded shared library C:\Users\Admin\.jdks\ms-21.0.7\bin\management.dll
Event: 2.229 Loaded shared library C:\Users\Admin\.jdks\ms-21.0.7\bin\management_ext.dll
Event: 2.486 Loaded shared library C:\Users\Admin\.jdks\ms-21.0.7\bin\extnet.dll
Event: 2.888 Loaded shared library C:\Users\Admin\.jdks\ms-21.0.7\bin\sunmscapi.dll
Event: 826.612 Loaded shared library C:\Users\Admin\.jdks\ms-21.0.7\bin\rmi.dll

Deoptimization events (20 events):
Event: 945.261 Thread 0x000001c6f9049a10 DEOPT PACKING pc=0x000001c6daca52a4 sp=0x0000001f37ff9780
Event: 945.261 Thread 0x000001c6f9049a10 DEOPT UNPACKING pc=0x000001c6da1d46a2 sp=0x0000001f37ff95c0 mode 2
Event: 945.510 Thread 0x000001c6f9049a10 DEOPT PACKING pc=0x000001c6d2e71679 sp=0x0000001f37ff9670
Event: 945.510 Thread 0x000001c6f9049a10 DEOPT UNPACKING pc=0x000001c6da1d4e42 sp=0x0000001f37ff8b68 mode 0
Event: 945.604 Thread 0x000001c6e7219bd0 Uncommon trap: trap_request=0xffffff45 fr.pc=0x000001c6dac56e50 relative=0x00000000000005d0
Event: 945.604 Thread 0x000001c6e7219bd0 Uncommon trap: reason=unstable_if action=reinterpret pc=0x000001c6dac56e50 method=java.lang.ThreadLocal$ThreadLocalMap.remove(Ljava/lang/ThreadLocal;)V @ 26 c2
Event: 945.604 Thread 0x000001c6e7219bd0 DEOPT PACKING pc=0x000001c6dac56e50 sp=0x0000001f36bff4f0
Event: 945.604 Thread 0x000001c6e7219bd0 DEOPT UNPACKING pc=0x000001c6da1d46a2 sp=0x0000001f36bff4a0 mode 2
Event: 945.745 Thread 0x000001c6f290bec0 Uncommon trap: trap_request=0xffffffde fr.pc=0x000001c6dafadc64 relative=0x0000000000000204
Event: 945.745 Thread 0x000001c6f290bec0 Uncommon trap: reason=class_check action=maybe_recompile pc=0x000001c6dafadc64 method=org.gradle.internal.snapshot.AbstractFileSystemLocationSnapshot.getSnapshot(Lorg/gradle/internal/snapshot/VfsRelativePath;Lorg/gradle/internal/snapshot/CaseSensitivity;)
Event: 945.745 Thread 0x000001c6f290bec0 DEOPT PACKING pc=0x000001c6dafadc64 sp=0x0000001f3a4fc240
Event: 945.745 Thread 0x000001c6f290bec0 DEOPT UNPACKING pc=0x000001c6da1d46a2 sp=0x0000001f3a4fc1c8 mode 2
Event: 946.104 Thread 0x000001c6f1c81240 Uncommon trap: trap_request=0xffffffc6 fr.pc=0x000001c6dad2d16c relative=0x000000000000062c
Event: 946.104 Thread 0x000001c6f1c81240 Uncommon trap: reason=bimorphic_or_optimized_type_check action=maybe_recompile pc=0x000001c6dad2d16c method=java.util.concurrent.FutureTask.run()V @ 39 c2
Event: 946.104 Thread 0x000001c6f1c81240 DEOPT PACKING pc=0x000001c6dad2d16c sp=0x0000001f3cbfea70
Event: 946.104 Thread 0x000001c6f1c81240 DEOPT UNPACKING pc=0x000001c6da1d46a2 sp=0x0000001f3cbfea10 mode 2
Event: 946.246 Thread 0x000001c6f1c818d0 Uncommon trap: trap_request=0xffffff45 fr.pc=0x000001c6da7499e4 relative=0x00000000000013e4
Event: 946.246 Thread 0x000001c6f1c818d0 Uncommon trap: reason=unstable_if action=reinterpret pc=0x000001c6da7499e4 method=java.io.BufferedReader.implReadLine(Z[Z)Ljava/lang/String; @ 269 c2
Event: 946.246 Thread 0x000001c6f1c818d0 DEOPT PACKING pc=0x000001c6da7499e4 sp=0x0000001f3d8ff440
Event: 946.246 Thread 0x000001c6f1c818d0 DEOPT UNPACKING pc=0x000001c6da1d46a2 sp=0x0000001f3d8ff410 mode 2

Classes loaded (20 events):
Event: 847.767 Loading class sun/rmi/transport/DGCClient$EndpointEntry$CleanRequest
Event: 847.768 Loading class sun/rmi/transport/DGCClient$EndpointEntry$CleanRequest done
Event: 847.769 Loading class java/lang/StackStreamFactory
Event: 847.769 Loading class java/lang/StackStreamFactory done
Event: 847.769 Loading class java/lang/StackWalker$ExtendedOption
Event: 847.769 Loading class java/lang/StackWalker$ExtendedOption done
Event: 847.769 Loading class java/lang/StackStreamFactory$StackFrameTraverser
Event: 847.769 Loading class java/lang/StackStreamFactory$StackFrameTraverser done
Event: 847.769 Loading class java/lang/StackStreamFactory$WalkerState
Event: 847.770 Loading class java/lang/StackStreamFactory$WalkerState done
Event: 847.770 Loading class java/lang/StackStreamFactory$StackFrameTraverser$StackFrameBuffer
Event: 847.770 Loading class java/lang/StackStreamFactory$FrameBuffer
Event: 847.770 Loading class java/lang/StackStreamFactory$FrameBuffer done
Event: 847.770 Loading class java/lang/StackStreamFactory$StackFrameTraverser$StackFrameBuffer done
Event: 847.770 Loading class java/util/stream/SliceOps
Event: 847.774 Loading class java/util/stream/SliceOps done
Event: 847.774 Loading class java/util/stream/SliceOps$1
Event: 847.775 Loading class java/util/stream/SliceOps$1 done
Event: 847.775 Loading class java/util/stream/SliceOps$1$1
Event: 847.775 Loading class java/util/stream/SliceOps$1$1 done

Classes unloaded (0 events):
No events

Classes redefined (0 events):
No events

Internal exceptions (20 events):
Event: 878.133 Thread 0x000001c6f2907000 Exception <a 'sun/nio/fs/WindowsException'{0x000000008c3b2830}> (0x000000008c3b2830) 
thrown [s\src\hotspot\share\prims\jni.cpp, line 520]
Event: 945.063 Thread 0x000001c6f9049a10 Exception <a 'sun/nio/fs/WindowsException'{0x000000008bc0a520}> (0x000000008bc0a520) 
thrown [s\src\hotspot\share\prims\jni.cpp, line 520]
Event: 945.063 Thread 0x000001c6f9049a10 Exception <a 'sun/nio/fs/WindowsException'{0x000000008bc0b9d8}> (0x000000008bc0b9d8) 
thrown [s\src\hotspot\share\prims\jni.cpp, line 520]
Event: 945.063 Thread 0x000001c6f9049a10 Exception <a 'sun/nio/fs/WindowsException'{0x000000008bc0ce80}> (0x000000008bc0ce80) 
thrown [s\src\hotspot\share\prims\jni.cpp, line 520]
Event: 945.063 Thread 0x000001c6f9049a10 Exception <a 'sun/nio/fs/WindowsException'{0x000000008bc0e328}> (0x000000008bc0e328) 
thrown [s\src\hotspot\share\prims\jni.cpp, line 520]
Event: 945.131 Thread 0x000001c6f9049a10 Exception <a 'sun/nio/fs/WindowsException'{0x000000008e56d370}> (0x000000008e56d370) 
thrown [s\src\hotspot\share\prims\jni.cpp, line 520]
Event: 945.131 Thread 0x000001c6f9049a10 Exception <a 'sun/nio/fs/WindowsException'{0x000000008e56eca0}> (0x000000008e56eca0) 
thrown [s\src\hotspot\share\prims\jni.cpp, line 520]
Event: 945.131 Thread 0x000001c6f9049a10 Exception <a 'sun/nio/fs/WindowsException'{0x000000008e570f68}> (0x000000008e570f68) 
thrown [s\src\hotspot\share\prims\jni.cpp, line 520]
Event: 945.485 Thread 0x000001c6f9049a10 Exception <a 'sun/nio/fs/WindowsException'{0x000000008b262740}> (0x000000008b262740) 
thrown [s\src\hotspot\share\prims\jni.cpp, line 520]
Event: 945.486 Thread 0x000001c6f9049a10 Exception <a 'sun/nio/fs/WindowsException'{0x000000008b263d90}> (0x000000008b263d90) 
thrown [s\src\hotspot\share\prims\jni.cpp, line 520]
Event: 945.486 Thread 0x000001c6f9049a10 Exception <a 'sun/nio/fs/WindowsException'{0x000000008b265430}> (0x000000008b265430) 
thrown [s\src\hotspot\share\prims\jni.cpp, line 520]
Event: 945.486 Thread 0x000001c6f9049a10 Exception <a 'sun/nio/fs/WindowsException'{0x000000008b266ad0}> (0x000000008b266ad0) 
thrown [s\src\hotspot\share\prims\jni.cpp, line 520]
Event: 945.563 Thread 0x000001c6f290d900 Exception <a 'sun/nio/fs/WindowsException'{0x000000008aa130b8}> (0x000000008aa130b8) 
thrown [s\src\hotspot\share\prims\jni.cpp, line 520]
Event: 946.109 Thread 0x000001c6f1c81240 Exception <a 'java/net/ConnectException'{0x000000008c30b2d8}: Connection refused: connect> (0x000000008c30b2d8) 
thrown [s\src\hotspot\share\prims\jni.cpp, line 539]
Event: 946.116 Thread 0x000001c6f290df90 Exception <a 'sun/nio/fs/WindowsException'{0x000000008c3d5fe8}> (0x000000008c3d5fe8) 
thrown [s\src\hotspot\share\prims\jni.cpp, line 520]
Event: 946.121 Thread 0x000001c6f1c81240 Exception <a 'java/net/ConnectException'{0x000000008c30c070}: Connection refused: connect> (0x000000008c30c070) 
thrown [s\src\hotspot\share\prims\jni.cpp, line 539]
Event: 946.135 Thread 0x000001c6f1c81240 Exception <a 'java/net/ConnectException'{0x000000008c30ce08}: Connection refused: connect> (0x000000008c30ce08) 
thrown [s\src\hotspot\share\prims\jni.cpp, line 539]
Event: 946.282 Thread 0x000001c6f1c81240 Exception <a 'java/net/ConnectException'{0x000000008b968818}: Connection refused: connect> (0x000000008b968818) 
thrown [s\src\hotspot\share\prims\jni.cpp, line 539]
Event: 946.293 Thread 0x000001c6f1c81240 Exception <a 'java/net/ConnectException'{0x000000008b9695b0}: Connection refused: connect> (0x000000008b9695b0) 
thrown [s\src\hotspot\share\prims\jni.cpp, line 539]
Event: 946.303 Thread 0x000001c6f1c81240 Exception <a 'java/net/ConnectException'{0x000000008b96a348}: Connection refused: connect> (0x000000008b96a348) 
thrown [s\src\hotspot\share\prims\jni.cpp, line 539]

ZGC Phase Switch (0 events):
No events

VM Operations (20 events):
Event: 878.076 Executing VM operation: ICBufferFull
Event: 878.076 Executing VM operation: ICBufferFull done
Event: 879.077 Executing VM operation: Cleanup
Event: 879.077 Executing VM operation: Cleanup done
Event: 883.080 Executing VM operation: Cleanup
Event: 883.080 Executing VM operation: Cleanup done
Event: 890.084 Executing VM operation: Cleanup
Event: 890.084 Executing VM operation: Cleanup done
Event: 902.157 Executing VM operation: HandshakeAllThreads (HandshakeForDeflation)
Event: 902.157 Executing VM operation: HandshakeAllThreads (HandshakeForDeflation) done
Event: 902.157 Executing VM operation: RendezvousGCThreads
Event: 902.157 Executing VM operation: RendezvousGCThreads done
Event: 913.162 Executing VM operation: Cleanup
Event: 913.162 Executing VM operation: Cleanup done
Event: 945.081 Executing VM operation: G1CollectForAllocation (G1 Evacuation Pause)
Event: 945.093 Executing VM operation: G1CollectForAllocation (G1 Evacuation Pause) done
Event: 945.484 Executing VM operation: ICBufferFull
Event: 945.484 Executing VM operation: ICBufferFull done
Event: 945.589 Executing VM operation: G1CollectForAllocation (G1 Evacuation Pause)
Event: 945.603 Executing VM operation: G1CollectForAllocation (G1 Evacuation Pause) done

Memory protections (0 events):
No events

Nmethod flushes (20 events):
Event: 877.290 Thread 0x000001c6e7202090 flushing  nmethod 0x000001c6d3e47590
Event: 877.290 Thread 0x000001c6e7202090 flushing  nmethod 0x000001c6d3fcfd90
Event: 877.290 Thread 0x000001c6e7202090 flushing  nmethod 0x000001c6d3fd0b90
Event: 877.290 Thread 0x000001c6e7202090 flushing  nmethod 0x000001c6d3fd1c90
Event: 877.290 Thread 0x000001c6e7202090 flushing  nmethod 0x000001c6d3fd2090
Event: 877.290 Thread 0x000001c6e7202090 flushing  nmethod 0x000001c6d3fd3b10
Event: 877.290 Thread 0x000001c6e7202090 flushing  nmethod 0x000001c6d3fd4c90
Event: 877.290 Thread 0x000001c6e7202090 flushing  nmethod 0x000001c6d4026510
Event: 877.290 Thread 0x000001c6e7202090 flushing  nmethod 0x000001c6d404ce90
Event: 877.290 Thread 0x000001c6e7202090 flushing  nmethod 0x000001c6d4056a90
Event: 877.290 Thread 0x000001c6e7202090 flushing  nmethod 0x000001c6d409d190
Event: 877.290 Thread 0x000001c6e7202090 flushing  nmethod 0x000001c6d40a1310
Event: 877.290 Thread 0x000001c6e7202090 flushing  nmethod 0x000001c6d40a1890
Event: 877.290 Thread 0x000001c6e7202090 flushing  nmethod 0x000001c6d418c510
Event: 877.290 Thread 0x000001c6e7202090 flushing  nmethod 0x000001c6d4218990
Event: 877.290 Thread 0x000001c6e7202090 flushing  nmethod 0x000001c6d421cf90
Event: 877.290 Thread 0x000001c6e7202090 flushing  nmethod 0x000001c6d42b8510
Event: 877.290 Thread 0x000001c6e7202090 flushing  nmethod 0x000001c6d42ed310
Event: 877.290 Thread 0x000001c6e7202090 flushing  nmethod 0x000001c6d4501810
Event: 877.290 Thread 0x000001c6e7202090 flushing  nmethod 0x000001c6d4708f90

Events (20 events):
Event: 945.899 Thread 0x000001c6f290bec0 Thread added: 0x000001c6f904f5f0
Event: 945.899 Thread 0x000001c6f290bec0 Thread added: 0x000001c6f904fc80
Event: 945.899 Thread 0x000001c6f290bec0 Thread added: 0x000001c6f9050310
Event: 945.899 Thread 0x000001c6f290bec0 Thread added: 0x000001c6f9052a70
Event: 945.899 Thread 0x000001c6f290bec0 Thread added: 0x000001c6f90509a0
Event: 945.899 Thread 0x000001c6f290bec0 Thread added: 0x000001c6f9051030
Event: 945.900 Thread 0x000001c6f290bec0 Thread added: 0x000001c6f90516c0
Event: 945.923 Thread 0x000001c6f290bec0 Thread added: 0x000001c6f1c7e450
Event: 945.923 Thread 0x000001c6f290bec0 Thread added: 0x000001c6f1c80bb0
Event: 946.104 Thread 0x000001c6f290bec0 Thread added: 0x000001c6f1c81240
Event: 946.129 Thread 0x000001c6f290df90 Thread added: 0x000001c6f1c7d730
Event: 946.130 Thread 0x000001c6f290df90 Thread added: 0x000001c6f1c7d0a0
Event: 946.130 Thread 0x000001c6f290df90 Thread added: 0x000001c6f1c7f800
Event: 946.131 Thread 0x000001c6f290df90 Thread added: 0x000001c6f1c7ddc0
Event: 946.132 Thread 0x000001c6f290df90 Thread added: 0x000001c6f1c7c380
Event: 946.132 Thread 0x000001c6f290df90 Thread added: 0x000001c6f1c7eae0
Event: 946.133 Thread 0x000001c6f290df90 Thread added: 0x000001c6f1c7f170
Event: 946.145 Thread 0x000001c6f1c81240 Thread added: 0x000001c6f1c818d0
Event: 946.278 Thread 0x000001c6f1c818d0 Thread exited: 0x000001c6f1c818d0
Event: 946.307 Thread 0x000001c6f1c81240 Thread added: 0x000001c6f1c818d0


Dynamic libraries:
0x00007ff70faa0000 - 0x00007ff70faae000 	C:\Users\Admin\.jdks\ms-21.0.7\bin\java.exe
0x00007ffedffd0000 - 0x00007ffee01c8000 	C:\WINDOWS\SYSTEM32\ntdll.dll
0x00007ffedf140000 - 0x00007ffedf201000 	C:\WINDOWS\System32\KERNEL32.DLL
0x00007ffedd6f0000 - 0x00007ffedd9e6000 	C:\WINDOWS\System32\KERNELBASE.dll
0x00007ffeddb20000 - 0x00007ffeddc20000 	C:\WINDOWS\System32\ucrtbase.dll
0x00007ffec1a40000 - 0x00007ffec1a5d000 	C:\Users\Admin\.jdks\ms-21.0.7\bin\VCRUNTIME140.dll
0x00007ffec1d10000 - 0x00007ffec1d28000 	C:\Users\Admin\.jdks\ms-21.0.7\bin\jli.dll
0x00007ffedfc30000 - 0x00007ffedfdcf000 	C:\WINDOWS\System32\USER32.dll
0x00007ffeddaf0000 - 0x00007ffeddb12000 	C:\WINDOWS\System32\win32u.dll
0x00007ffec4600000 - 0x00007ffec489a000 	C:\WINDOWS\WinSxS\amd64_microsoft.windows.common-controls_6595b64144ccf1df_6.0.19041.4355_none_60b8b9eb71f62e16\COMCTL32.dll
0x00007ffedee50000 - 0x00007ffedee7b000 	C:\WINDOWS\System32\GDI32.dll
0x00007ffedfdd0000 - 0x00007ffedfe6e000 	C:\WINDOWS\System32\msvcrt.dll
0x00007ffeddee0000 - 0x00007ffeddff7000 	C:\WINDOWS\System32\gdi32full.dll
0x00007ffedddb0000 - 0x00007ffedde4d000 	C:\WINDOWS\System32\msvcp_win.dll
0x00007ffede6b0000 - 0x00007ffede6df000 	C:\WINDOWS\System32\IMM32.DLL
0x00007ffec4bd0000 - 0x00007ffec4bdc000 	C:\Users\Admin\.jdks\ms-21.0.7\bin\vcruntime140_1.dll
0x00007ffe99690000 - 0x00007ffe9971d000 	C:\Users\Admin\.jdks\ms-21.0.7\bin\msvcp140.dll
0x00007ffe66940000 - 0x00007ffe676d8000 	C:\Users\Admin\.jdks\ms-21.0.7\bin\server\jvm.dll
0x00007ffedf210000 - 0x00007ffedf2c0000 	C:\WINDOWS\System32\ADVAPI32.dll
0x00007ffedf820000 - 0x00007ffedf8c0000 	C:\WINDOWS\System32\sechost.dll
0x00007ffedef60000 - 0x00007ffedf083000 	C:\WINDOWS\System32\RPCRT4.dll
0x00007ffeddd80000 - 0x00007ffeddda7000 	C:\WINDOWS\System32\bcrypt.dll
0x00007ffedf2c0000 - 0x00007ffedf32b000 	C:\WINDOWS\System32\WS2_32.dll
0x00007ffedcba0000 - 0x00007ffedcbeb000 	C:\WINDOWS\SYSTEM32\POWRPROF.dll
0x00007ffed0940000 - 0x00007ffed094a000 	C:\WINDOWS\SYSTEM32\VERSION.dll
0x00007ffecc1a0000 - 0x00007ffecc1c7000 	C:\WINDOWS\SYSTEM32\WINMM.dll
0x00007ffedca70000 - 0x00007ffedca82000 	C:\WINDOWS\SYSTEM32\UMPDC.dll
0x00007ffedbe80000 - 0x00007ffedbe92000 	C:\WINDOWS\SYSTEM32\kernel.appcore.dll
0x00007ffec45a0000 - 0x00007ffec45aa000 	C:\Users\Admin\.jdks\ms-21.0.7\bin\jimage.dll
0x00007ffedbb90000 - 0x00007ffedbd74000 	C:\WINDOWS\SYSTEM32\DBGHELP.DLL
0x00007ffec2eb0000 - 0x00007ffec2ee4000 	C:\WINDOWS\SYSTEM32\dbgcore.DLL
0x00007ffedde50000 - 0x00007ffedded2000 	C:\WINDOWS\System32\bcryptPrimitives.dll
0x00007ffec2ff0000 - 0x00007ffec2fff000 	C:\Users\Admin\.jdks\ms-21.0.7\bin\instrument.dll
0x00007ffebbd90000 - 0x00007ffebbdb0000 	C:\Users\Admin\.jdks\ms-21.0.7\bin\java.dll
0x00007ffede6e0000 - 0x00007ffedee4c000 	C:\WINDOWS\System32\SHELL32.dll
0x00007ffedb330000 - 0x00007ffedbace000 	C:\WINDOWS\SYSTEM32\windows.storage.dll
0x00007ffede1e0000 - 0x00007ffede533000 	C:\WINDOWS\System32\combase.dll
0x00007ffedd0a0000 - 0x00007ffedd0ce000 	C:\WINDOWS\SYSTEM32\Wldp.dll
0x00007ffede550000 - 0x00007ffede61d000 	C:\WINDOWS\System32\OLEAUT32.dll
0x00007ffedf090000 - 0x00007ffedf13d000 	C:\WINDOWS\System32\SHCORE.dll
0x00007ffedfa90000 - 0x00007ffedfae5000 	C:\WINDOWS\System32\shlwapi.dll
0x00007ffedd5b0000 - 0x00007ffedd5d4000 	C:\WINDOWS\SYSTEM32\profapi.dll
0x00007ffe995b0000 - 0x00007ffe99686000 	C:\Users\Admin\.jdks\ms-21.0.7\bin\jsvml.dll
0x00007ffeb2730000 - 0x00007ffeb2748000 	C:\Users\Admin\.jdks\ms-21.0.7\bin\zip.dll
0x00007ffebc050000 - 0x00007ffebc060000 	C:\Users\Admin\.jdks\ms-21.0.7\bin\net.dll
0x00007ffed1460000 - 0x00007ffed156a000 	C:\WINDOWS\SYSTEM32\WINHTTP.dll
0x00007ffedce00000 - 0x00007ffedce6a000 	C:\WINDOWS\system32\mswsock.dll
0x00007ffeaea60000 - 0x00007ffeaea76000 	C:\Users\Admin\.jdks\ms-21.0.7\bin\nio.dll
0x00007ffebb8f0000 - 0x00007ffebb900000 	C:\Users\Admin\.jdks\ms-21.0.7\bin\verify.dll
0x00007ffec3fe0000 - 0x00007ffec4007000 	D:\.jdks\corretto-21.0.4\native\1def1411415f61bf3af743bc5b6707747c0891f09f0c88961ee8f79bc544acac\windows-amd64\native-platform.dll
0x00007ffe99530000 - 0x00007ffe995a8000 	D:\.jdks\corretto-21.0.4\native\0.2.7\x86_64-windows-gnu\gradle-fileevents.dll
0x00007ffeba3a0000 - 0x00007ffeba3aa000 	C:\Users\Admin\.jdks\ms-21.0.7\bin\management.dll
0x00007ffeb8be0000 - 0x00007ffeb8beb000 	C:\Users\Admin\.jdks\ms-21.0.7\bin\management_ext.dll
0x00007ffede540000 - 0x00007ffede548000 	C:\WINDOWS\System32\PSAPI.DLL
0x00007ffedca90000 - 0x00007ffedcacb000 	C:\WINDOWS\SYSTEM32\IPHLPAPI.DLL
0x00007ffedfaf0000 - 0x00007ffedfaf8000 	C:\WINDOWS\System32\NSI.dll
0x00007ffeb7860000 - 0x00007ffeb7869000 	C:\Users\Admin\.jdks\ms-21.0.7\bin\extnet.dll
0x00007ffedcff0000 - 0x00007ffedd008000 	C:\WINDOWS\SYSTEM32\CRYPTSP.dll
0x00007ffedc6b0000 - 0x00007ffedc6e4000 	C:\WINDOWS\system32\rsaenh.dll
0x00007ffedd520000 - 0x00007ffedd54e000 	C:\WINDOWS\SYSTEM32\USERENV.dll
0x00007ffedd010000 - 0x00007ffedd01c000 	C:\WINDOWS\SYSTEM32\CRYPTBASE.dll
0x00007ffeb7830000 - 0x00007ffeb783e000 	C:\Users\Admin\.jdks\ms-21.0.7\bin\sunmscapi.dll
0x00007ffeddc20000 - 0x00007ffeddd7e000 	C:\WINDOWS\System32\CRYPT32.dll
0x00007ffedd110000 - 0x00007ffedd139000 	C:\WINDOWS\SYSTEM32\ncrypt.dll
0x00007ffedd0d0000 - 0x00007ffedd10b000 	C:\WINDOWS\SYSTEM32\NTASN1.dll
0x00007ffed5d50000 - 0x00007ffed5d57000 	C:\WINDOWS\system32\wshunix.dll
0x00007ffedcad0000 - 0x00007ffedcb9a000 	C:\WINDOWS\SYSTEM32\DNSAPI.dll
0x00007ffed41a0000 - 0x00007ffed41aa000 	C:\Windows\System32\rasadhlp.dll
0x00007ffec7c90000 - 0x00007ffec7d10000 	C:\WINDOWS\System32\fwpuclnt.dll
0x00007ffed5a70000 - 0x00007ffed5a77000 	C:\Users\Admin\.jdks\ms-21.0.7\bin\rmi.dll

dbghelp: loaded successfully - version: 4.0.5 - missing functions: none
symbol engine: initialized successfully - sym options: 0x614 - pdb path: .;C:\Users\Admin\.jdks\ms-21.0.7\bin;C:\WINDOWS\SYSTEM32;C:\WINDOWS\WinSxS\amd64_microsoft.windows.common-controls_6595b64144ccf1df_6.0.19041.4355_none_60b8b9eb71f62e16;C:\Users\Admin\.jdks\ms-21.0.7\bin\server;D:\.jdks\corretto-21.0.4\native\1def1411415f61bf3af743bc5b6707747c0891f09f0c88961ee8f79bc544acac\windows-amd64;D:\.jdks\corretto-21.0.4\native\0.2.7\x86_64-windows-gnu

VM Arguments:
jvm_args: --add-opens=java.base/java.lang=ALL-UNNAMED --add-opens=java.base/java.lang.invoke=ALL-UNNAMED --add-opens=java.base/java.util=ALL-UNNAMED --add-opens=java.prefs/java.util.prefs=ALL-UNNAMED --add-exports=jdk.compiler/com.sun.tools.javac.api=ALL-UNNAMED --add-exports=jdk.compiler/com.sun.tools.javac.util=ALL-UNNAMED --add-opens=java.base/java.util=ALL-UNNAMED --add-opens=java.prefs/java.util.prefs=ALL-UNNAMED --add-opens=java.base/java.nio.charset=ALL-UNNAMED --add-opens=java.base/java.net=ALL-UNNAMED --add-opens=java.base/java.util.concurrent.atomic=ALL-UNNAMED --add-opens=java.xml/javax.xml.namespace=ALL-UNNAMED -Xmx2048m -Dfile.encoding=UTF-8 -Duser.country=US -Duser.language=en -Duser.variant -javaagent:D:\.jdks\corretto-21.0.4\wrapper\dists\gradle-8.13-bin\5xuhj0ry160q40clulazy9h7d\gradle-8.13\lib\agents\gradle-instrumentation-agent-8.13.jar 
java_command: org.gradle.launcher.daemon.bootstrap.GradleDaemon 8.13
java_class_path (initial): D:\.jdks\corretto-21.0.4\wrapper\dists\gradle-8.13-bin\5xuhj0ry160q40clulazy9h7d\gradle-8.13\lib\gradle-daemon-main-8.13.jar
Launcher Type: SUN_STANDARD

[Global flags]
     intx CICompilerCount                          = 4                                         {product} {ergonomic}
     uint ConcGCThreads                            = 2                                         {product} {ergonomic}
     uint G1ConcRefinementThreads                  = 8                                         {product} {ergonomic}
   size_t G1HeapRegionSize                         = 1048576                                   {product} {ergonomic}
    uintx GCDrainStackTargetSize                   = 64                                        {product} {ergonomic}
   size_t InitialHeapSize                          = 266338304                                 {product} {ergonomic}
   size_t MarkStackSize                            = 4194304                                   {product} {ergonomic}
   size_t MaxHeapSize                              = 2147483648                                {product} {command line}
   size_t MaxNewSize                               = 1287651328                                {product} {ergonomic}
   size_t MinHeapDeltaBytes                        = 1048576                                   {product} {ergonomic}
   size_t MinHeapSize                              = 8388608                                   {product} {ergonomic}
    uintx NonNMethodCodeHeapSize                   = 5839372                                {pd product} {ergonomic}
    uintx NonProfiledCodeHeapSize                  = 122909434                              {pd product} {ergonomic}
    uintx ProfiledCodeHeapSize                     = 122909434                              {pd product} {ergonomic}
    uintx ReservedCodeCacheSize                    = 251658240                              {pd product} {ergonomic}
     bool SegmentedCodeCache                       = true                                      {product} {ergonomic}
   size_t SoftMaxHeapSize                          = 2147483648                             {manageable} {ergonomic}
     bool UseCompressedOops                        = true                           {product lp64_product} {ergonomic}
     bool UseG1GC                                  = true                                      {product} {ergonomic}
     bool UseLargePagesIndividualAllocation        = false                                  {pd product} {ergonomic}

Logging:
Log output configuration:
 #0: stdout all=warning uptime,level,tags foldmultilines=false
 #1: stderr all=off uptime,level,tags foldmultilines=false

Environment Variables:
PATH=C:\Program Files\Common Files\Oracle\Java\javapath;C:\Program Files (x86)\Common Files\Oracle\Java\javapath;C:\WINDOWS\system32;C:\WINDOWS;C:\WINDOWS\System32\Wbem;C:\WINDOWS\System32\WindowsPowerShell\v1.0\;C:\WINDOWS\System32\OpenSSH\;C:\Program Files (x86)\Microsoft SQL Server\160\Tools\Binn\;C:\Program Files\Microsoft SQL Server\160\Tools\Binn\;C:\Program Files\Microsoft SQL Server\Client SDK\ODBC\170\Tools\Binn\;C:\Program Files\Microsoft SQL Server\160\DTS\Binn\;C:\Program Files\NVIDIA Corporation\NVIDIA NvDLISR;C:\Program Files (x86)\NVIDIA Corporation\PhysX\Common;C:\Program Files\Microsoft SQL Server\150\Tools\Binn\;D:\Git\cmd;C:\Users\Admin\AppData\Local\Microsoft\WindowsApps;D:\Microsoft VS Code\bin;D:\IntelliJ IDEA Community Edition 2024.3\bin;
USERNAME=Admin
OS=Windows_NT
PROCESSOR_IDENTIFIER=Intel64 Family 6 Model 142 Stepping 10, GenuineIntel
TMP=C:\Users\Admin\AppData\Local\Temp
TEMP=C:\Users\Admin\AppData\Local\Temp




Periodic native trim disabled

---------------  S Y S T E M  ---------------

OS:
 Windows 10 , 64 bit Build 19041 (10.0.19041.4597)
OS uptime: 1 days 4:34 hours

CPU: total 8 (initial active 8) (4 cores per cpu, 2 threads per core) family 6 model 142 stepping 10 microcode 0xf4, cx8, cmov, fxsr, ht, mmx, 3dnowpref, sse, sse2, sse3, ssse3, sse4.1, sse4.2, popcnt, lzcnt, tsc, tscinvbit, avx, avx2, aes, erms, clmul, bmi1, bmi2, rtm, adx, fma, vzeroupper, clflush, clflushopt, rdtscp, f16c
Processor Information for the first 8 processors :
  Max Mhz: 2112, Current Mhz: 1910, Mhz Limit: 1900

Memory: 4k page, system-wide physical 16242M (803M free)
TotalPageFile size 24680M (AvailPageFile size 375M)
current process WorkingSet (physical memory assigned to process): 575M, peak: 577M
current process commit charge ("private bytes"): 632M, peak: 637M

vm_info: OpenJDK 64-Bit Server VM (21.0.7+6-LTS) for windows-amd64 JRE (21.0.7+6-LTS), built on 2025-04-09T22:17:25Z by "MicrosoftCorporation" with unknown MS VC++:1939

END.
