#
# There is insufficient memory for the Java Runtime Environment to continue.
# Native memory allocation (malloc) failed to allocate 1548496 bytes. Error detail: Chunk::new
# Possible reasons:
#   The system is out of physical RAM or swap space
#   This process is running with CompressedOops enabled, and the Java Heap may be blocking the growth of the native heap
# Possible solutions:
#   Reduce memory load on the system
#   Increase physical memory or swap space
#   Check if swap backing store is full
#   Decrease Java heap size (-Xmx/-Xms)
#   Decrease number of Java threads
#   Decrease Java thread stack sizes (-Xss)
#   Set larger code cache with -XX:ReservedCodeCacheSize=
#   JVM is running with Zero Based Compressed Oops mode in which the Java heap is
#     placed in the first 32GB address space. The Java Heap base address is the
#     maximum limit for the native heap growth. Please use -XX:HeapBaseMinAddress
#     to set the Java Heap base and to place the Java Heap above 32GB virtual address.
# This output file may be truncated or incomplete.
#
#  Out of Memory Error (arena.cpp:168), pid=2480, tid=2276
#
# JRE version: OpenJDK Runtime Environment Microsoft-11369940 (21.0.7+6) (build 21.0.7+6-LTS)
# Java VM: OpenJDK 64-Bit Server VM Microsoft-11369940 (21.0.7+6-LTS, mixed mode, sharing, tiered, compressed oops, compressed class ptrs, g1 gc, windows-amd64)
# No core dump will be written. Minidumps are not enabled by default on client versions of Windows
#

---------------  S U M M A R Y ------------

Command Line: org.jetbrains.kotlin.cli.jvm.K2JVMCompiler @D:\Workspace\HaDV\DoVietHa_BT\app\build\20250810_32141546198031362.compiler.options

Host: Intel(R) Core(TM) i7-8650U CPU @ 1.90GHz, 8 cores, 15G,  Windows 10 , 64 bit Build 19041 (10.0.19041.4597)
Time: Sun Aug 10 19:44:34 2025 SE Asia Standard Time elapsed time: 17.095421 seconds (0d 0h 0m 17s)

---------------  T H R E A D  ---------------

Current thread (0x000001bfed87c070):  JavaThread "C2 CompilerThread1" daemon [_thread_in_native, id=2276, stack(0x0000007494800000,0x0000007494900000) (1024K)]


Current CompileTask:
C2:17095 15793       4       org.jetbrains.kotlin.backend.jvm.mapping.IrTypeMapper::writeGenericType (322 bytes)

Stack: [0x0000007494800000,0x0000007494900000]
Native frames: (J=compiled Java code, j=interpreted, Vv=VM code, C=native code)
V  [jvm.dll+0x6d4bb9]
V  [jvm.dll+0x8afa11]
V  [jvm.dll+0x8b1f3e]
V  [jvm.dll+0x8b2623]
V  [jvm.dll+0x280816]
V  [jvm.dll+0xc52bd]
V  [jvm.dll+0xc57f3]
V  [jvm.dll+0x3bbd22]
V  [jvm.dll+0x3884b0]
V  [jvm.dll+0x38792a]
V  [jvm.dll+0x248405]
V  [jvm.dll+0x2479df]
V  [jvm.dll+0x1c7aaf]
V  [jvm.dll+0x257819]
V  [jvm.dll+0x255bca]
V  [jvm.dll+0x3f5af6]
V  [jvm.dll+0x85916b]
V  [jvm.dll+0x6d327d]
C  [ucrtbase.dll+0x21bb2]
C  [KERNEL32.DLL+0x17374]
C  [ntdll.dll+0x4cc91]


---------------  P R O C E S S  ---------------

Threads class SMR info:
_java_thread_list=0x000001bff500d360, length=13, elements={
0x000001bfcc0ad420, 0x000001bfed6e14f0, 0x000001bfed6e2400, 0x000001bfed6e7460,
0x000001bfed6eaed0, 0x000001bfed6eb920, 0x000001bfed6ec370, 0x000001bfed6ff8d0,
0x000001bfed703f90, 0x000001bfed84aba0, 0x000001bfed8503f0, 0x000001bfed87c070,
0x000001bfed87c710
}

Java Threads: ( => current thread )
  0x000001bfcc0ad420 JavaThread "main"                              [_thread_in_vm, id=3808, stack(0x0000007493600000,0x0000007493700000) (1024K)]
  0x000001bfed6e14f0 JavaThread "Reference Handler"          daemon [_thread_blocked, id=8504, stack(0x0000007493e00000,0x0000007493f00000) (1024K)]
  0x000001bfed6e2400 JavaThread "Finalizer"                  daemon [_thread_blocked, id=2156, stack(0x0000007493f00000,0x0000007494000000) (1024K)]
  0x000001bfed6e7460 JavaThread "Signal Dispatcher"          daemon [_thread_blocked, id=15508, stack(0x0000007494000000,0x0000007494100000) (1024K)]
  0x000001bfed6eaed0 JavaThread "Attach Listener"            daemon [_thread_blocked, id=8788, stack(0x0000007494100000,0x0000007494200000) (1024K)]
  0x000001bfed6eb920 JavaThread "Service Thread"             daemon [_thread_blocked, id=1368, stack(0x0000007494200000,0x0000007494300000) (1024K)]
  0x000001bfed6ec370 JavaThread "Monitor Deflation Thread"   daemon [_thread_blocked, id=5008, stack(0x0000007494300000,0x0000007494400000) (1024K)]
  0x000001bfed6ff8d0 JavaThread "C2 CompilerThread0"         daemon [_thread_blocked, id=5416, stack(0x0000007494400000,0x0000007494500000) (1024K)]
  0x000001bfed703f90 JavaThread "C1 CompilerThread0"         daemon [_thread_blocked, id=14688, stack(0x0000007494500000,0x0000007494600000) (1024K)]
  0x000001bfed84aba0 JavaThread "Notification Thread"        daemon [_thread_blocked, id=12148, stack(0x0000007494600000,0x0000007494700000) (1024K)]
  0x000001bfed8503f0 JavaThread "Common-Cleaner"             daemon [_thread_blocked, id=10588, stack(0x0000007494700000,0x0000007494800000) (1024K)]
=>0x000001bfed87c070 JavaThread "C2 CompilerThread1"         daemon [_thread_in_native, id=2276, stack(0x0000007494800000,0x0000007494900000) (1024K)]
  0x000001bfed87c710 JavaThread "C2 CompilerThread2"         daemon [_thread_in_native, id=8744, stack(0x0000007494900000,0x0000007494a00000) (1024K)]
Total: 13

Other Threads:
  0x000001bfed6c42e0 VMThread "VM Thread"                           [id=5328, stack(0x0000007493d00000,0x0000007493e00000) (1024K)]
  0x000001bfed6b30e0 WatcherThread "VM Periodic Task Thread"        [id=5172, stack(0x0000007493c00000,0x0000007493d00000) (1024K)]
  0x000001bfce3926b0 WorkerThread "GC Thread#0"                     [id=6920, stack(0x0000007493700000,0x0000007493800000) (1024K)]
  0x000001bff234ca30 WorkerThread "GC Thread#1"                     [id=5700, stack(0x0000007494a00000,0x0000007494b00000) (1024K)]
  0x000001bff234cdd0 WorkerThread "GC Thread#2"                     [id=13412, stack(0x0000007494b00000,0x0000007494c00000) (1024K)]
  0x000001bff2367ea0 WorkerThread "GC Thread#3"                     [id=9964, stack(0x0000007494c00000,0x0000007494d00000) (1024K)]
  0x000001bff2368240 WorkerThread "GC Thread#4"                     [id=2080, stack(0x0000007494d00000,0x0000007494e00000) (1024K)]
  0x000001bff23690c0 WorkerThread "GC Thread#5"                     [id=4324, stack(0x0000007494e00000,0x0000007494f00000) (1024K)]
  0x000001bff23685e0 WorkerThread "GC Thread#6"                     [id=13796, stack(0x0000007494f00000,0x0000007495000000) (1024K)]
  0x000001bff29b8c40 WorkerThread "GC Thread#7"                     [id=11252, stack(0x0000007495000000,0x0000007495100000) (1024K)]
  0x000001bfce3a3e20 ConcurrentGCThread "G1 Main Marker"            [id=6492, stack(0x0000007493800000,0x0000007493900000) (1024K)]
  0x000001bfce3a50c0 WorkerThread "G1 Conc#0"                       [id=15756, stack(0x0000007493900000,0x0000007493a00000) (1024K)]
  0x000001bff29b8500 WorkerThread "G1 Conc#1"                       [id=10516, stack(0x0000007495100000,0x0000007495200000) (1024K)]
  0x000001bfce3fe9b0 ConcurrentGCThread "G1 Refine#0"               [id=12968, stack(0x0000007493a00000,0x0000007493b00000) (1024K)]
  0x000001bfed581ab0 ConcurrentGCThread "G1 Service"                [id=11764, stack(0x0000007493b00000,0x0000007493c00000) (1024K)]
Total: 15

Threads with active compile tasks:
C2 CompilerThread1  17126 15793       4       org.jetbrains.kotlin.backend.jvm.mapping.IrTypeMapper::writeGenericType (322 bytes)
C2 CompilerThread2  17126 15449       4       org.jetbrains.kotlin.types.AbstractTypeMapper::mapType (561 bytes)
Total: 2

VM state: not at safepoint (normal execution)

VM Mutex/Monitor currently owned by a thread: None

Heap address: 0x0000000702200000, size: 4062 MB, Compressed Oops mode: Zero based, Oop shift amount: 3

CDS archive(s) mapped at: [0x000001bf80000000-0x000001bf80c80000-0x000001bf80c80000), size 13107200, SharedBaseAddress: 0x000001bf80000000, ArchiveRelocationMode: 1.
Compressed class space mapped at: 0x000001bf81000000-0x000001bfc1000000, reserved size: 1073741824
Narrow klass base: 0x000001bf80000000, Narrow klass shift: 0, Narrow klass range: 0x100000000

GC Precious Log:
 CardTable entry size: 512
 Card Set container configuration: InlinePtr #cards 4 size 8 Array Of Cards #cards 16 size 48 Howl #buckets 8 coarsen threshold 3686 Howl Bitmap #cards 512 size 80 coarsen threshold 460 Card regions per heap region 1 cards per card region 4096
 CPUs: 8 total, 8 available
 Memory: 16242M
 Large Page Support: Disabled
 NUMA Support: Disabled
 Compressed Oops: Enabled (Zero based)
 Heap Region Size: 2M
 Heap Min Capacity: 8M
 Heap Initial Capacity: 254M
 Heap Max Capacity: 4062M
 Pre-touch: Disabled
 Parallel Workers: 8
 Concurrent Workers: 2
 Concurrent Refinement Workers: 8
 Periodic GC: Disabled

Heap:
 garbage-first heap   total 239616K, used 153451K [0x0000000702200000, 0x0000000800000000)
  region size 2048K, 12 young (24576K), 3 survivors (6144K)
 Metaspace       used 79376K, committed 79808K, reserved 1179648K
  class space    used 8311K, committed 8512K, reserved 1048576K

Heap Regions: E=young(eden), S=young(survivor), O=old, HS=humongous(starts), HC=humongous(continues), CS=collection set, F=free, TAMS=top-at-mark-start, PB=parsable bottom
|   0|0x0000000702200000, 0x0000000702400000, 0x0000000702400000|100%|HS|  |TAMS 0x0000000702200000| PB 0x0000000702200000| Complete 
|   1|0x0000000702400000, 0x0000000702600000, 0x0000000702600000|100%|HC|  |TAMS 0x0000000702400000| PB 0x0000000702400000| Complete 
|   2|0x0000000702600000, 0x0000000702800000, 0x0000000702800000|100%| O|  |TAMS 0x0000000702600000| PB 0x0000000702600000| Untracked 
|   3|0x0000000702800000, 0x0000000702a00000, 0x0000000702a00000|100%| O|  |TAMS 0x0000000702800000| PB 0x0000000702800000| Untracked 
|   4|0x0000000702a00000, 0x0000000702c00000, 0x0000000702c00000|100%| O|  |TAMS 0x0000000702a00000| PB 0x0000000702a00000| Untracked 
|   5|0x0000000702c00000, 0x0000000702e00000, 0x0000000702e00000|100%| O|  |TAMS 0x0000000702c00000| PB 0x0000000702c00000| Untracked 
|   6|0x0000000702e00000, 0x0000000703000000, 0x0000000703000000|100%| O|  |TAMS 0x0000000702e00000| PB 0x0000000702e00000| Untracked 
|   7|0x0000000703000000, 0x0000000703200000, 0x0000000703200000|100%| O|  |TAMS 0x0000000703000000| PB 0x0000000703000000| Untracked 
|   8|0x0000000703200000, 0x0000000703400000, 0x0000000703400000|100%| O|  |TAMS 0x0000000703200000| PB 0x0000000703200000| Untracked 
|   9|0x0000000703400000, 0x0000000703600000, 0x0000000703600000|100%| O|  |TAMS 0x0000000703400000| PB 0x0000000703400000| Untracked 
|  10|0x0000000703600000, 0x0000000703800000, 0x0000000703800000|100%| O|  |TAMS 0x0000000703600000| PB 0x0000000703600000| Untracked 
|  11|0x0000000703800000, 0x0000000703a00000, 0x0000000703a00000|100%| O|  |TAMS 0x0000000703800000| PB 0x0000000703800000| Untracked 
|  12|0x0000000703a00000, 0x0000000703c00000, 0x0000000703c00000|100%| O|  |TAMS 0x0000000703a00000| PB 0x0000000703a00000| Untracked 
|  13|0x0000000703c00000, 0x0000000703e00000, 0x0000000703e00000|100%| O|  |TAMS 0x0000000703c00000| PB 0x0000000703c00000| Untracked 
|  14|0x0000000703e00000, 0x0000000704000000, 0x0000000704000000|100%| O|  |TAMS 0x0000000703e00000| PB 0x0000000703e00000| Untracked 
|  15|0x0000000704000000, 0x0000000704200000, 0x0000000704200000|100%| O|  |TAMS 0x0000000704000000| PB 0x0000000704000000| Untracked 
|  16|0x0000000704200000, 0x0000000704400000, 0x0000000704400000|100%| O|  |TAMS 0x0000000704200000| PB 0x0000000704200000| Untracked 
|  17|0x0000000704400000, 0x0000000704600000, 0x0000000704600000|100%| O|  |TAMS 0x0000000704400000| PB 0x0000000704400000| Untracked 
|  18|0x0000000704600000, 0x0000000704800000, 0x0000000704800000|100%| O|  |TAMS 0x0000000704600000| PB 0x0000000704600000| Untracked 
|  19|0x0000000704800000, 0x0000000704a00000, 0x0000000704a00000|100%| O|  |TAMS 0x0000000704800000| PB 0x0000000704800000| Untracked 
|  20|0x0000000704a00000, 0x0000000704c00000, 0x0000000704c00000|100%| O|  |TAMS 0x0000000704a00000| PB 0x0000000704a00000| Untracked 
|  21|0x0000000704c00000, 0x0000000704e00000, 0x0000000704e00000|100%| O|  |TAMS 0x0000000704c00000| PB 0x0000000704c00000| Untracked 
|  22|0x0000000704e00000, 0x0000000705000000, 0x0000000705000000|100%| O|  |TAMS 0x0000000704e00000| PB 0x0000000704e00000| Untracked 
|  23|0x0000000705000000, 0x0000000705200000, 0x0000000705200000|100%| O|  |TAMS 0x0000000705000000| PB 0x0000000705000000| Untracked 
|  24|0x0000000705200000, 0x0000000705400000, 0x0000000705400000|100%| O|  |TAMS 0x0000000705200000| PB 0x0000000705200000| Untracked 
|  25|0x0000000705400000, 0x0000000705600000, 0x0000000705600000|100%| O|  |TAMS 0x0000000705400000| PB 0x0000000705400000| Untracked 
|  26|0x0000000705600000, 0x0000000705800000, 0x0000000705800000|100%| O|  |TAMS 0x0000000705600000| PB 0x0000000705600000| Untracked 
|  27|0x0000000705800000, 0x0000000705a00000, 0x0000000705a00000|100%| O|  |TAMS 0x0000000705800000| PB 0x0000000705800000| Untracked 
|  28|0x0000000705a00000, 0x0000000705c00000, 0x0000000705c00000|100%| O|  |TAMS 0x0000000705a00000| PB 0x0000000705a00000| Untracked 
|  29|0x0000000705c00000, 0x0000000705e00000, 0x0000000705e00000|100%| O|  |TAMS 0x0000000705c00000| PB 0x0000000705c00000| Untracked 
|  30|0x0000000705e00000, 0x0000000706000000, 0x0000000706000000|100%| O|  |TAMS 0x0000000705e00000| PB 0x0000000705e00000| Untracked 
|  31|0x0000000706000000, 0x0000000706200000, 0x0000000706200000|100%| O|  |TAMS 0x0000000706000000| PB 0x0000000706000000| Untracked 
|  32|0x0000000706200000, 0x0000000706400000, 0x0000000706400000|100%| O|  |TAMS 0x0000000706200000| PB 0x0000000706200000| Untracked 
|  33|0x0000000706400000, 0x0000000706600000, 0x0000000706600000|100%| O|  |TAMS 0x0000000706400000| PB 0x0000000706400000| Untracked 
|  34|0x0000000706600000, 0x0000000706800000, 0x0000000706800000|100%| O|  |TAMS 0x0000000706600000| PB 0x0000000706600000| Untracked 
|  35|0x0000000706800000, 0x0000000706a00000, 0x0000000706a00000|100%| O|  |TAMS 0x0000000706800000| PB 0x0000000706800000| Untracked 
|  36|0x0000000706a00000, 0x0000000706c00000, 0x0000000706c00000|100%| O|  |TAMS 0x0000000706a00000| PB 0x0000000706a00000| Untracked 
|  37|0x0000000706c00000, 0x0000000706e00000, 0x0000000706e00000|100%| O|  |TAMS 0x0000000706c00000| PB 0x0000000706c00000| Untracked 
|  38|0x0000000706e00000, 0x0000000707000000, 0x0000000707000000|100%| O|  |TAMS 0x0000000706e00000| PB 0x0000000706e00000| Untracked 
|  39|0x0000000707000000, 0x0000000707200000, 0x0000000707200000|100%| O|  |TAMS 0x0000000707000000| PB 0x0000000707000000| Untracked 
|  40|0x0000000707200000, 0x0000000707400000, 0x0000000707400000|100%| O|  |TAMS 0x0000000707200000| PB 0x0000000707200000| Untracked 
|  41|0x0000000707400000, 0x0000000707600000, 0x0000000707600000|100%| O|  |TAMS 0x0000000707400000| PB 0x0000000707400000| Untracked 
|  42|0x0000000707600000, 0x0000000707800000, 0x0000000707800000|100%| O|  |TAMS 0x0000000707600000| PB 0x0000000707600000| Untracked 
|  43|0x0000000707800000, 0x0000000707a00000, 0x0000000707a00000|100%| O|  |TAMS 0x0000000707800000| PB 0x0000000707800000| Untracked 
|  44|0x0000000707a00000, 0x0000000707c00000, 0x0000000707c00000|100%| O|  |TAMS 0x0000000707a00000| PB 0x0000000707a00000| Untracked 
|  45|0x0000000707c00000, 0x0000000707e00000, 0x0000000707e00000|100%| O|  |TAMS 0x0000000707c00000| PB 0x0000000707c00000| Untracked 
|  46|0x0000000707e00000, 0x0000000708000000, 0x0000000708000000|100%| O|  |TAMS 0x0000000707e00000| PB 0x0000000707e00000| Untracked 
|  47|0x0000000708000000, 0x0000000708200000, 0x0000000708200000|100%| O|  |TAMS 0x0000000708000000| PB 0x0000000708000000| Untracked 
|  48|0x0000000708200000, 0x0000000708400000, 0x0000000708400000|100%| O|  |TAMS 0x0000000708200000| PB 0x0000000708200000| Untracked 
|  49|0x0000000708400000, 0x0000000708600000, 0x0000000708600000|100%| O|  |TAMS 0x0000000708400000| PB 0x0000000708400000| Untracked 
|  50|0x0000000708600000, 0x0000000708800000, 0x0000000708800000|100%| O|  |TAMS 0x0000000708600000| PB 0x0000000708600000| Untracked 
|  51|0x0000000708800000, 0x0000000708a00000, 0x0000000708a00000|100%| O|  |TAMS 0x0000000708800000| PB 0x0000000708800000| Untracked 
|  52|0x0000000708a00000, 0x0000000708c00000, 0x0000000708c00000|100%| O|  |TAMS 0x0000000708a00000| PB 0x0000000708a00000| Untracked 
|  53|0x0000000708c00000, 0x0000000708e00000, 0x0000000708e00000|100%| O|  |TAMS 0x0000000708c00000| PB 0x0000000708c00000| Untracked 
|  54|0x0000000708e00000, 0x0000000709000000, 0x0000000709000000|100%| O|  |TAMS 0x0000000708e00000| PB 0x0000000708e00000| Untracked 
|  55|0x0000000709000000, 0x0000000709200000, 0x0000000709200000|100%| O|  |TAMS 0x0000000709000000| PB 0x0000000709000000| Untracked 
|  56|0x0000000709200000, 0x0000000709400000, 0x0000000709400000|100%| O|  |TAMS 0x0000000709200000| PB 0x0000000709200000| Untracked 
|  57|0x0000000709400000, 0x0000000709600000, 0x0000000709600000|100%| O|  |TAMS 0x0000000709400000| PB 0x0000000709400000| Untracked 
|  58|0x0000000709600000, 0x0000000709800000, 0x0000000709800000|100%| O|  |TAMS 0x0000000709600000| PB 0x0000000709600000| Untracked 
|  59|0x0000000709800000, 0x0000000709a00000, 0x0000000709a00000|100%| O|  |TAMS 0x0000000709800000| PB 0x0000000709800000| Untracked 
|  60|0x0000000709a00000, 0x0000000709c00000, 0x0000000709c00000|100%| O|  |TAMS 0x0000000709a00000| PB 0x0000000709a00000| Untracked 
|  61|0x0000000709c00000, 0x0000000709e00000, 0x0000000709e00000|100%| O|  |TAMS 0x0000000709c00000| PB 0x0000000709c00000| Untracked 
|  62|0x0000000709e00000, 0x0000000709fdaea0, 0x000000070a000000| 92%| O|  |TAMS 0x0000000709e00000| PB 0x0000000709e00000| Untracked 
|  63|0x000000070a000000, 0x000000070a200000, 0x000000070a200000|100%|HS|  |TAMS 0x000000070a000000| PB 0x000000070a000000| Complete 
|  64|0x000000070a200000, 0x000000070a200000, 0x000000070a400000|  0%| F|  |TAMS 0x000000070a200000| PB 0x000000070a200000| Untracked 
|  65|0x000000070a400000, 0x000000070a400000, 0x000000070a600000|  0%| F|  |TAMS 0x000000070a400000| PB 0x000000070a400000| Untracked 
|  66|0x000000070a600000, 0x000000070a600000, 0x000000070a800000|  0%| F|  |TAMS 0x000000070a600000| PB 0x000000070a600000| Untracked 
|  67|0x000000070a800000, 0x000000070a800000, 0x000000070aa00000|  0%| F|  |TAMS 0x000000070a800000| PB 0x000000070a800000| Untracked 
|  68|0x000000070aa00000, 0x000000070aa00000, 0x000000070ac00000|  0%| F|  |TAMS 0x000000070aa00000| PB 0x000000070aa00000| Untracked 
|  69|0x000000070ac00000, 0x000000070ac00000, 0x000000070ae00000|  0%| F|  |TAMS 0x000000070ac00000| PB 0x000000070ac00000| Untracked 
|  70|0x000000070ae00000, 0x000000070ae00000, 0x000000070b000000|  0%| F|  |TAMS 0x000000070ae00000| PB 0x000000070ae00000| Untracked 
|  71|0x000000070b000000, 0x000000070b000000, 0x000000070b200000|  0%| F|  |TAMS 0x000000070b000000| PB 0x000000070b000000| Untracked 
|  72|0x000000070b200000, 0x000000070b200000, 0x000000070b400000|  0%| F|  |TAMS 0x000000070b200000| PB 0x000000070b200000| Untracked 
|  73|0x000000070b400000, 0x000000070b400000, 0x000000070b600000|  0%| F|  |TAMS 0x000000070b400000| PB 0x000000070b400000| Untracked 
|  74|0x000000070b600000, 0x000000070b600000, 0x000000070b800000|  0%| F|  |TAMS 0x000000070b600000| PB 0x000000070b600000| Untracked 
|  75|0x000000070b800000, 0x000000070b800000, 0x000000070ba00000|  0%| F|  |TAMS 0x000000070b800000| PB 0x000000070b800000| Untracked 
|  76|0x000000070ba00000, 0x000000070ba00000, 0x000000070bc00000|  0%| F|  |TAMS 0x000000070ba00000| PB 0x000000070ba00000| Untracked 
|  77|0x000000070bc00000, 0x000000070bc00000, 0x000000070be00000|  0%| F|  |TAMS 0x000000070bc00000| PB 0x000000070bc00000| Untracked 
|  78|0x000000070be00000, 0x000000070c000000, 0x000000070c000000|100%| S|CS|TAMS 0x000000070be00000| PB 0x000000070be00000| Complete 
|  79|0x000000070c000000, 0x000000070c200000, 0x000000070c200000|100%| S|CS|TAMS 0x000000070c000000| PB 0x000000070c000000| Complete 
|  80|0x000000070c200000, 0x000000070c400000, 0x000000070c400000|100%| S|CS|TAMS 0x000000070c200000| PB 0x000000070c200000| Complete 
|  81|0x000000070c400000, 0x000000070c400000, 0x000000070c600000|  0%| F|  |TAMS 0x000000070c400000| PB 0x000000070c400000| Untracked 
|  82|0x000000070c600000, 0x000000070c600000, 0x000000070c800000|  0%| F|  |TAMS 0x000000070c600000| PB 0x000000070c600000| Untracked 
|  83|0x000000070c800000, 0x000000070c800000, 0x000000070ca00000|  0%| F|  |TAMS 0x000000070c800000| PB 0x000000070c800000| Untracked 
|  84|0x000000070ca00000, 0x000000070ca00000, 0x000000070cc00000|  0%| F|  |TAMS 0x000000070ca00000| PB 0x000000070ca00000| Untracked 
|  85|0x000000070cc00000, 0x000000070cc00000, 0x000000070ce00000|  0%| F|  |TAMS 0x000000070cc00000| PB 0x000000070cc00000| Untracked 
|  86|0x000000070ce00000, 0x000000070ce00000, 0x000000070d000000|  0%| F|  |TAMS 0x000000070ce00000| PB 0x000000070ce00000| Untracked 
|  87|0x000000070d000000, 0x000000070d000000, 0x000000070d200000|  0%| F|  |TAMS 0x000000070d000000| PB 0x000000070d000000| Untracked 
|  88|0x000000070d200000, 0x000000070d200000, 0x000000070d400000|  0%| F|  |TAMS 0x000000070d200000| PB 0x000000070d200000| Untracked 
|  89|0x000000070d400000, 0x000000070d400000, 0x000000070d600000|  0%| F|  |TAMS 0x000000070d400000| PB 0x000000070d400000| Untracked 
|  90|0x000000070d600000, 0x000000070d600000, 0x000000070d800000|  0%| F|  |TAMS 0x000000070d600000| PB 0x000000070d600000| Untracked 
|  91|0x000000070d800000, 0x000000070d800000, 0x000000070da00000|  0%| F|  |TAMS 0x000000070d800000| PB 0x000000070d800000| Untracked 
|  92|0x000000070da00000, 0x000000070da00000, 0x000000070dc00000|  0%| F|  |TAMS 0x000000070da00000| PB 0x000000070da00000| Untracked 
|  93|0x000000070dc00000, 0x000000070dc00000, 0x000000070de00000|  0%| F|  |TAMS 0x000000070dc00000| PB 0x000000070dc00000| Untracked 
|  94|0x000000070de00000, 0x000000070de00000, 0x000000070e000000|  0%| F|  |TAMS 0x000000070de00000| PB 0x000000070de00000| Untracked 
|  95|0x000000070e000000, 0x000000070e000000, 0x000000070e200000|  0%| F|  |TAMS 0x000000070e000000| PB 0x000000070e000000| Untracked 
|  96|0x000000070e200000, 0x000000070e200000, 0x000000070e400000|  0%| F|  |TAMS 0x000000070e200000| PB 0x000000070e200000| Untracked 
|  97|0x000000070e400000, 0x000000070e400000, 0x000000070e600000|  0%| F|  |TAMS 0x000000070e400000| PB 0x000000070e400000| Untracked 
|  98|0x000000070e600000, 0x000000070e600000, 0x000000070e800000|  0%| F|  |TAMS 0x000000070e600000| PB 0x000000070e600000| Untracked 
|  99|0x000000070e800000, 0x000000070e800000, 0x000000070ea00000|  0%| F|  |TAMS 0x000000070e800000| PB 0x000000070e800000| Untracked 
| 100|0x000000070ea00000, 0x000000070ea00000, 0x000000070ec00000|  0%| F|  |TAMS 0x000000070ea00000| PB 0x000000070ea00000| Untracked 
| 101|0x000000070ec00000, 0x000000070ec00000, 0x000000070ee00000|  0%| F|  |TAMS 0x000000070ec00000| PB 0x000000070ec00000| Untracked 
| 102|0x000000070ee00000, 0x000000070ee00000, 0x000000070f000000|  0%| F|  |TAMS 0x000000070ee00000| PB 0x000000070ee00000| Untracked 
| 103|0x000000070f000000, 0x000000070f000000, 0x000000070f200000|  0%| F|  |TAMS 0x000000070f000000| PB 0x000000070f000000| Untracked 
| 104|0x000000070f200000, 0x000000070f200000, 0x000000070f400000|  0%| F|  |TAMS 0x000000070f200000| PB 0x000000070f200000| Untracked 
| 105|0x000000070f400000, 0x000000070f400000, 0x000000070f600000|  0%| F|  |TAMS 0x000000070f400000| PB 0x000000070f400000| Untracked 
| 106|0x000000070f600000, 0x000000070f600000, 0x000000070f800000|  0%| F|  |TAMS 0x000000070f600000| PB 0x000000070f600000| Untracked 
| 107|0x000000070f800000, 0x000000070f800000, 0x000000070fa00000|  0%| F|  |TAMS 0x000000070f800000| PB 0x000000070f800000| Untracked 
| 108|0x000000070fa00000, 0x000000070fb00000, 0x000000070fc00000| 50%| E|  |TAMS 0x000000070fa00000| PB 0x000000070fa00000| Complete 
| 109|0x000000070fc00000, 0x000000070fe00000, 0x000000070fe00000|100%| E|CS|TAMS 0x000000070fc00000| PB 0x000000070fc00000| Complete 
| 110|0x000000070fe00000, 0x0000000710000000, 0x0000000710000000|100%| E|CS|TAMS 0x000000070fe00000| PB 0x000000070fe00000| Complete 
| 111|0x0000000710000000, 0x0000000710200000, 0x0000000710200000|100%| E|CS|TAMS 0x0000000710000000| PB 0x0000000710000000| Complete 
| 112|0x0000000710200000, 0x0000000710400000, 0x0000000710400000|100%| E|CS|TAMS 0x0000000710200000| PB 0x0000000710200000| Complete 
| 113|0x0000000710400000, 0x0000000710600000, 0x0000000710600000|100%| E|CS|TAMS 0x0000000710400000| PB 0x0000000710400000| Complete 
| 125|0x0000000711c00000, 0x0000000711e00000, 0x0000000711e00000|100%| E|CS|TAMS 0x0000000711c00000| PB 0x0000000711c00000| Complete 
| 126|0x0000000711e00000, 0x0000000712000000, 0x0000000712000000|100%| E|CS|TAMS 0x0000000711e00000| PB 0x0000000711e00000| Complete 
|2030|0x00000007ffe00000, 0x0000000800000000, 0x0000000800000000|100%| E|CS|TAMS 0x00000007ffe00000| PB 0x00000007ffe00000| Complete 

Card table byte_map: [0x000001bfe6550000,0x000001bfe6d40000] _byte_map_base: 0x000001bfe2d3f000

Marking Bits: (CMBitMap*) 0x000001bfce392db0
 Bits: [0x000001bfe6d40000, 0x000001bfeacb8000)

Polling page: 0x000001bfcdb00000

Metaspace:

Usage:
  Non-class:     69.40 MB used.
      Class:      8.12 MB used.
       Both:     77.52 MB used.

Virtual space:
  Non-class space:      128.00 MB reserved,      69.62 MB ( 54%) committed,  2 nodes.
      Class space:        1.00 GB reserved,       8.31 MB ( <1%) committed,  1 nodes.
             Both:        1.12 GB reserved,      77.94 MB (  7%) committed. 

Chunk freelists:
   Non-Class:  10.16 MB
       Class:  7.69 MB
        Both:  17.84 MB

MaxMetaspaceSize: unlimited
CompressedClassSpaceSize: 1.00 GB
Initial GC threshold: 21.00 MB
Current GC threshold: 100.88 MB
CDS: on
 - commit_granule_bytes: 65536.
 - commit_granule_words: 8192.
 - virtual_space_node_default_size: 8388608.
 - enlarge_chunks_in_place: 1.
 - use_allocation_guard: 0.


Internal statistics:

num_allocs_failed_limit: 9.
num_arena_births: 500.
num_arena_deaths: 0.
num_vsnodes_births: 3.
num_vsnodes_deaths: 0.
num_space_committed: 1245.
num_space_uncommitted: 0.
num_chunks_returned_to_freelist: 9.
num_chunks_taken_from_freelist: 3245.
num_chunk_merges: 9.
num_chunk_splits: 2671.
num_chunks_enlarged: 2377.
num_inconsistent_stats: 0.

CodeHeap 'non-profiled nmethods': size=120000Kb used=8987Kb max_used=8987Kb free=111012Kb
 bounds [0x000001bfde500000, 0x000001bfdedd0000, 0x000001bfe5a30000]
CodeHeap 'profiled nmethods': size=120000Kb used=51478Kb max_used=51478Kb free=68521Kb
 bounds [0x000001bfd6a30000, 0x000001bfd9c80000, 0x000001bfddf60000]
CodeHeap 'non-nmethods': size=5760Kb used=1852Kb max_used=1950Kb free=3907Kb
 bounds [0x000001bfddf60000, 0x000001bfde1d0000, 0x000001bfde500000]
 total_blobs=15041 nmethods=14208 adapters=733
 compilation: enabled
              stopped_count=0, restarted_count=0
 full_count=0

Compilation events (20 events):
Event: 17.038 Thread 0x000001bfed703f90 15808       3       kotlin.text.StringsKt__StringsKt::split (143 bytes)
Event: 17.040 Thread 0x000001bfed6ff8d0 nmethod 15812 0x000001bfdedbf690 code [0x000001bfdedbf860, 0x000001bfdedbfb60]
Event: 17.040 Thread 0x000001bfed703f90 nmethod 15808 0x000001bfd9c5f910 code [0x000001bfd9c5fde0, 0x000001bfd9c620a8]
Event: 17.040 Thread 0x000001bfed6ff8d0 15819       4       kotlin.collections.CollectionsKt___CollectionsKt::joinTo (156 bytes)
Event: 17.040 Thread 0x000001bfed703f90 15815       3       kotlin.io.FilesKt__UtilsKt::normalize (55 bytes)
Event: 17.041 Thread 0x000001bfed703f90 nmethod 15815 0x000001bfd9c62d10 code [0x000001bfd9c630a0, 0x000001bfd9c642e0]
Event: 17.041 Thread 0x000001bfed703f90 15816       3       kotlin.io.FilesKt__UtilsKt::resolve (26 bytes)
Event: 17.043 Thread 0x000001bfed703f90 nmethod 15816 0x000001bfd9c64910 code [0x000001bfd9c64bc0, 0x000001bfd9c656a8]
Event: 17.043 Thread 0x000001bfed703f90 15817       3       kotlin.io.FilesKt__UtilsKt::resolve (130 bytes)
Event: 17.045 Thread 0x000001bfed703f90 nmethod 15817 0x000001bfd9c65a90 code [0x000001bfd9c65f80, 0x000001bfd9c67f90]
Event: 17.045 Thread 0x000001bfed703f90 15818       3       kotlin.io.FilesKt__FilePathComponentsKt::isRooted (28 bytes)
Event: 17.046 Thread 0x000001bfed703f90 nmethod 15818 0x000001bfd9c68b90 code [0x000001bfd9c68de0, 0x000001bfd9c69468]
Event: 17.052 Thread 0x000001bfed703f90 15822       3       java.lang.Long::numberOfTrailingZeros (26 bytes)
Event: 17.052 Thread 0x000001bfed703f90 nmethod 15822 0x000001bfd9c69710 code [0x000001bfd9c698e0, 0x000001bfd9c69a90]
Event: 17.061 Thread 0x000001bfed703f90 15823       1       sun.util.locale.BaseLocale::getLanguage (5 bytes)
Event: 17.062 Thread 0x000001bfed703f90 nmethod 15823 0x000001bfdedbfe10 code [0x000001bfdedbffa0, 0x000001bfdedc0070]
Event: 17.079 Thread 0x000001bfed703f90 15824       3       java.util.EnumSet::typeCheck (59 bytes)
Event: 17.080 Thread 0x000001bfed703f90 nmethod 15824 0x000001bfd9c69b90 code [0x000001bfd9c69e40, 0x000001bfd9c6a880]
Event: 17.083 Thread 0x000001bfed703f90 15825       3       jdk.internal.jimage.ImageLocation::decompress (116 bytes)
Event: 17.083 Thread 0x000001bfed703f90 nmethod 15825 0x000001bfd9c6ac90 code [0x000001bfd9c6af20, 0x000001bfd9c6b9a8]

GC Heap History (20 events):
Event: 7.329 GC heap before
{Heap before GC invocations=12 (full 0):
 garbage-first heap   total 118784K, used 98228K [0x0000000702200000, 0x0000000800000000)
  region size 2048K, 18 young (36864K), 3 survivors (6144K)
 Metaspace       used 54719K, committed 55104K, reserved 1114112K
  class space    used 6281K, committed 6464K, reserved 1048576K
}
Event: 7.351 GC heap after
{Heap after GC invocations=13 (full 0):
 garbage-first heap   total 118784K, used 74646K [0x0000000702200000, 0x0000000800000000)
  region size 2048K, 3 young (6144K), 3 survivors (6144K)
 Metaspace       used 54719K, committed 55104K, reserved 1114112K
  class space    used 6281K, committed 6464K, reserved 1048576K
}
Event: 7.929 GC heap before
{Heap before GC invocations=14 (full 0):
 garbage-first heap   total 126976K, used 101270K [0x0000000702200000, 0x0000000800000000)
  region size 2048K, 16 young (32768K), 3 survivors (6144K)
 Metaspace       used 55562K, committed 55936K, reserved 1114112K
  class space    used 6376K, committed 6528K, reserved 1048576K
}
Event: 7.951 GC heap after
{Heap after GC invocations=15 (full 0):
 garbage-first heap   total 126976K, used 80546K [0x0000000702200000, 0x0000000800000000)
  region size 2048K, 2 young (4096K), 2 survivors (4096K)
 Metaspace       used 55562K, committed 55936K, reserved 1114112K
  class space    used 6376K, committed 6528K, reserved 1048576K
}
Event: 8.330 GC heap before
{Heap before GC invocations=15 (full 0):
 garbage-first heap   total 126976K, used 107170K [0x0000000702200000, 0x0000000800000000)
  region size 2048K, 15 young (30720K), 2 survivors (4096K)
 Metaspace       used 55848K, committed 56192K, reserved 1114112K
  class space    used 6390K, committed 6528K, reserved 1048576K
}
Event: 8.350 GC heap after
{Heap after GC invocations=16 (full 0):
 garbage-first heap   total 176128K, used 86007K [0x0000000702200000, 0x0000000800000000)
  region size 2048K, 2 young (4096K), 2 survivors (4096K)
 Metaspace       used 55848K, committed 56192K, reserved 1114112K
  class space    used 6390K, committed 6528K, reserved 1048576K
}
Event: 9.492 GC heap before
{Heap before GC invocations=16 (full 0):
 garbage-first heap   total 176128K, used 139255K [0x0000000702200000, 0x0000000800000000)
  region size 2048K, 28 young (57344K), 2 survivors (4096K)
 Metaspace       used 56529K, committed 56896K, reserved 1114112K
  class space    used 6413K, committed 6592K, reserved 1048576K
}
Event: 9.511 GC heap after
{Heap after GC invocations=17 (full 0):
 garbage-first heap   total 176128K, used 95580K [0x0000000702200000, 0x0000000800000000)
  region size 2048K, 4 young (8192K), 4 survivors (8192K)
 Metaspace       used 56529K, committed 56896K, reserved 1114112K
  class space    used 6413K, committed 6592K, reserved 1048576K
}
Event: 10.428 GC heap before
{Heap before GC invocations=18 (full 0):
 garbage-first heap   total 176128K, used 144732K [0x0000000702200000, 0x0000000800000000)
  region size 2048K, 28 young (57344K), 4 survivors (8192K)
 Metaspace       used 56899K, committed 57280K, reserved 1114112K
  class space    used 6417K, committed 6592K, reserved 1048576K
}
Event: 10.449 GC heap after
{Heap after GC invocations=19 (full 0):
 garbage-first heap   total 176128K, used 103117K [0x0000000702200000, 0x0000000800000000)
  region size 2048K, 4 young (8192K), 4 survivors (8192K)
 Metaspace       used 56899K, committed 57280K, reserved 1114112K
  class space    used 6417K, committed 6592K, reserved 1048576K
}
Event: 11.424 GC heap before
{Heap before GC invocations=19 (full 0):
 garbage-first heap   total 176128K, used 146125K [0x0000000702200000, 0x0000000800000000)
  region size 2048K, 26 young (53248K), 4 survivors (8192K)
 Metaspace       used 60225K, committed 60544K, reserved 1114112K
  class space    used 6676K, committed 6848K, reserved 1048576K
}
Event: 11.436 GC heap after
{Heap after GC invocations=20 (full 0):
 garbage-first heap   total 176128K, used 107973K [0x0000000702200000, 0x0000000800000000)
  region size 2048K, 3 young (6144K), 3 survivors (6144K)
 Metaspace       used 60225K, committed 60544K, reserved 1114112K
  class space    used 6676K, committed 6848K, reserved 1048576K
}
Event: 12.851 GC heap before
{Heap before GC invocations=20 (full 0):
 garbage-first heap   total 176128K, used 153029K [0x0000000702200000, 0x0000000800000000)
  region size 2048K, 25 young (51200K), 3 survivors (6144K)
 Metaspace       used 61424K, committed 61824K, reserved 1114112K
  class space    used 6728K, committed 6912K, reserved 1048576K
}
Event: 12.863 GC heap after
{Heap after GC invocations=21 (full 0):
 garbage-first heap   total 176128K, used 113527K [0x0000000702200000, 0x0000000800000000)
  region size 2048K, 3 young (6144K), 3 survivors (6144K)
 Metaspace       used 61424K, committed 61824K, reserved 1114112K
  class space    used 6728K, committed 6912K, reserved 1048576K
}
Event: 13.668 GC heap before
{Heap before GC invocations=22 (full 0):
 garbage-first heap   total 192512K, used 154487K [0x0000000702200000, 0x0000000800000000)
  region size 2048K, 23 young (47104K), 3 survivors (6144K)
 Metaspace       used 63704K, committed 64128K, reserved 1114112K
  class space    used 6913K, committed 7104K, reserved 1048576K
}
Event: 13.682 GC heap after
{Heap after GC invocations=23 (full 0):
 garbage-first heap   total 192512K, used 120491K [0x0000000702200000, 0x0000000800000000)
  region size 2048K, 3 young (6144K), 3 survivors (6144K)
 Metaspace       used 63704K, committed 64128K, reserved 1114112K
  class space    used 6913K, committed 7104K, reserved 1048576K
}
Event: 14.685 GC heap before
{Heap before GC invocations=23 (full 0):
 garbage-first heap   total 192512K, used 169643K [0x0000000702200000, 0x0000000800000000)
  region size 2048K, 27 young (55296K), 3 survivors (6144K)
 Metaspace       used 68453K, committed 68800K, reserved 1114112K
  class space    used 7280K, committed 7424K, reserved 1048576K
}
Event: 14.708 GC heap after
{Heap after GC invocations=24 (full 0):
 garbage-first heap   total 239616K, used 128387K [0x0000000702200000, 0x0000000800000000)
  region size 2048K, 4 young (8192K), 4 survivors (8192K)
 Metaspace       used 68453K, committed 68800K, reserved 1114112K
  class space    used 7280K, committed 7424K, reserved 1048576K
}
Event: 16.513 GC heap before
{Heap before GC invocations=24 (full 0):
 garbage-first heap   total 239616K, used 202115K [0x0000000702200000, 0x0000000800000000)
  region size 2048K, 40 young (81920K), 4 survivors (8192K)
 Metaspace       used 77385K, committed 77824K, reserved 1179648K
  class space    used 8138K, committed 8320K, reserved 1048576K
}
Event: 16.529 GC heap after
{Heap after GC invocations=25 (full 0):
 garbage-first heap   total 239616K, used 135019K [0x0000000702200000, 0x0000000800000000)
  region size 2048K, 3 young (6144K), 3 survivors (6144K)
 Metaspace       used 77385K, committed 77824K, reserved 1179648K
  class space    used 8138K, committed 8320K, reserved 1048576K
}

Dll operation events (9 events):
Event: 0.008 Loaded shared library C:\Users\Admin\.jdks\ms-21.0.7\bin\java.dll
Event: 0.051 Loaded shared library C:\Users\Admin\.jdks\ms-21.0.7\bin\jsvml.dll
Event: 0.075 Loaded shared library C:\Users\Admin\.jdks\ms-21.0.7\bin\net.dll
Event: 0.077 Loaded shared library C:\Users\Admin\.jdks\ms-21.0.7\bin\nio.dll
Event: 0.101 Loaded shared library C:\Users\Admin\.jdks\ms-21.0.7\bin\zip.dll
Event: 0.141 Loaded shared library C:\Users\Admin\.jdks\ms-21.0.7\bin\jimage.dll
Event: 0.448 Loaded shared library C:\Users\Admin\.jdks\ms-21.0.7\bin\management.dll
Event: 0.454 Loaded shared library C:\Users\Admin\.jdks\ms-21.0.7\bin\management_ext.dll
Event: 1.205 Loaded shared library C:\Users\Admin\.jdks\ms-21.0.7\bin\verify.dll

Deoptimization events (20 events):
Event: 17.035 Thread 0x000001bfcc0ad420 DEOPT PACKING pc=0x000001bfd6f9bfa7 sp=0x00000074936fe120
Event: 17.035 Thread 0x000001bfcc0ad420 DEOPT UNPACKING pc=0x000001bfddfb4e42 sp=0x00000074936fd5f8 mode 0
Event: 17.036 Thread 0x000001bfcc0ad420 DEOPT PACKING pc=0x000001bfd6f9bfa7 sp=0x00000074936fe0b0
Event: 17.036 Thread 0x000001bfcc0ad420 DEOPT UNPACKING pc=0x000001bfddfb4e42 sp=0x00000074936fd588 mode 0
Event: 17.037 Thread 0x000001bfcc0ad420 Uncommon trap: trap_request=0xffffff76 fr.pc=0x000001bfdecef8a0 relative=0x0000000000001a20
Event: 17.037 Thread 0x000001bfcc0ad420 Uncommon trap: reason=predicate action=maybe_recompile pc=0x000001bfdecef8a0 method=kotlin.collections.CollectionsKt___CollectionsKt.joinTo(Ljava/lang/Iterable;Ljava/lang/Appendable;Ljava/lang/CharSequence;Ljava/lang/CharSequence;Ljava/lang/CharSequence;I
Event: 17.037 Thread 0x000001bfcc0ad420 DEOPT PACKING pc=0x000001bfdecef8a0 sp=0x00000074936fe390
Event: 17.037 Thread 0x000001bfcc0ad420 DEOPT UNPACKING pc=0x000001bfddfb46a2 sp=0x00000074936fe378 mode 2
Event: 17.037 Thread 0x000001bfcc0ad420 DEOPT PACKING pc=0x000001bfd6f9bfa7 sp=0x00000074936fe060
Event: 17.037 Thread 0x000001bfcc0ad420 DEOPT UNPACKING pc=0x000001bfddfb4e42 sp=0x00000074936fd538 mode 0
Event: 17.039 Thread 0x000001bfcc0ad420 DEOPT PACKING pc=0x000001bfd6f9bfa7 sp=0x00000074936fdf50
Event: 17.039 Thread 0x000001bfcc0ad420 DEOPT UNPACKING pc=0x000001bfddfb4e42 sp=0x00000074936fd428 mode 0
Event: 17.045 Thread 0x000001bfcc0ad420 Uncommon trap: trap_request=0xffffff45 fr.pc=0x000001bfde767494 relative=0x0000000000000074
Event: 17.045 Thread 0x000001bfcc0ad420 Uncommon trap: reason=unstable_if action=reinterpret pc=0x000001bfde767494 method=sun.nio.fs.WindowsPath.isAbsolute()Z @ 7 c2
Event: 17.045 Thread 0x000001bfcc0ad420 DEOPT PACKING pc=0x000001bfde767494 sp=0x00000074936fdb00
Event: 17.045 Thread 0x000001bfcc0ad420 DEOPT UNPACKING pc=0x000001bfddfb46a2 sp=0x00000074936fda98 mode 2
Event: 17.052 Thread 0x000001bfcc0ad420 Uncommon trap: trap_request=0xffffff45 fr.pc=0x000001bfde9fbc94 relative=0x0000000000000254
Event: 17.052 Thread 0x000001bfcc0ad420 Uncommon trap: reason=unstable_if action=reinterpret pc=0x000001bfde9fbc94 method=java.util.EnumMap.typeCheck(Ljava/lang/Enum;)V @ 10 c2
Event: 17.052 Thread 0x000001bfcc0ad420 DEOPT PACKING pc=0x000001bfde9fbc94 sp=0x00000074936fe210
Event: 17.052 Thread 0x000001bfcc0ad420 DEOPT UNPACKING pc=0x000001bfddfb46a2 sp=0x00000074936fe150 mode 2

Classes loaded (20 events):
Event: 17.061 Loading class java/util/ResourceBundle$CacheKey
Event: 17.061 Loading class java/util/ResourceBundle$CacheKey done
Event: 17.061 Loading class java/util/ResourceBundle$KeyElementReference
Event: 17.061 Loading class java/util/ResourceBundle$CacheKeyReference
Event: 17.061 Loading class java/util/ResourceBundle$CacheKeyReference done
Event: 17.061 Loading class java/util/ResourceBundle$KeyElementReference done
Event: 17.062 Loading class java/util/ResourceBundle$3
Event: 17.062 Loading class java/util/ResourceBundle$3 done
Event: 17.062 Loading class sun/security/util/SecurityConstants
Event: 17.062 Loading class sun/security/util/SecurityConstants done
Event: 17.063 Loading class java/net/NetPermission
Event: 17.063 Loading class java/net/NetPermission done
Event: 17.063 Loading class java/security/SecurityPermission
Event: 17.063 Loading class java/security/SecurityPermission done
Event: 17.063 Loading class java/net/SocketPermission
Event: 17.063 Loading class java/net/SocketPermission done
Event: 17.063 Loading class java/lang/reflect/ReflectPermission
Event: 17.064 Loading class java/lang/reflect/ReflectPermission done
Event: 17.071 Loading class java/util/ResourceBundle$BundleReference
Event: 17.071 Loading class java/util/ResourceBundle$BundleReference done

Classes unloaded (0 events):
No events

Classes redefined (0 events):
No events

Internal exceptions (20 events):
Event: 13.611 Thread 0x000001bfcc0ad420 Implicit null exception at 0x000001bfde712122 to 0x000001bfde712450
Event: 13.613 Thread 0x000001bfcc0ad420 Implicit null exception at 0x000001bfde6f2aa2 to 0x000001bfde6f2dd0
Event: 13.981 Thread 0x000001bfcc0ad420 Exception <a 'java/lang/NoSuchMethodError'{0x000000070fddfd20}: 'java.lang.Object java.lang.invoke.DirectMethodHandle$Holder.newInvokeSpecial(java.lang.Object, java.lang.Object, java.lang.Object, java.lang.Object, java.lang.Object, java.lang.Object, java.lang.Object, java.lang.Object, int)'> (0x000000070fddfd20) 
thrown [s\src\hotspot\share\interpreter\linkResolver.cpp, line 773]
Event: 13.981 Thread 0x000001bfcc0ad420 Exception <a 'java/lang/NoSuchMethodError'{0x000000070fde4ac8}: 'java.lang.Object java.lang.invoke.DirectMethodHandle$Holder.invokeSpecial(java.lang.Object, java.lang.Object, java.lang.Object, java.lang.Object, java.lang.Object, java.lang.Object, java.lang.Object, java.lang.Object, java.lang.Object, int)'> (0x000000070fde4ac8) 
thrown [s\src\hotspot\share\interpreter\linkResolver.cpp, line 773]
Event: 15.062 Thread 0x000001bfcc0ad420 Exception <a 'java/lang/NoSuchMethodError'{0x000000070fa457b0}: 'java.lang.Object java.lang.invoke.DirectMethodHandle$Holder.newInvokeSpecial(java.lang.Object, int, java.lang.Object, int)'> (0x000000070fa457b0) 
thrown [s\src\hotspot\share\interpreter\linkResolver.cpp, line 773]
Event: 15.062 Thread 0x000001bfcc0ad420 Exception <a 'java/lang/NoSuchMethodError'{0x000000070fa49540}: 'java.lang.Object java.lang.invoke.DirectMethodHandle$Holder.invokeSpecial(java.lang.Object, java.lang.Object, int, java.lang.Object, int)'> (0x000000070fa49540) 
thrown [s\src\hotspot\share\interpreter\linkResolver.cpp, line 773]
Event: 15.395 Thread 0x000001bfcc0ad420 Exception <a 'java/lang/NoSuchMethodError'{0x000000070ef795e8}: 'java.lang.Object java.lang.invoke.DirectMethodHandle$Holder.newInvokeSpecial(java.lang.Object, java.lang.Object, java.lang.Object, java.lang.Object, int, java.lang.Object)'> (0x000000070ef795e8) 
thrown [s\src\hotspot\share\interpreter\linkResolver.cpp, line 773]
Event: 15.395 Thread 0x000001bfcc0ad420 Exception <a 'java/lang/NoSuchMethodError'{0x000000070ef80ea0}: 'java.lang.Object java.lang.invoke.Invokers$Holder.linkToTargetMethod(java.lang.Object, java.lang.Object, java.lang.Object, int, java.lang.Object, java.lang.Object)'> (0x000000070ef80ea0) 
thrown [s\src\hotspot\share\interpreter\linkResolver.cpp, line 773]
Event: 15.453 Thread 0x000001bfcc0ad420 Exception <a 'java/lang/NoSuchMethodError'{0x000000070edaeca0}: 'java.lang.Object java.lang.invoke.DirectMethodHandle$Holder.invokeStatic(java.lang.Object, java.lang.Object, int, java.lang.Object)'> (0x000000070edaeca0) 
thrown [s\src\hotspot\share\interpreter\linkResolver.cpp, line 773]
Event: 15.486 Thread 0x000001bfcc0ad420 Exception <a 'java/lang/NoSuchMethodError'{0x000000070eae4538}: 'java.lang.Object java.lang.invoke.DirectMethodHandle$Holder.invokeSpecial(java.lang.Object, java.lang.Object, java.lang.Object, java.lang.Object, java.lang.Object, java.lang.Object, java.lang.Object, int, java.lang.Object)'> (0x000000070eae4538) 
thrown [s\src\hotspot\share\interpreter\linkResolver.cpp, line 773]
Event: 15.486 Thread 0x000001bfcc0ad420 Exception <a 'java/lang/NoSuchMethodError'{0x000000070eae8460}: 'java.lang.Object java.lang.invoke.Invokers$Holder.linkToTargetMethod(java.lang.Object, java.lang.Object, java.lang.Object, java.lang.Object, java.lang.Object, int, java.lang.Object, java.lang.Object)'> (0x000000070eae8460) 
thrown [s\src\hotspot\share\interpreter\linkResolver.cpp, line 773]
Event: 15.786 Thread 0x000001bfcc0ad420 Exception <a 'java/lang/NoSuchMethodError'{0x000000070ded38c8}: 'java.lang.Object java.lang.invoke.DirectMethodHandle$Holder.newInvokeSpecial(java.lang.Object, java.lang.Object, java.lang.Object, java.lang.Object, java.lang.Object, int, int)'> (0x000000070ded38c8) 
thrown [s\src\hotspot\share\interpreter\linkResolver.cpp, line 773]
Event: 15.787 Thread 0x000001bfcc0ad420 Exception <a 'java/lang/NoSuchMethodError'{0x000000070dedb370}: 'java.lang.Object java.lang.invoke.Invokers$Holder.linkToTargetMethod(java.lang.Object, java.lang.Object, java.lang.Object, java.lang.Object, int, int, java.lang.Object)'> (0x000000070dedb370) 
thrown [s\src\hotspot\share\interpreter\linkResolver.cpp, line 773]
Event: 16.081 Thread 0x000001bfcc0ad420 Implicit null exception at 0x000001bfdecd3260 to 0x000001bfdecd3325
Event: 16.213 Thread 0x000001bfcc0ad420 Exception <a 'java/lang/NoSuchMethodError'{0x000000070cc47550}: 'java.lang.Object java.lang.invoke.DirectMethodHandle$Holder.invokeStatic(java.lang.Object, java.lang.Object, java.lang.Object, java.lang.Object, java.lang.Object, int, java.lang.Object, java.lang.Object)'> (0x000000070cc47550) 
thrown [s\src\hotspot\share\interpreter\linkResolver.cpp, line 773]
Event: 16.214 Thread 0x000001bfcc0ad420 Exception <a 'java/lang/NoSuchMethodError'{0x000000070cc50150}: 'java.lang.Object java.lang.invoke.DirectMethodHandle$Holder.newInvokeSpecial(java.lang.Object, java.lang.Object, java.lang.Object, java.lang.Object, java.lang.Object, int, java.lang.Object)'> (0x000000070cc50150) 
thrown [s\src\hotspot\share\interpreter\linkResolver.cpp, line 773]
Event: 16.214 Thread 0x000001bfcc0ad420 Exception <a 'java/lang/NoSuchMethodError'{0x000000070cc542f8}: 'java.lang.Object java.lang.invoke.DirectMethodHandle$Holder.invokeSpecial(java.lang.Object, java.lang.Object, java.lang.Object, java.lang.Object, java.lang.Object, java.lang.Object, int, java.lang.Object)'> (0x000000070cc542f8) 
thrown [s\src\hotspot\share\interpreter\linkResolver.cpp, line 773]
Event: 16.214 Thread 0x000001bfcc0ad420 Exception <a 'java/lang/NoSuchMethodError'{0x000000070cc57e58}: 'java.lang.Object java.lang.invoke.Invokers$Holder.linkToTargetMethod(java.lang.Object, java.lang.Object, java.lang.Object, java.lang.Object, int, java.lang.Object, java.lang.Object)'> (0x000000070cc57e58) 
thrown [s\src\hotspot\share\interpreter\linkResolver.cpp, line 773]
Event: 16.404 Thread 0x000001bfcc0ad420 Exception <a 'java/lang/NoSuchMethodError'{0x000000070c64eb28}: 'java.lang.Object java.lang.invoke.DirectMethodHandle$Holder.invokeStatic(java.lang.Object, int, int)'> (0x000000070c64eb28) 
thrown [s\src\hotspot\share\interpreter\linkResolver.cpp, line 773]
Event: 17.094 Thread 0x000001bfcc0ad420 Exception <a 'java/lang/NoSuchMethodError'{0x000000070fa10ed8}: 'int java.lang.invoke.DirectMethodHandle$Holder.invokeVirtual(java.lang.Object, java.lang.Object, java.lang.Object, java.lang.Object)'> (0x000000070fa10ed8) 
thrown [s\src\hotspot\share\interpreter\linkResolver.cpp, line 773]

ZGC Phase Switch (0 events):
No events

VM Operations (20 events):
Event: 16.130 Executing VM operation: HandshakeAllThreads (Deoptimize)
Event: 16.130 Executing VM operation: HandshakeAllThreads (Deoptimize) done
Event: 16.133 Executing VM operation: HandshakeAllThreads (Deoptimize)
Event: 16.133 Executing VM operation: HandshakeAllThreads (Deoptimize) done
Event: 16.135 Executing VM operation: HandshakeAllThreads (Deoptimize)
Event: 16.135 Executing VM operation: HandshakeAllThreads (Deoptimize) done
Event: 16.183 Executing VM operation: HandshakeAllThreads (Deoptimize)
Event: 16.183 Executing VM operation: HandshakeAllThreads (Deoptimize) done
Event: 16.219 Executing VM operation: HandshakeAllThreads (Deoptimize)
Event: 16.219 Executing VM operation: HandshakeAllThreads (Deoptimize) done
Event: 16.245 Executing VM operation: ICBufferFull
Event: 16.245 Executing VM operation: ICBufferFull done
Event: 16.426 Executing VM operation: ICBufferFull
Event: 16.426 Executing VM operation: ICBufferFull done
Event: 16.513 Executing VM operation: G1CollectForAllocation (G1 Evacuation Pause)
Event: 16.529 Executing VM operation: G1CollectForAllocation (G1 Evacuation Pause) done
Event: 16.810 Executing VM operation: ICBufferFull
Event: 16.810 Executing VM operation: ICBufferFull done
Event: 16.958 Executing VM operation: HandshakeAllThreads (Deoptimize)
Event: 16.958 Executing VM operation: HandshakeAllThreads (Deoptimize) done

Memory protections (0 events):
No events

Nmethod flushes (20 events):
Event: 13.060 Thread 0x000001bfed6c42e0 flushing  nmethod 0x000001bfd7840710
Event: 13.060 Thread 0x000001bfed6c42e0 flushing  nmethod 0x000001bfd7893410
Event: 13.060 Thread 0x000001bfed6c42e0 flushing  nmethod 0x000001bfd7897610
Event: 13.060 Thread 0x000001bfed6c42e0 flushing  nmethod 0x000001bfd7897990
Event: 13.060 Thread 0x000001bfed6c42e0 flushing  nmethod 0x000001bfd78cae90
Event: 13.060 Thread 0x000001bfed6c42e0 flushing  nmethod 0x000001bfd78ce190
Event: 13.060 Thread 0x000001bfed6c42e0 flushing  nmethod 0x000001bfd78cec90
Event: 13.060 Thread 0x000001bfed6c42e0 flushing  nmethod 0x000001bfd78d9590
Event: 13.060 Thread 0x000001bfed6c42e0 flushing  nmethod 0x000001bfd7970b90
Event: 13.060 Thread 0x000001bfed6c42e0 flushing  nmethod 0x000001bfd7975e90
Event: 13.060 Thread 0x000001bfed6c42e0 flushing  nmethod 0x000001bfd7a43d10
Event: 13.060 Thread 0x000001bfed6c42e0 flushing  nmethod 0x000001bfd7ca1e10
Event: 13.060 Thread 0x000001bfed6c42e0 flushing  nmethod 0x000001bfd7ce3e90
Event: 13.060 Thread 0x000001bfed6c42e0 flushing  nmethod 0x000001bfd7ce5e10
Event: 13.060 Thread 0x000001bfed6c42e0 flushing  nmethod 0x000001bfd7d3fa90
Event: 13.060 Thread 0x000001bfed6c42e0 flushing  nmethod 0x000001bfd7d84a90
Event: 13.060 Thread 0x000001bfed6c42e0 flushing  nmethod 0x000001bfd7d87310
Event: 13.060 Thread 0x000001bfed6c42e0 flushing  nmethod 0x000001bfd7d89b90
Event: 13.060 Thread 0x000001bfed6c42e0 flushing  nmethod 0x000001bfd7d91810
Event: 13.060 Thread 0x000001bfed6c42e0 flushing  nmethod 0x000001bfd807d110

Events (15 events):
Event: 0.028 Thread 0x000001bfcc0ad420 Thread added: 0x000001bfcc0ad420
Event: 0.048 Thread 0x000001bfcc0ad420 Thread added: 0x000001bfed6e14f0
Event: 0.048 Thread 0x000001bfcc0ad420 Thread added: 0x000001bfed6e2400
Event: 0.048 Thread 0x000001bfcc0ad420 Thread added: 0x000001bfed6e7460
Event: 0.048 Thread 0x000001bfcc0ad420 Thread added: 0x000001bfed6eaed0
Event: 0.049 Thread 0x000001bfcc0ad420 Thread added: 0x000001bfed6eb920
Event: 0.049 Thread 0x000001bfcc0ad420 Thread added: 0x000001bfed6ec370
Event: 0.049 Thread 0x000001bfcc0ad420 Thread added: 0x000001bfed6ff8d0
Event: 0.049 Thread 0x000001bfcc0ad420 Thread added: 0x000001bfed703f90
Event: 0.069 Thread 0x000001bfcc0ad420 Thread added: 0x000001bfed84aba0
Event: 0.071 Thread 0x000001bfcc0ad420 Thread added: 0x000001bfed8503f0
Event: 0.093 Thread 0x000001bfed6ff8d0 Thread added: 0x000001bfed87c070
Event: 0.093 Thread 0x000001bfed6ff8d0 Thread added: 0x000001bfed87c710
Event: 6.233 Thread 0x000001bfed87c710 Thread exited: 0x000001bfed87c710
Event: 6.262 Thread 0x000001bfed703f90 Thread added: 0x000001bfed87c710


Dynamic libraries:
0x00007ff70faa0000 - 0x00007ff70faae000 	C:\Users\Admin\.jdks\ms-21.0.7\bin\java.exe
0x00007ffedffd0000 - 0x00007ffee01c8000 	C:\WINDOWS\SYSTEM32\ntdll.dll
0x00007ffedf140000 - 0x00007ffedf201000 	C:\WINDOWS\System32\KERNEL32.DLL
0x00007ffedd6f0000 - 0x00007ffedd9e6000 	C:\WINDOWS\System32\KERNELBASE.dll
0x00007ffeddb20000 - 0x00007ffeddc20000 	C:\WINDOWS\System32\ucrtbase.dll
0x00007ffec1a40000 - 0x00007ffec1a5d000 	C:\Users\Admin\.jdks\ms-21.0.7\bin\VCRUNTIME140.dll
0x00007ffec1d10000 - 0x00007ffec1d28000 	C:\Users\Admin\.jdks\ms-21.0.7\bin\jli.dll
0x00007ffedfc30000 - 0x00007ffedfdcf000 	C:\WINDOWS\System32\USER32.dll
0x00007ffec4600000 - 0x00007ffec489a000 	C:\WINDOWS\WinSxS\amd64_microsoft.windows.common-controls_6595b64144ccf1df_6.0.19041.4355_none_60b8b9eb71f62e16\COMCTL32.dll
0x00007ffeddaf0000 - 0x00007ffeddb12000 	C:\WINDOWS\System32\win32u.dll
0x00007ffedfdd0000 - 0x00007ffedfe6e000 	C:\WINDOWS\System32\msvcrt.dll
0x00007ffedee50000 - 0x00007ffedee7b000 	C:\WINDOWS\System32\GDI32.dll
0x00007ffeddee0000 - 0x00007ffeddff7000 	C:\WINDOWS\System32\gdi32full.dll
0x00007ffedddb0000 - 0x00007ffedde4d000 	C:\WINDOWS\System32\msvcp_win.dll
0x00007ffede6b0000 - 0x00007ffede6df000 	C:\WINDOWS\System32\IMM32.DLL
0x00007ffec4bd0000 - 0x00007ffec4bdc000 	C:\Users\Admin\.jdks\ms-21.0.7\bin\vcruntime140_1.dll
0x00007ffe99690000 - 0x00007ffe9971d000 	C:\Users\Admin\.jdks\ms-21.0.7\bin\msvcp140.dll
0x00007ffe66940000 - 0x00007ffe676d8000 	C:\Users\Admin\.jdks\ms-21.0.7\bin\server\jvm.dll
0x00007ffedf210000 - 0x00007ffedf2c0000 	C:\WINDOWS\System32\ADVAPI32.dll
0x00007ffedf820000 - 0x00007ffedf8c0000 	C:\WINDOWS\System32\sechost.dll
0x00007ffedef60000 - 0x00007ffedf083000 	C:\WINDOWS\System32\RPCRT4.dll
0x00007ffeddd80000 - 0x00007ffeddda7000 	C:\WINDOWS\System32\bcrypt.dll
0x00007ffedf2c0000 - 0x00007ffedf32b000 	C:\WINDOWS\System32\WS2_32.dll
0x00007ffedcba0000 - 0x00007ffedcbeb000 	C:\WINDOWS\SYSTEM32\POWRPROF.dll
0x00007ffed0940000 - 0x00007ffed094a000 	C:\WINDOWS\SYSTEM32\VERSION.dll
0x00007ffecc1a0000 - 0x00007ffecc1c7000 	C:\WINDOWS\SYSTEM32\WINMM.dll
0x00007ffedca70000 - 0x00007ffedca82000 	C:\WINDOWS\SYSTEM32\UMPDC.dll
0x00007ffedbe80000 - 0x00007ffedbe92000 	C:\WINDOWS\SYSTEM32\kernel.appcore.dll
0x00007ffec45a0000 - 0x00007ffec45aa000 	C:\Users\Admin\.jdks\ms-21.0.7\bin\jimage.dll
0x00007ffedbb90000 - 0x00007ffedbd74000 	C:\WINDOWS\SYSTEM32\DBGHELP.DLL
0x00007ffec2eb0000 - 0x00007ffec2ee4000 	C:\WINDOWS\SYSTEM32\dbgcore.DLL
0x00007ffedde50000 - 0x00007ffedded2000 	C:\WINDOWS\System32\bcryptPrimitives.dll
0x00007ffebbd90000 - 0x00007ffebbdb0000 	C:\Users\Admin\.jdks\ms-21.0.7\bin\java.dll
0x00007ffede6e0000 - 0x00007ffedee4c000 	C:\WINDOWS\System32\SHELL32.dll
0x00007ffedb330000 - 0x00007ffedbace000 	C:\WINDOWS\SYSTEM32\windows.storage.dll
0x00007ffede1e0000 - 0x00007ffede533000 	C:\WINDOWS\System32\combase.dll
0x00007ffedd0a0000 - 0x00007ffedd0ce000 	C:\WINDOWS\SYSTEM32\Wldp.dll
0x00007ffede550000 - 0x00007ffede61d000 	C:\WINDOWS\System32\OLEAUT32.dll
0x00007ffedf090000 - 0x00007ffedf13d000 	C:\WINDOWS\System32\SHCORE.dll
0x00007ffedfa90000 - 0x00007ffedfae5000 	C:\WINDOWS\System32\shlwapi.dll
0x00007ffedd5b0000 - 0x00007ffedd5d4000 	C:\WINDOWS\SYSTEM32\profapi.dll
0x00007ffe995b0000 - 0x00007ffe99686000 	C:\Users\Admin\.jdks\ms-21.0.7\bin\jsvml.dll
0x00007ffebc050000 - 0x00007ffebc060000 	C:\Users\Admin\.jdks\ms-21.0.7\bin\net.dll
0x00007ffed1460000 - 0x00007ffed156a000 	C:\WINDOWS\SYSTEM32\WINHTTP.dll
0x00007ffedce00000 - 0x00007ffedce6a000 	C:\WINDOWS\system32\mswsock.dll
0x00007ffeaea60000 - 0x00007ffeaea76000 	C:\Users\Admin\.jdks\ms-21.0.7\bin\nio.dll
0x00007ffeb2730000 - 0x00007ffeb2748000 	C:\Users\Admin\.jdks\ms-21.0.7\bin\zip.dll
0x00007ffeba3a0000 - 0x00007ffeba3aa000 	C:\Users\Admin\.jdks\ms-21.0.7\bin\management.dll
0x00007ffeb8be0000 - 0x00007ffeb8beb000 	C:\Users\Admin\.jdks\ms-21.0.7\bin\management_ext.dll
0x00007ffede540000 - 0x00007ffede548000 	C:\WINDOWS\System32\PSAPI.DLL
0x00007ffebb8f0000 - 0x00007ffebb900000 	C:\Users\Admin\.jdks\ms-21.0.7\bin\verify.dll

dbghelp: loaded successfully - version: 4.0.5 - missing functions: none
symbol engine: initialized successfully - sym options: 0x614 - pdb path: .;C:\Users\Admin\.jdks\ms-21.0.7\bin;C:\WINDOWS\SYSTEM32;C:\WINDOWS\WinSxS\amd64_microsoft.windows.common-controls_6595b64144ccf1df_6.0.19041.4355_none_60b8b9eb71f62e16;C:\Users\Admin\.jdks\ms-21.0.7\bin\server

VM Arguments:
java_command: org.jetbrains.kotlin.cli.jvm.K2JVMCompiler @D:\Workspace\HaDV\DoVietHa_BT\app\build\20250810_32141546198031362.compiler.options
java_class_path (initial): D:\.jdks\corretto-21.0.4\caches\modules-2\files-2.1\org.jetbrains.kotlin\kotlin-compiler-embeddable\2.2.0\8cfa2b049a4006d94474296df4abd9b50f288821\kotlin-compiler-embeddable-2.2.0.jar;D:\.jdks\corretto-21.0.4\caches\modules-2\files-2.1\org.jetbrains.kotlin\kotlin-stdlib\2.2.0\fdfc65fbc42fda253a26f61dac3c0aca335fae96\kotlin-stdlib-2.2.0.jar;D:\.jdks\corretto-21.0.4\caches\modules-2\files-2.1\org.jetbrains.kotlin\kotlin-script-runtime\2.2.0\87c92e866fcd68680966a3005a2992e1ab8ec6ad\kotlin-script-runtime-2.2.0.jar;D:\.jdks\corretto-21.0.4\caches\modules-2\files-2.1\org.jetbrains.kotlin\kotlin-reflect\1.6.10\1cbe9c92c12a94eea200d23c2bbaedaf3daf5132\kotlin-reflect-1.6.10.jar;D:\.jdks\corretto-21.0.4\caches\modules-2\files-2.1\org.jetbrains.kotlin\kotlin-daemon-embeddable\2.2.0\58d92195dcdb0e33a63d3ae0eaa7efe42851e735\kotlin-daemon-embeddable-2.2.0.jar;D:\.jdks\corretto-21.0.4\caches\modules-2\files-2.1\org.jetbrains.kotlinx\kotlinx-coroutines-core-jvm\1.8.0\ac1dc37a30a93150b704022f8d895ee1bd3a36b3\kotlinx-coroutines-core-jvm-1.8.0.jar;D:\.jdks\corretto-21.0.4\caches\modules-2\files-2.1\org.jetbrains\annotations\13.0\919f0dfe192fb4e063e7dacadee7f8bb9a2672a9\annotations-13.0.jar
Launcher Type: SUN_STANDARD

[Global flags]
     intx CICompilerCount                          = 4                                         {product} {ergonomic}
     uint ConcGCThreads                            = 2                                         {product} {ergonomic}
     uint G1ConcRefinementThreads                  = 8                                         {product} {ergonomic}
   size_t G1HeapRegionSize                         = 2097152                                   {product} {ergonomic}
    uintx GCDrainStackTargetSize                   = 64                                        {product} {ergonomic}
   size_t InitialHeapSize                          = 266338304                                 {product} {ergonomic}
   size_t MarkStackSize                            = 4194304                                   {product} {ergonomic}
   size_t MaxHeapSize                              = 4259315712                                {product} {ergonomic}
   size_t MaxNewSize                               = 2554331136                                {product} {ergonomic}
   size_t MinHeapDeltaBytes                        = 2097152                                   {product} {ergonomic}
   size_t MinHeapSize                              = 8388608                                   {product} {ergonomic}
    uintx NonNMethodCodeHeapSize                   = 5839372                                {pd product} {ergonomic}
    uintx NonProfiledCodeHeapSize                  = 122909434                              {pd product} {ergonomic}
    uintx ProfiledCodeHeapSize                     = 122909434                              {pd product} {ergonomic}
    uintx ReservedCodeCacheSize                    = 251658240                              {pd product} {ergonomic}
     bool SegmentedCodeCache                       = true                                      {product} {ergonomic}
   size_t SoftMaxHeapSize                          = 4259315712                             {manageable} {ergonomic}
     bool UseCompressedOops                        = true                           {product lp64_product} {ergonomic}
     bool UseG1GC                                  = true                                      {product} {ergonomic}
     bool UseLargePagesIndividualAllocation        = false                                  {pd product} {ergonomic}

Logging:
Log output configuration:
 #0: stdout all=warning uptime,level,tags foldmultilines=false
 #1: stderr all=off uptime,level,tags foldmultilines=false

Environment Variables:
PATH=C:\Program Files\Common Files\Oracle\Java\javapath;C:\Program Files (x86)\Common Files\Oracle\Java\javapath;C:\WINDOWS\system32;C:\WINDOWS;C:\WINDOWS\System32\Wbem;C:\WINDOWS\System32\WindowsPowerShell\v1.0\;C:\WINDOWS\System32\OpenSSH\;C:\Program Files (x86)\Microsoft SQL Server\160\Tools\Binn\;C:\Program Files\Microsoft SQL Server\160\Tools\Binn\;C:\Program Files\Microsoft SQL Server\Client SDK\ODBC\170\Tools\Binn\;C:\Program Files\Microsoft SQL Server\160\DTS\Binn\;C:\Program Files\NVIDIA Corporation\NVIDIA NvDLISR;C:\Program Files (x86)\NVIDIA Corporation\PhysX\Common;C:\Program Files\Microsoft SQL Server\150\Tools\Binn\;D:\Git\cmd;C:\Users\Admin\AppData\Local\Microsoft\WindowsApps;D:\Microsoft VS Code\bin;D:\IntelliJ IDEA Community Edition 2024.3\bin;
USERNAME=Admin
OS=Windows_NT
PROCESSOR_IDENTIFIER=Intel64 Family 6 Model 142 Stepping 10, GenuineIntel
TMP=C:\Users\Admin\AppData\Local\Temp
TEMP=C:\Users\Admin\AppData\Local\Temp




Periodic native trim disabled

---------------  S Y S T E M  ---------------

OS:
 Windows 10 , 64 bit Build 19041 (10.0.19041.4597)
OS uptime: 1 days 4:33 hours

CPU: total 8 (initial active 8) (4 cores per cpu, 2 threads per core) family 6 model 142 stepping 10 microcode 0xf4, cx8, cmov, fxsr, ht, mmx, 3dnowpref, sse, sse2, sse3, ssse3, sse4.1, sse4.2, popcnt, lzcnt, tsc, tscinvbit, avx, avx2, aes, erms, clmul, bmi1, bmi2, rtm, adx, fma, vzeroupper, clflush, clflushopt, rdtscp, f16c
Processor Information for the first 8 processors :
  Max Mhz: 2112, Current Mhz: 1910, Mhz Limit: 1900

Memory: 4k page, system-wide physical 16242M (516M free)
TotalPageFile size 24680M (AvailPageFile size 5M)
current process WorkingSet (physical memory assigned to process): 521M, peak: 521M
current process commit charge ("private bytes"): 546M, peak: 548M

vm_info: OpenJDK 64-Bit Server VM (21.0.7+6-LTS) for windows-amd64 JRE (21.0.7+6-LTS), built on 2025-04-09T22:17:25Z by "MicrosoftCorporation" with unknown MS VC++:1939

END.
